INFO:root:[[52853, 0, 2, 0, 184, 160, 160, 160, 92.0, 96.16652224137046, 0, 24, 0.0, 0.0, 0.0, 0.0, 0.0, 0.0, 0, 0, 0, 0.0, 0.0, 0, 0, 0, 0.0, 0.0, 0, 0, 0, 0, 0, 0, 16, 0, 0.0, 0.0, 24, 160, 92.0, 96.16652224137046, 9248.0, 0, 0, 0, 0, 0, 0, 0, 0, 0, 100.0, 92.0, 0.0, 16, 0, 46, 0, 0, 0, 0, 2, 184, 0, 160, 0, -1, 3, 8, 0.0, 0.0, 0, 0, 0.0, 0.0, 0, 0]]
INFO:root:BENIGN
INFO:root:[[52853, 5268, 2, 1, 184, 33, 160, 160, 92.0, 96.16652224137046, 33, 33, 33.0, 0.0, 41191.345401882696, 569.465604634323, 2634.0484619140625, 3725.107058786858, 5268, 0, 0, 0.0, 0.0, 0, 0, 0, 0.0, 0.0, 0, 0, 0, 0, 0, 0, 16, 8, 379.64373642288194, 189.82186821144097, 24, 160, 72.33333333333333, 76.05480480109941, 5784.333333333333, 0, 0, 0, 0, 0, 0, 0, 0, 5, 80.33333333333333, 92.0, 33.0, 16, 0, 46, 17464, 1, 33, 6264, 2, 184, 1, 33, 0, 0, 5, 8, 0.0, 0.0, 0, 0, 0.0, 0.0, 0, 0]]
INFO:root:BENIGN
INFO:root:[[443, 236, 2, 0, 2500, 1250, 1250, 1250, 1250.0, 0.0, 0, 1250, 0.0, 0.0, 10591676.767676767, 8473.341414141414, 236.03439331054688, 0.0, 236, 236, 236, 236.03439331054688, 0.0, 236, 236, 0, 0.0, 0.0, 0, 0, 0, 0, 0, 0, 16, 0, 8473.341414141414, 0.0, 1250, 1250, 1250.0, 0.0, 0.0, 0, 0, 0, 0, 0, 0, 0, 0, 0, 1258.0, 1250.0, 0.0, 16, 0, 625, 5295838, 0, 0, 0, 2, 2500, 0, 1250, 0, -1, 3, 8, 0.0, 0.0, 0, 0, 0.0, 0.0, 0, 0]]
INFO:root:BENIGN
INFO:root:[[443, 45098, 3, 0, 3750, 1250, 1250, 1250, 1250.0, 0.0, 0, 1250, 0.0, 0.0, 83152.12391953688, 66.5216991356295, 22549.033164978027, 31555.34548010636, 44862, 236, 45098, 22549.033164978027, 31555.34548010636, 44862, 236, 0, 0.0, 0.0, 0, 0, 0, 0, 0, 0, 24, 0, 66.5216991356295, 0.0, 1250, 1250, 1250.0, 0.0, 0.0, 0, 0, 0, 0, 0, 0, 0, 0, 0, 1258.0, 1250.0, 0.0, 24, 0, 417, 27717, 0, 0, 0, 3, 3750, 0, 1250, 0, -1, 6, 8, 0.0, 0.0, 0, 0, 0.0, 0.0, 0, 0]]
INFO:root:BENIGN
INFO:root:[[55680, 0, 2, 0, 2824, 1412, 1412, 1412, 1412.0, 0.0, 0, 1412, 0.0, 0.0, 0.0, 0.0, 0.0, 0.0, 0, 0, 0, 0.0, 0.0, 0, 0, 0, 0.0, 0.0, 0, 0, 0, 0, 0, 0, 40, 0, 0.0, 0.0, 1412, 1412, 1412.0, 0.0, 0.0, 0, 0, 0, 0, 1, 0, 0, 0, 0, 1432.0, 1412.0, 0.0, 40, 0, 706, 0, 0, 0, 0, 2, 2824, 0, 1412, 16384, -1, 3, 20, 0.0, 0.0, 0, 0, 0.0, 0.0, 0, 0]]
INFO:root:BENIGN
INFO:root:[[55680, 0, 3, 0, 4236, 1412, 1412, 1412, 1412.0, 0.0, 0, 1412, 0.0, 0.0, 0.0, 0.0, 0.0, 0.0, 0, 0, 0, 0.0, 0.0, 0, 0, 0, 0.0, 0.0, 0, 0, 0, 0, 0, 0, 60, 0, 0.0, 0.0, 1412, 1412, 1412.0, 0.0, 0.0, 0, 0, 0, 0, 1, 0, 0, 0, 0, 1432.0, 1412.0, 0.0, 60, 0, 471, 0, 0, 0, 0, 3, 4236, 0, 1412, 16384, -1, 6, 20, 0.0, 0.0, 0, 0, 0.0, 0.0, 0, 0]]
INFO:root:BENIGN
INFO:root:[[55680, 0, 4, 0, 5648, 1412, 1412, 1412, 1412.0, 0.0, 0, 1412, 0.0, 0.0, 0.0, 0.0, 0.0, 0.0, 0, 0, 0, 0.0, 0.0, 0, 0, 0, 0.0, 0.0, 0, 0, 0, 0, 0, 0, 80, 0, 0.0, 0.0, 1412, 1412, 1412.0, 0.0, 0.0, 0, 0, 0, 0, 1, 0, 0, 0, 0, 1432.0, 1412.0, 0.0, 80, 0, 353, 0, 0, 0, 0, 4, 5648, 0, 1412, 16384, -1, 10, 20, 0.0, 0.0, 0, 0, 0.0, 0.0, 0, 0]]
INFO:root:BENIGN
INFO:root:[[55680, 0, 5, 0, 6408, 1412, 1412, 1412, 1281.6, 291.58326426597256, 0, 760, 0.0, 0.0, 0.0, 0.0, 0.0, 0.0, 0, 0, 0, 0.0, 0.0, 0, 0, 0, 0.0, 0.0, 0, 0, 1, 0, 1, 0, 100, 0, 0.0, 0.0, 760, 1412, 1281.6, 291.58326426597256, 85020.8, 0, 0, 0, 1, 1, 0, 0, 0, 0, 1301.6, 1281.6, 0.0, 100, 0, 256, 0, 0, 0, 0, 5, 6408, 0, 1412, 16384, -1, 15, 20, 0.0, 0.0, 0, 0, 0.0, 0.0, 0, 0]]
INFO:root:BENIGN
INFO:root:[[55679, 0, 2, 0, 103, 0, 103, 0, 51.5, 72.8319984622144, 0, 0, 0.0, 0.0, 0.0, 0.0, 0.0, 0.0, 0, 0, 0, 0.0, 0.0, 0, 0, 0, 0.0, 0.0, 0, 0, 1, 0, 1, 0, 40, 0, 0.0, 0.0, 0, 103, 51.5, 72.8319984622144, 5304.5, 0, 0, 0, 1, 1, 0, 0, 0, 0, 71.5, 51.5, 0.0, 40, 0, 26, 0, 0, 0, 0, 2, 103, 0, 0, 16383, -1, 2, 20, 0.0, 0.0, 0, 0, 0.0, 0.0, 0, 0]]
INFO:root:BENIGN
INFO:root:[[55679, 0, 3, 0, 165, 0, 103, 0, 55.0, 51.85556864985669, 0, 0, 0.0, 0.0, 0.0, 0.0, 0.0, 0.0, 0, 0, 0, 0.0, 0.0, 0, 0, 0, 0.0, 0.0, 0, 0, 1, 0, 1, 0, 60, 0, 0.0, 0.0, 0, 103, 55.0, 51.85556864985669, 2689.0, 0, 0, 0, 1, 1, 0, 0, 0, 0, 75.0, 55.0, 0.0, 60, 0, 18, 0, 0, 0, 0, 3, 165, 0, 0, 16383, -1, 4, 20, 0.0, 0.0, 0, 0, 0.0, 0.0, 0, 0]]
INFO:root:BENIGN
INFO:root:[[55679, 0, 4, 0, 196, 0, 103, 0, 49.0, 44.00757510550504, 0, 0, 0.0, 0.0, 0.0, 0.0, 0.0, 0.0, 0, 0, 0, 0.0, 0.0, 0, 0, 0, 0.0, 0.0, 0, 0, 1, 0, 1, 0, 80, 0, 0.0, 0.0, 0, 103, 49.0, 44.00757510550504, 1936.6666666666667, 0, 0, 0, 1, 1, 0, 0, 0, 0, 69.0, 49.0, 0.0, 80, 0, 12, 0, 0, 0, 0, 4, 196, 0, 0, 16383, -1, 7, 20, 0.0, 0.0, 0, 0, 0.0, 0.0, 0, 0]]
INFO:root:BENIGN
INFO:root:[[55679, 0, 5, 0, 196, 0, 103, 0, 39.2, 43.962484006252424, 0, 0, 0.0, 0.0, 0.0, 0.0, 0.0, 0.0, 0, 0, 0, 0.0, 0.0, 0, 0, 0, 0.0, 0.0, 0, 0, 1, 0, 1, 0, 100, 0, 0.0, 0.0, 0, 103, 39.2, 43.962484006252424, 1932.7, 0, 0, 0, 1, 1, 0, 0, 0, 0, 59.2, 39.2, 0.0, 100, 0, 8, 0, 0, 0, 0, 5, 196, 0, 0, 16383, -1, 10, 20, 0.0, 0.0, 0, 0, 0.0, 0.0, 0, 0]]
INFO:root:BENIGN
INFO:root:[[55679, 0, 6, 0, 196, 0, 103, 0, 32.666666666666664, 42.4531113897046, 0, 0, 0.0, 0.0, 0.0, 0.0, 0.0, 0.0, 0, 0, 0, 0.0, 0.0, 0, 0, 0, 0.0, 0.0, 0, 0, 1, 0, 1, 0, 120, 0, 0.0, 0.0, 0, 103, 32.666666666666664, 42.4531113897046, 1802.2666666666667, 0, 0, 0, 1, 1, 0, 0, 0, 0, 52.666666666666664, 32.666666666666664, 0.0, 120, 0, 5, 0, 0, 0, 0, 6, 196, 0, 0, 16383, -1, 13, 20, 0.0, 0.0, 0, 0, 0.0, 0.0, 0, 0]]
INFO:root:BENIGN
INFO:root:[[55679, 0, 7, 0, 196, 0, 103, 0, 28.0, 40.67349669420289, 0, 0, 0.0, 0.0, 0.0, 0.0, 0.0, 0.0, 0, 0, 0, 0.0, 0.0, 0, 0, 0, 0.0, 0.0, 0, 0, 1, 0, 1, 0, 140, 0, 0.0, 0.0, 0, 103, 28.0, 40.67349669420289, 1654.3333333333333, 0, 0, 0, 1, 1, 0, 0, 0, 0, 48.0, 28.0, 0.0, 140, 0, 4, 0, 0, 0, 0, 7, 196, 0, 0, 16383, -1, 16, 20, 0.0, 0.0, 0, 0, 0.0, 0.0, 0, 0]]
INFO:root:BENIGN
INFO:root:[[55679, 0, 8, 0, 196, 0, 103, 0, 24.5, 38.93584466786357, 0, 0, 0.0, 0.0, 0.0, 0.0, 0.0, 0.0, 0, 0, 0, 0.0, 0.0, 0, 0, 0, 0.0, 0.0, 0, 0, 1, 0, 1, 0, 160, 0, 0.0, 0.0, 0, 103, 24.5, 38.93584466786357, 1516.0, 0, 0, 0, 1, 1, 0, 0, 0, 0, 44.5, 24.5, 0.0, 160, 0, 3, 0, 0, 0, 0, 8, 196, 0, 0, 16383, -1, 19, 20, 0.0, 0.0, 0, 0, 0.0, 0.0, 0, 0]]
INFO:root:BENIGN
INFO:root:[[55679, 0, 9, 0, 196, 0, 103, 0, 21.77777777777778, 37.3255200157271, 0, 0, 0.0, 0.0, 0.0, 0.0, 0.0, 0.0, 0, 0, 0, 0.0, 0.0, 0, 0, 0, 0.0, 0.0, 0, 0, 1, 0, 1, 0, 180, 0, 0.0, 0.0, 0, 103, 21.77777777777778, 37.3255200157271, 1393.1944444444443, 0, 0, 0, 1, 1, 0, 0, 0, 0, 41.77777777777778, 21.77777777777778, 0.0, 180, 0, 2, 0, 0, 0, 0, 9, 196, 0, 0, 16383, -1, 22, 20, 0.0, 0.0, 0, 0, 0.0, 0.0, 0, 0]]
INFO:root:BENIGN
INFO:root:[[55679, 0, 10, 0, 196, 0, 103, 0, 19.6, 35.8583633511378, 0, 0, 0.0, 0.0, 0.0, 0.0, 0.0, 0.0, 0, 0, 0, 0.0, 0.0, 0, 0, 0, 0.0, 0.0, 0, 0, 1, 0, 1, 0, 200, 0, 0.0, 0.0, 0, 103, 19.6, 35.8583633511378, 1285.8222222222223, 0, 0, 0, 1, 1, 0, 0, 0, 0, 39.6, 19.6, 0.0, 200, 0, 2, 0, 0, 0, 0, 10, 196, 0, 0, 16383, -1, 25, 20, 0.0, 0.0, 0, 0, 0.0, 0.0, 0, 0]]
INFO:root:BENIGN
INFO:root:[[55679, 0, 11, 0, 196, 0, 103, 0, 17.818181818181817, 34.52772272194673, 0, 0, 0.0, 0.0, 0.0, 0.0, 0.0, 0.0, 0, 0, 0, 0.0, 0.0, 0, 0, 0, 0.0, 0.0, 0, 0, 1, 0, 1, 0, 220, 0, 0.0, 0.0, 0, 103, 17.818181818181817, 34.52772272194673, 1192.1636363636364, 0, 0, 0, 1, 1, 0, 0, 0, 0, 37.81818181818182, 17.818181818181817, 0.0, 220, 0, 2, 0, 0, 0, 0, 11, 196, 0, 0, 16383, -1, 28, 20, 0.0, 0.0, 0, 0, 0.0, 0.0, 0, 0]]
INFO:root:BENIGN
INFO:root:[[443, 71943, 3, 1, 3750, 40, 1250, 1250, 1250.0, 0.0, 40, 40, 40.0, 0.0, 52680.5616551395, 55.59953736690185, 23981.014887491863, 22450.426034827837, 44862, 236, 45098, 22549.033164978027, 31555.34548010636, 44862, 236, 0, 0.0, 0.0, 0, 0, 0, 0, 0, 0, 24, 8, 41.69965302517639, 13.899884341725462, 40, 1250, 947.5, 605.0, 366025.0, 0, 0, 0, 0, 0, 0, 0, 0, 79, 955.5, 1250.0, 40.0, 24, 0, 417, 17375, 1, 40, 556, 3, 3750, 1, 40, 0, 0, 9, 8, 0.0, 0.0, 0, 0, 0.0, 0.0, 0, 0]]
INFO:root:BENIGN
INFO:root:[[443, 71943, 3, 2, 3750, 1290, 1250, 1250, 1250.0, 0.0, 1250, 40, 645.0, 855.5992052357225, 70055.41708229634, 69.49942170862731, 17985.761165618896, 21904.033605450622, 44862, 0, 45098, 22549.033164978027, 31555.34548010636, 44862, 236, 0, 0.0, 0.0, 0, 0, 0, 0, 0, 0, 24, 16, 41.69965302517639, 27.799768683450925, 40, 1250, 1008.0, 541.1284505549492, 292820.0, 0, 0, 0, 0, 0, 0, 0, 0, 3, 1016.0, 1250.0, 645.0, 24, 0, 417, 17375, 0, 322, 8965, 3, 3750, 2, 1290, 0, 0, 12, 8, 0.0, 0.0, 0, 0, 0.0, 0.0, 0, 0]]
INFO:root:BENIGN
INFO:root:[[443, 71943, 3, 3, 3750, 2540, 1250, 1250, 1250.0, 0.0, 1250, 40, 846.6666666666666, 698.5938257194472, 87430.27250945316, 83.39930605035278, 14388.608932495117, 20604.308701892176, 44862, 0, 45098, 22549.033164978027, 31555.34548010636, 44862, 236, 0, 0.0, 0.0, 0, 0, 0, 0, 0, 0, 24, 24, 41.69965302517639, 41.69965302517639, 40, 1250, 1048.3333333333333, 493.98043146127424, 244016.66666666666, 0, 0, 0, 0, 0, 0, 0, 0, 1, 1056.3333333333333, 1250.0, 846.6666666666666, 24, 0, 417, 17375, 0, 282, 11769, 3, 3750, 3, 2540, 0, 0, 15, 8, 0.0, 0.0, 0, 0, 0.0, 0.0, 0, 0]]
INFO:root:BENIGN
INFO:root:[[443, 71943, 3, 4, 3750, 3790, 1250, 1250, 1250.0, 0.0, 1250, 40, 947.5, 605.0, 104805.12793660999, 97.29919039207823, 11990.507443745932, 19342.579304951603, 44862, 0, 45098, 22549.033164978027, 31555.34548010636, 44862, 236, 0, 0.0, 0.0, 0, 0, 0, 0, 0, 0, 24, 32, 41.69965302517639, 55.59953736690185, 40, 1250, 1077.142857142857, 457.33701234116495, 209157.14285714287, 0, 0, 0, 0, 0, 0, 0, 0, 1, 1085.142857142857, 1250.0, 947.5, 24, 0, 417, 17375, 0, 237, 13170, 3, 3750, 4, 3790, 0, 0, 18, 8, 0.0, 0.0, 0, 0, 0.0, 0.0, 0, 0]]
INFO:root:BENIGN
INFO:root:[[443, 45404, 1, 1, 0, 0, 0, 0, 0.0, 0.0, 0, 0, 0.0, 0.0, 0.0, 44.04902382927777, 45403.95736694336, 0.0, 45404, 45404, 0, 0.0, 0.0, 0, 0, 0, 0.0, 0.0, 0, 0, 0, 0, 0, 0, 32, 32, 22.024511914638886, 22.024511914638886, 0, 0, 0.0, 0.0, 0.0, 0, 1, 0, 0, 1, 0, 0, 0, 1, 32.0, 0.0, 0.0, 32, 0, 0, 0, 0, 0, 0, 1, 0, 1, 0, 64240, 65535, 1, 32, 0.0, 0.0, 0, 0, 0.0, 0.0, 0, 0]]
INFO:root:BENIGN
INFO:root:[[55680, 307, 5, 1, 6408, 0, 1412, 1412, 1281.6, 291.58326426597256, 0, 0, 0.0, 0.0, 20883527.60839161, 19553.864801864802, 61.36894226074219, 137.22512660227915, 307, 0, 0, 0.0, 0.0, 0, 0, 0, 0.0, 0.0, 0, 0, 1, 0, 1, 0, 100, 20, 16294.887334887335, 3258.977466977467, 0, 1412, 1068.0, 584.6079027861324, 341766.4, 0, 0, 0, 1, 1, 0, 0, 0, 325, 1088.0, 1281.6, 0.0, 100, 0, 256, 4176706, 0, 0, 0, 5, 6408, 1, 0, 16384, 512, 20, 20, 0.0, 0.0, 0, 0, 0.0, 0.0, 0, 0]]
INFO:root:BENIGN
INFO:root:[[55679, 408, 11, 1, 196, 0, 103, 0, 17.818181818181817, 34.52772272194673, 0, 0, 0.0, 0.0, 480469.65751022793, 29416.509643483343, 37.084926258433946, 122.99678577722396, 408, 0, 0, 0.0, 0.0, 0, 0, 0, 0.0, 0.0, 0, 0, 1, 0, 1, 0, 220, 20, 26965.133839859733, 2451.375803623612, 0, 103, 16.333333333333332, 33.320300482475005, 1110.2424242424242, 0, 0, 0, 1, 1, 0, 0, 0, 21, 36.333333333333336, 17.818181818181817, 0.0, 220, 0, 2, 43679, 0, 0, 0, 11, 196, 1, 0, 16383, 512, 31, 20, 0.0, 0.0, 0, 0, 0.0, 0.0, 0, 0]]
INFO:root:BENIGN
INFO:root:[[443, 46044, 2, 1, 0, 0, 0, 0, 0.0, 0.0, 0, 0, 0.0, 0.0, 0.0, 65.1552490135769, 23021.936416625977, 31652.957581257593, 45404, 640, 46044, 46043.87283325195, 0.0, 46044, 46044, 0, 0.0, 0.0, 0, 0, 0, 0, 0, 0, 52, 32, 43.43683267571794, 21.71841633785897, 0, 0, 0.0, 0.0, 0.0, 0, 1, 0, 0, 1, 0, 0, 0, 2, 28.0, 0.0, 0.0, 52, 0, 0, 0, 0, 0, 0, 2, 0, 1, 0, 64240, 65535, 1, 20, 0.0, 0.0, 0, 0, 0.0, 0.0, 0, 0]]
INFO:root:BENIGN
INFO:root:[[443, 72677, 3, 5, 3750, 5040, 1250, 1250, 1250.0, 0.0, 1250, 40, 1008.0, 541.1284505549492, 120946.27532157373, 110.07624602646074, 10382.413864135742, 18162.632881801663, 44862, 0, 45098, 22549.033164978027, 31555.34548010636, 44862, 236, 734, 183.46309661865234, 366.9261932373047, 734, 0, 0, 0, 0, 0, 24, 40, 41.278592259922775, 68.79765376653796, 40, 1250, 1098.75, 427.79960261786124, 183012.5, 0, 0, 0, 0, 0, 0, 0, 0, 1, 1106.75, 1250.0, 1008.0, 24, 0, 417, 17199, 0, 202, 13870, 3, 3750, 5, 5040, 0, 0, 21, 8, 0.0, 0.0, 0, 0, 0.0, 0.0, 0, 0]]
INFO:root:BENIGN
INFO:root:[[443, 72677, 3, 6, 3750, 6290, 1250, 1250, 1250.0, 0.0, 1250, 40, 1048.3333333333333, 493.98043146127424, 138145.68876320822, 123.83577677976832, 9084.612131118774, 17211.323524001953, 44862, 0, 45098, 22549.033164978027, 31555.34548010636, 44862, 236, 734, 146.77047729492188, 328.18876432153473, 734, 0, 0, 0, 0, 0, 24, 48, 41.278592259922775, 82.55718451984555, 40, 1250, 1115.5555555555557, 403.3333333333333, 162677.77777777778, 0, 0, 0, 0, 0, 0, 0, 0, 1, 1123.5555555555557, 1250.0, 1048.3333333333333, 24, 0, 417, 17199, 0, 175, 14425, 3, 3750, 6, 6290, 0, 0, 24, 8, 0.0, 0.0, 0, 0, 0.0, 0.0, 0, 0]]
INFO:root:BENIGN
INFO:root:[[443, 73165, 4, 6, 5000, 6290, 1250, 1250, 1250.0, 0.0, 1250, 1250, 1048.3333333333333, 493.98043146127424, 154308.88098124324, 136.6774853686831, 8129.437764485677, 16352.742060674002, 44862, 0, 73165, 24388.31329345703, 22539.27169092843, 44862, 236, 734, 146.77047729492188, 328.18876432153473, 734, 0, 0, 0, 0, 0, 32, 48, 54.670994147473245, 82.00649122120987, 40, 1250, 1129.0, 382.6355968803739, 146410.0, 0, 0, 0, 0, 0, 0, 0, 0, 1, 1137.0, 1250.0, 1048.3333333333333, 32, 0, 312, 17085, 0, 175, 14328, 4, 5000, 6, 6290, 0, 0, 28, 8, 0.0, 0.0, 0, 0, 0.0, 0.0, 0, 0]]
INFO:root:BENIGN
INFO:root:[[443, 73330, 5, 6, 6250, 6290, 1250, 1250, 1250.0, 0.0, 1250, 1250, 1048.3333333333333, 493.98043146127424, 171007.9467304791, 150.00697081620976, 7332.9925537109375, 15621.874374885843, 44862, 0, 73330, 18332.481384277344, 22031.15020496995, 44862, 165, 734, 146.77047729492188, 328.18876432153473, 734, 0, 0, 0, 0, 0, 40, 48, 68.1849867346408, 81.82198408156896, 40, 1250, 1140.0, 364.828726939094, 133100.0, 0, 0, 0, 0, 0, 0, 0, 0, 1, 1148.0, 1250.0, 1048.3333333333333, 40, 0, 250, 17046, 0, 175, 14296, 5, 6250, 6, 6290, 0, 0, 33, 8, 0.0, 0.0, 0, 0, 0.0, 0.0, 0, 0]]
INFO:root:BENIGN
INFO:root:[[443, 73440, 6, 6, 7500, 6290, 1250, 1250, 1250.0, 0.0, 1250, 1250, 1048.3333333333333, 493.98043146127424, 187772.13959679252, 163.39852611758596, 6676.370447332209, 14979.363857743796, 44862, 0, 73440, 14688.01498413086, 20747.03258840753, 44862, 110, 734, 146.77047729492188, 328.18876432153473, 734, 0, 0, 0, 0, 0, 48, 48, 81.69926305879298, 81.69926305879298, 40, 1250, 1149.1666666666667, 349.2969128597236, 122008.33333333333, 0, 0, 0, 0, 0, 0, 0, 0, 1, 1157.1666666666667, 1250.0, 1048.3333333333333, 48, 0, 208, 17021, 0, 175, 14275, 6, 7500, 6, 6290, 0, 0, 39, 8, 0.0, 0.0, 0, 0, 0.0, 0.0, 0, 0]]
INFO:root:BENIGN
INFO:root:[[55680, 1706, 5, 2, 6408, 74, 1412, 1412, 1281.6, 291.58326426597256, 74, 0, 37.0, 52.32590180780452, 3799787.355415793, 4103.442068483578, 284.3141555786133, 559.7249298940645, 1399, 0, 0, 0.0, 0.0, 0, 0, 1399, 1399.0402221679688, 0.0, 1399, 1399, 1, 1, 1, 1, 100, 40, 2931.030048916841, 1172.4120195667365, 0, 1412, 926.0, 652.6510042383551, 425953.3333333333, 0, 0, 0, 1, 1, 0, 0, 0, 57, 946.0, 1281.6, 37.0, 100, 0, 256, 751282, 0, 18, 21690, 5, 6408, 2, 74, 16384, 512, 25, 20, 0.0, 0.0, 0, 0, 0.0, 0.0, 0, 0]]
INFO:root:BENIGN
INFO:root:[[55679, 1968, 11, 2, 196, 31, 103, 0, 17.818181818181817, 34.52772272194673, 31, 0, 15.5, 21.920310216782973, 115350.9823116065, 6606.003392294645, 163.99224599202475, 454.99289135051436, 1560, 0, 0, 0.0, 0.0, 0, 0, 1560, 1559.9727630615234, 0.0, 1560, 1560, 1, 1, 1, 1, 220, 40, 5589.695178095469, 1016.3082141991762, 0, 103, 17.46153846153846, 32.16005644847706, 1034.2692307692307, 0, 0, 0, 1, 1, 0, 0, 0, 6, 37.46153846153846, 17.818181818181817, 15.5, 220, 0, 2, 9054, 0, 8, 7876, 11, 196, 2, 31, 16383, 512, 34, 20, 0.0, 0.0, 0, 0, 0.0, 0.0, 0, 0]]
INFO:root:BENIGN
INFO:root:[[443, 47436, 3, 1, 1412, 0, 1412, 0, 470.6666666666667, 815.2185800957516, 0, 0, 0.0, 0.0, 29766.422806479663, 84.32414392770443, 15811.999638875326, 25630.146836058713, 45404, 640, 47436, 23717.99945831299, 31573.552918663067, 46044, 1392, 0, 0.0, 0.0, 0, 0, 0, 0, 0, 0, 72, 32, 63.24310794577832, 21.081035981926107, 0, 1412, 353.0, 706.0, 498436.0, 0, 1, 0, 0, 1, 0, 0, 0, 46, 379.0, 470.6666666666667, 0.0, 72, 0, 157, 9922, 0, 0, 0, 3, 1412, 1, 0, 64240, 65535, 2, 20, 0.0, 0.0, 0, 0, 0.0, 0.0, 0, 0]]
INFO:root:BENIGN
INFO:root:[[443, 47436, 4, 1, 1837, 0, 1412, 0, 459.25, 666.0147020399274, 0, 0, 0.0, 0.0, 38725.863098798254, 105.40517990963053, 11858.999729156494, 22370.541292145095, 45404, 0, 47436, 15811.999638875326, 26190.821319474762, 46044, 0, 0, 0.0, 0.0, 0, 0, 1, 0, 1, 0, 92, 32, 84.32414392770443, 21.081035981926107, 0, 1412, 367.4, 612.2612187620574, 374863.8, 0, 1, 0, 1, 1, 0, 0, 0, 60, 392.2, 459.25, 0.0, 92, 0, 115, 9681, 0, 0, 0, 4, 1837, 1, 0, 64240, 65535, 4, 20, 0.0, 0.0, 0, 0, 0.0, 0.0, 0, 0]]
INFO:root:BENIGN
INFO:root:[[443, 66589, 4, 2, 1837, 0, 1412, 0, 459.25, 666.0147020399274, 0, 0, 0.0, 0.0, 27587.189298731802, 90.10513652280393, 13317.77572631836, 19646.144032027114, 45404, 0, 47436, 15811.999638875326, 26190.821319474762, 46044, 0, 21185, 21184.921264648438, 0.0, 21185, 21185, 1, 0, 1, 0, 92, 52, 60.07009101520262, 30.03504550760131, 0, 1412, 306.1666666666667, 567.7923622827861, 322388.1666666667, 0, 1, 0, 1, 1, 0, 0, 0, 37, 330.1666666666667, 459.25, 0.0, 92, 0, 115, 6897, 0, 0, 0, 4, 1837, 2, 0, 64240, 65535, 6, 20, 0.0, 0.0, 0, 0, 0.0, 0.0, 0, 0]]
INFO:root:BENIGN
INFO:root:[[443, 66589, 4, 3, 1837, 0, 1412, 0, 459.25, 666.0147020399274, 0, 0, 0.0, 0.0, 27587.189298731802, 105.12265927660458, 11098.146438598633, 18393.94751844048, 45404, 0, 47436, 15811.999638875326, 26190.821319474762, 46044, 0, 21185, 10592.460632324219, 14980.001485136, 21185, 0, 1, 0, 1, 0, 92, 72, 60.07009101520262, 45.052568261401966, 0, 1412, 262.42857142857144, 531.0818697535742, 282047.95238095237, 0, 1, 0, 1, 1, 0, 0, 0, 27, 285.85714285714283, 459.25, 0.0, 92, 0, 115, 6897, 0, 0, 0, 4, 1837, 3, 0, 64240, 65535, 8, 20, 0.0, 0.0, 0, 0, 0.0, 0.0, 0, 0]]
INFO:root:BENIGN
INFO:root:[[443, 134571, 6, 7, 7500, 7540, 1250, 1250, 1250.0, 0.0, 1250, 1250, 1077.142857142857, 457.33701234116495, 111762.50134648637, 96.60322589789381, 11214.256286621094, 21238.92493718692, 61131, 0, 73440, 14688.01498413086, 20747.03258840753, 44862, 110, 62628, 10438.005129496256, 25209.9827507287, 61894, 0, 0, 0, 0, 0, 48, 56, 44.58610426056637, 52.017121637327435, 40, 1250, 1156.923076923077, 335.5936187162636, 112623.07692307692, 0, 0, 0, 0, 0, 0, 0, 0, 1, 1164.923076923077, 1250.0, 1077.142857142857, 48, 0, 208, 9289, 0, 154, 8004, 6, 7500, 7, 7540, 0, 0, 45, 8, 0.0, 0.0, 0, 0, 0.0, 0.0, 0, 0]]
INFO:root:BENIGN
INFO:root:[[443, 134571, 6, 8, 7500, 8790, 1250, 1250, 1250.0, 0.0, 1250, 1250, 1098.75, 427.79960261786124, 121051.27306743771, 104.03424327465487, 10351.62118765024, 20571.21166084291, 61131, 0, 73440, 14688.01498413086, 20747.03258840753, 44862, 110, 62628, 8946.861539568219, 23349.173925798386, 61894, 0, 0, 0, 0, 0, 48, 64, 44.58610426056637, 59.4481390140885, 40, 1250, 1163.5714285714287, 323.38610271403354, 104578.57142857143, 0, 0, 0, 0, 0, 0, 0, 0, 1, 1171.5714285714287, 1250.0, 1098.75, 48, 0, 208, 9289, 0, 137, 8165, 6, 7500, 8, 8790, 0, 0, 51, 8, 0.0, 0.0, 0, 0, 0.0, 0.0, 0, 0]]
INFO:root:BENIGN
INFO:root:[[443, 134571, 6, 9, 7500, 10040, 1250, 1250, 1250.0, 0.0, 1250, 1250, 1115.5555555555557, 403.3333333333333, 130340.04478838903, 111.46526065141593, 9612.219674246651, 19956.87474990216, 61131, 0, 73440, 14688.01498413086, 20747.03258840753, 44862, 110, 62628, 7828.503847122192, 21847.340727633775, 61894, 0, 0, 0, 0, 0, 48, 72, 44.58610426056637, 66.87915639084956, 40, 1250, 1169.3333333333333, 312.42065659406495, 97606.66666666667, 0, 0, 0, 0, 0, 0, 0, 0, 1, 1177.3333333333333, 1250.0, 1115.5555555555557, 48, 0, 208, 9289, 0, 124, 8290, 6, 7500, 9, 10040, 0, 0, 57, 8, 0.0, 0.0, 0, 0, 0.0, 0.0, 0, 0]]
INFO:root:BENIGN
INFO:root:[[443, 135365, 7, 9, 7539, 10040, 1250, 1250, 1077.0, 457.7149768141742, 1250, 39, 1115.5555555555557, 403.3333333333333, 129863.69291357999, 118.19893546943966, 9024.333953857422, 19365.24328981576, 61131, 0, 135365, 22560.834884643555, 26762.64650767946, 61925, 110, 62628, 7828.503847122192, 21847.340727633775, 61894, 0, 0, 0, 0, 0, 56, 72, 51.71203426787985, 66.4869012015598, 39, 1250, 1098.6875, 413.4645037162602, 170952.89583333334, 0, 0, 0, 0, 0, 0, 0, 0, 1, 1106.6875, 1077.0, 1115.5555555555557, 56, 0, 154, 7956, 0, 124, 8241, 7, 7539, 9, 10040, 0, 0, 64, 8, 0.0, 0.0, 0, 0, 0.0, 0.0, 0, 0]]
INFO:root:BENIGN
INFO:root:[[443, 137883, 7, 10, 7539, 10719, 1250, 1250, 1077.0, 457.7149768141742, 1250, 39, 1071.9, 404.5498046525847, 132416.66409947383, 123.2929833328434, 8617.684245109558, 18779.180713372443, 61131, 0, 135365, 22560.834884643555, 26762.64650767946, 61925, 110, 65940, 7326.655917697482, 20491.697632433254, 61894, 0, 0, 0, 0, 0, 56, 80, 50.76769901940611, 72.5252843134373, 39, 1250, 1074.0, 413.0730867534219, 170629.375, 0, 0, 0, 0, 0, 0, 0, 0, 1, 1082.0, 1077.0, 1071.9, 56, 0, 154, 7811, 0, 107, 7774, 7, 7539, 10, 10719, 0, 0, 71, 8, 0.0, 0.0, 0, 0, 0.0, 0.0, 0, 0]]
INFO:root:BENIGN
INFO:root:[[443, 139318, 8, 10, 7708, 10719, 1250, 1250, 963.5, 531.6314512893307, 1250, 169, 1071.9, 404.5498046525847, 132265.76184494697, 129.20083102019024, 8195.175844080308, 18266.12310893833, 61131, 0, 139318, 19902.569907052177, 25423.03382597748, 61925, 110, 65940, 7326.655917697482, 20491.697632433254, 61894, 0, 0, 0, 0, 0, 64, 80, 57.42259156452899, 71.77823945566124, 39, 1250, 1023.7222222222222, 453.97548593516075, 206093.74183006535, 0, 0, 0, 0, 0, 0, 0, 0, 1, 1031.7222222222222, 963.5, 1071.9, 64, 0, 120, 6916, 0, 107, 7694, 8, 7708, 10, 10719, 0, 0, 79, 8, 0.0, 0.0, 0, 0, 0.0, 0.0, 0, 0]]
INFO:root:BENIGN
INFO:root:[[443, 139854, 9, 10, 8228, 10719, 1250, 1250, 914.2222222222222, 518.804100257934, 1250, 520, 1071.9, 404.5498046525847, 135477.04169522153, 135.85600845565045, 7769.664128621419, 17812.46173529354, 61131, 0, 139854, 17481.744289398193, 24512.871566592457, 61925, 110, 65940, 7326.655917697482, 20491.697632433254, 61894, 0, 0, 0, 0, 0, 72, 80, 64.35284611057126, 71.50316234507919, 39, 1250, 997.2105263157895, 456.0686569838372, 207998.61988304093, 0, 0, 0, 0, 0, 0, 0, 0, 1, 1005.2105263157895, 914.2222222222222, 1071.9, 72, 0, 102, 6537, 0, 107, 7664, 9, 8228, 10, 10719, 0, 0, 88, 8, 0.0, 0.0, 0, 0, 0.0, 0.0, 0, 0]]
INFO:root:BENIGN
INFO:root:[[443, 150643, 9, 11, 8228, 11696, 1250, 1250, 914.2222222222222, 518.804100257934, 1250, 520, 1063.2727272727273, 384.854801427523, 132259.82586785936, 132.7643303230871, 7928.572202983655, 17324.453798729108, 61131, 0, 139854, 17481.744289398193, 24512.871566592457, 61925, 110, 78700, 7869.982719421387, 19396.006851597638, 61894, 0, 0, 0, 0, 0, 72, 88, 59.743948645389196, 73.02038167769791, 39, 1250, 996.2, 443.92763753614287, 197071.74736842106, 0, 0, 0, 0, 0, 0, 0, 0, 1, 1004.2, 914.2222222222222, 1063.2727272727273, 72, 0, 102, 6069, 0, 97, 7058, 9, 8228, 11, 11696, 0, 0, 97, 8, 0.0, 0.0, 0, 0, 0.0, 0.0, 0, 0]]
INFO:root:BENIGN
INFO:root:[[443, 150643, 9, 12, 8228, 11817, 1250, 1250, 914.2222222222222, 518.804100257934, 1250, 121, 984.75, 456.76931217569177, 133063.05006631406, 139.40254683924147, 7532.143592834473, 16955.327891033045, 61131, 0, 139854, 17481.744289398193, 24512.871566592457, 61925, 110, 78700, 7154.529744928534, 18553.036844525417, 61894, 0, 0, 0, 0, 0, 72, 96, 59.743948645389196, 79.65859819385226, 39, 1250, 954.5238095238095, 472.96211466116597, 223693.16190476192, 0, 0, 0, 0, 0, 0, 0, 0, 1, 962.5238095238095, 914.2222222222222, 984.75, 72, 0, 102, 6069, 0, 82, 6537, 9, 8228, 12, 11817, 0, 0, 106, 8, 0.0, 0.0, 0, 0, 0.0, 0.0, 0, 0]]
INFO:root:BENIGN
INFO:root:[[443, 150643, 9, 13, 8228, 11844, 1250, 1250, 914.2222222222222, 518.804100257934, 1250, 27, 911.0769230769231, 511.6757536986455, 133242.2819122502, 146.04076335539582, 7173.470088413784, 16607.545484991533, 61131, 0, 139854, 17481.744289398193, 24512.871566592457, 61925, 110, 78700, 6558.318932851155, 17809.78650636418, 61894, 0, 0, 0, 0, 0, 72, 104, 59.743948645389196, 86.29681471000661, 27, 1250, 912.3636363636364, 502.1410867432289, 252145.67099567098, 0, 0, 0, 0, 0, 0, 0, 0, 1, 920.3636363636364, 914.2222222222222, 911.0769230769231, 72, 0, 102, 6069, 0, 70, 6048, 9, 8228, 13, 11844, 0, 0, 115, 8, 0.0, 0.0, 0, 0, 0.0, 0.0, 0, 0]]
INFO:root:BENIGN
INFO:root:[[443, 151660, 10, 13, 8260, 11844, 1250, 1250, 826.0, 563.1011355776943, 1250, 32, 911.0769230769231, 511.6757536986455, 132559.70309444307, 151.65505228671861, 6893.634796142578, 16260.365983216587, 61131, 0, 151660, 16851.107279459637, 23007.609409279423, 61925, 110, 78700, 6558.318932851155, 17809.78650636418, 61894, 0, 0, 0, 0, 0, 80, 104, 65.93697925509505, 85.71807303162356, 27, 1250, 874.0869565217391, 523.8147584650234, 274381.90118577075, 0, 0, 0, 0, 0, 0, 0, 0, 1, 882.0869565217391, 826.0, 911.0769230769231, 80, 0, 83, 5446, 0, 70, 6007, 10, 8260, 13, 11844, 0, 0, 125, 8, 0.0, 0.0, 0, 0, 0.0, 0.0, 0, 0]]
INFO:root:BENIGN
INFO:root:[[443, 184694, 11, 13, 8292, 11844, 1250, 1250, 753.8181818181819, 585.3947075575279, 1250, 32, 911.0769230769231, 511.6757536986455, 109023.5435847588, 129.94462882569582, 8030.176162719727, 16795.566293612974, 61131, 0, 184694, 18469.40517425537, 22287.267547754538, 61925, 110, 78700, 6558.318932851155, 17809.78650636418, 61894, 0, 0, 0, 0, 0, 88, 104, 59.557954878443915, 70.38667394725191, 27, 1250, 839.0, 540.3688756202845, 291998.52173913043, 0, 0, 0, 0, 0, 0, 0, 0, 1, 847.0, 753.8181818181819, 911.0769230769231, 88, 0, 69, 4081, 0, 70, 4933, 11, 8292, 13, 11844, 0, 0, 136, 8, 0.0, 0.0, 0, 0, 0.0, 0.0, 0, 0]]
INFO:root:BENIGN
INFO:root:[[443, 195049, 4, 4, 1837, 1412, 1412, 0, 459.25, 666.0147020399274, 1412, 0, 353.0, 706.0, 16657.36907494738, 41.015374761335494, 27864.115578787667, 47430.28360545981, 128460, 0, 47436, 15811.999638875326, 26190.821319474762, 46044, 0, 149645, 49881.6172281901, 68870.26717162316, 128460, 0, 1, 0, 1, 0, 92, 92, 20.507687380667747, 20.507687380667747, 0, 1412, 406.125, 637.9221711373351, 406944.6964285714, 0, 1, 0, 1, 1, 0, 0, 0, 1, 429.125, 459.25, 353.0, 92, 0, 115, 2355, 0, 88, 1810, 4, 1837, 4, 1412, 64240, 65535, 10, 20, 0.0, 0.0, 0, 0, 0.0, 0.0, 0, 0]]
INFO:root:BENIGN
INFO:root:[[443, 195049, 4, 5, 1837, 2824, 1412, 0, 459.25, 666.0147020399274, 1412, 0, 564.8, 773.3842511972945, 23896.58272032309, 46.142296606502434, 24381.10113143921, 45003.410406054834, 128460, 0, 47436, 15811.999638875326, 26190.821319474762, 46044, 0, 149645, 37411.21292114258, 61515.19921546832, 128460, 0, 1, 1, 1, 1, 92, 112, 20.507687380667747, 25.634609225834684, 0, 1412, 517.8888888888889, 684.4684880336794, 468497.1111111111, 0, 1, 0, 1, 1, 0, 0, 0, 1, 540.5555555555555, 459.25, 564.8, 92, 0, 115, 2355, 0, 113, 2896, 4, 1837, 5, 2824, 64240, 65535, 12, 20, 0.0, 0.0, 0, 0, 0.0, 0.0, 0, 0]]
INFO:root:BENIGN
INFO:root:[[443, 195049, 4, 6, 1837, 4236, 1412, 0, 459.25, 666.0147020399274, 1412, 0, 706.0, 773.3842511972945, 31135.796365698807, 51.26921845166937, 21672.08989461263, 42874.144383125626, 128460, 0, 47436, 15811.999638875326, 26190.821319474762, 46044, 0, 149645, 29928.970336914062, 55839.14013785741, 128460, 0, 1, 1, 1, 1, 92, 132, 20.507687380667747, 30.76153107100162, 0, 1412, 607.3, 704.5461975232316, 496385.34444444446, 0, 1, 0, 1, 1, 0, 0, 0, 0, 629.7, 459.25, 706.0, 92, 0, 115, 2355, 0, 118, 3620, 4, 1837, 6, 4236, 64240, 65535, 14, 20, 0.0, 0.0, 0, 0, 0.0, 0.0, 0, 0]]
INFO:root:BENIGN
INFO:root:[[443, 195049, 4, 7, 1837, 5648, 1412, 0, 459.25, 666.0147020399274, 1412, 0, 806.8571428571429, 754.7457471606865, 38375.01001107452, 56.39614029683631, 19504.880905151367, 40998.98316495311, 128460, 0, 47436, 15811.999638875326, 26190.821319474762, 46044, 0, 149645, 24940.80861409505, 51416.90579280518, 128460, 0, 1, 1, 1, 1, 92, 152, 20.507687380667747, 35.88845291616856, 0, 1412, 680.4545454545455, 711.0655896098986, 505614.2727272727, 0, 1, 0, 1, 1, 0, 0, 0, 0, 702.6363636363636, 459.25, 806.8571428571429, 92, 0, 115, 2355, 0, 115, 4137, 4, 1837, 7, 5648, 64240, 65535, 16, 20, 0.0, 0.0, 0, 0, 0.0, 0.0, 0, 0]]
INFO:root:BENIGN
INFO:root:[[443, 195049, 4, 8, 1837, 7060, 1412, 0, 459.25, 666.0147020399274, 1412, 0, 882.5, 730.7794273435532, 45614.22365645024, 61.52306214200324, 17731.70991377397, 39337.13827307959, 128460, 0, 47436, 15811.999638875326, 26190.821319474762, 46044, 0, 149645, 21377.835954938615, 47874.265045127424, 128460, 0, 1, 1, 1, 1, 92, 172, 20.507687380667747, 41.015374761335494, 0, 1412, 741.4166666666666, 710.102740112409, 504245.9015151515, 0, 1, 0, 1, 1, 0, 0, 0, 0, 763.4166666666666, 459.25, 882.5, 92, 0, 115, 2355, 0, 110, 4525, 4, 1837, 8, 7060, 64240, 65535, 18, 20, 0.0, 0.0, 0, 0, 0.0, 0.0, 0, 0]]
INFO:root:BENIGN
INFO:root:[[443, 195049, 4, 9, 1837, 8472, 1412, 0, 459.25, 666.0147020399274, 1412, 0, 941.3333333333334, 706.0, 52853.43730182595, 66.64998398717017, 16254.067420959473, 37854.16619749248, 128460, 0, 47436, 15811.999638875326, 26190.821319474762, 46044, 0, 149645, 18705.60646057129, 44962.77334484351, 128460, 0, 1, 1, 1, 1, 92, 192, 20.507687380667747, 46.142296606502434, 0, 1412, 793.0, 704.8519939202366, 496816.3333333333, 0, 1, 0, 1, 1, 0, 0, 0, 0, 814.8461538461538, 459.25, 941.3333333333334, 92, 0, 115, 2355, 0, 105, 4826, 4, 1837, 9, 8472, 64240, 65535, 20, 20, 0.0, 0.0, 0, 0, 0.0, 0.0, 0, 0]]
INFO:root:BENIGN
INFO:root:[[443, 195049, 4, 10, 1837, 9884, 1412, 0, 459.25, 666.0147020399274, 1412, 0, 988.4, 682.0607988539829, 60092.65094720167, 71.77690583233712, 15003.754542424129, 36521.89859235289, 128460, 0, 47436, 15811.999638875326, 26190.821319474762, 46044, 0, 149645, 16627.205742730035, 42518.49432185489, 128460, 0, 1, 1, 1, 1, 92, 212, 20.507687380667747, 51.26921845166937, 0, 1412, 837.2142857142857, 697.1142913216133, 485968.33516483515, 0, 1, 0, 1, 1, 0, 0, 0, 0, 858.9285714285714, 459.25, 988.4, 92, 0, 115, 2355, 0, 99, 5067, 4, 1837, 10, 9884, 64240, 65535, 22, 20, 0.0, 0.0, 0, 0, 0.0, 0.0, 0, 0]]
INFO:root:BENIGN
INFO:root:[[443, 195049, 4, 11, 1837, 10898, 1412, 0, 459.25, 666.0147020399274, 1412, 0, 990.7272727272727, 647.1057241145517, 65291.34969820094, 76.90382767750405, 13932.057789393833, 35317.485424061364, 128460, 0, 47436, 15811.999638875326, 26190.821319474762, 46044, 0, 149645, 14964.485168457031, 40430.18186249643, 128460, 0, 1, 1, 1, 1, 92, 232, 20.507687380667747, 56.39614029683631, 0, 1412, 849.0, 673.3051738571872, 453339.85714285716, 0, 1, 0, 1, 1, 0, 0, 0, 0, 870.6, 459.25, 990.7272727272727, 92, 0, 115, 2355, 0, 90, 5079, 4, 1837, 11, 10898, 64240, 65535, 24, 20, 0.0, 0.0, 0, 0, 0.0, 0.0, 0, 0]]
INFO:root:BENIGN
INFO:root:[[443, 195213, 5, 11, 1837, 10898, 1412, 0, 367.4, 612.2612187620574, 1412, 0, 990.7272727272727, 647.1057241145517, 65236.48717240975, 81.96182133950184, 13014.18940226237, 34217.93952614022, 128460, 0, 195213, 48803.21025848389, 69361.27156789486, 147777, 0, 149645, 14964.485168457031, 40430.18186249643, 128460, 0, 1, 1, 1, 1, 112, 232, 25.613069168594325, 56.34875217090752, 0, 1412, 795.9375, 684.2274932359851, 468167.2625, 0, 1, 0, 1, 1, 0, 0, 0, 0, 817.4375, 367.4, 990.7272727272727, 112, 0, 73, 1882, 0, 90, 5075, 5, 1837, 11, 10898, 64240, 65535, 26, 20, 0.0, 0.0, 0, 0, 0.0, 0.0, 0, 0]]
INFO:root:BENIGN
INFO:root:[[443, 196741, 6, 11, 1911, 10898, 1412, 0, 318.5, 560.5696210106288, 1412, 0, 990.7272727272727, 647.1057241145517, 65105.94509150003, 86.40807764505429, 12296.304106712341, 33182.153463591756, 128460, 0, 196741, 39348.17314147949, 63680.6731242384, 147777, 0, 149645, 14964.485168457031, 40430.18186249643, 128460, 0, 1, 1, 1, 1, 132, 232, 30.496968580607398, 55.9111090644469, 0, 1412, 753.4705882352941, 685.2483233878667, 469565.26470588235, 0, 1, 0, 1, 1, 0, 0, 0, 0, 774.8823529411765, 318.5, 990.7272727272727, 132, 0, 53, 1619, 0, 90, 5036, 6, 1911, 11, 10898, 64240, 65535, 29, 20, 0.0, 0.0, 0, 0, 0.0, 0.0, 0, 0]]
INFO:root:BENIGN
INFO:root:[[443, 207400, 6, 12, 1911, 10898, 1412, 0, 318.5, 560.5696210106288, 1412, 0, 908.1666666666666, 680.053718912014, 61759.930401035526, 86.78887869612299, 12199.990889605353, 32130.93599180844, 128460, 0, 196741, 39348.17314147949, 63680.6731242384, 147777, 0, 161996, 14726.898886940697, 38363.531700612424, 128460, 0, 1, 1, 1, 1, 132, 252, 28.929626232041, 57.859252464082, 0, 1412, 711.6111111111111, 688.101492077072, 473483.6633986928, 0, 1, 0, 1, 1, 0, 0, 0, 0, 732.9444444444445, 318.5, 908.1666666666666, 132, 0, 53, 1536, 0, 76, 4379, 6, 1911, 12, 10898, 64240, 65535, 32, 20, 0.0, 0.0, 0, 0, 0.0, 0.0, 0, 0]]
INFO:root:BENIGN
INFO:root:[[443, 207400, 6, 13, 1911, 11890, 1412, 0, 318.5, 560.5696210106288, 1412, 0, 914.6153846153846, 651.5168888142935, 66542.9619380663, 91.61048306812982, 11522.213617960611, 31303.940425262255, 128460, 0, 196741, 39348.17314147949, 63680.6731242384, 147777, 0, 161996, 13499.65731302897, 36824.415978453835, 128460, 0, 1, 1, 1, 1, 132, 272, 28.929626232041, 62.68085683608883, 0, 1412, 726.3684210526316, 671.8011619293246, 451316.8011695906, 0, 1, 0, 1, 1, 0, 0, 0, 0, 747.6315789473684, 318.5, 914.6153846153846, 132, 0, 53, 1536, 0, 70, 4410, 6, 1911, 13, 11890, 64240, 65535, 35, 20, 0.0, 0.0, 0, 0, 0.0, 0.0, 0, 0]]
INFO:root:BENIGN
INFO:root:[[55679, 191099, 12, 2, 477, 31, 281, 0, 39.75, 82.80000548967922, 31, 0, 15.5, 21.920310216782973, 2658.3089927101646, 73.26048405106752, 14699.917573195238, 52411.834479640915, 189131, 0, 191099, 17372.629859230736, 57618.494864793094, 191099, 0, 1560, 1559.9727630615234, 0.0, 1560, 1560, 1, 1, 1, 1, 240, 40, 62.79470061520074, 10.46578343586679, 0, 281, 36.285714285714285, 76.9129663685155, 5915.604395604396, 0, 0, 0, 1, 1, 0, 0, 0, 10, 56.285714285714285, 39.75, 15.5, 240, 0, 3, 208, 0, 8, 81, 12, 477, 2, 31, 16383, 512, 38, 20, 0.0, 0.0, 0, 0, 0.0, 0.0, 0, 0]]
INFO:root:BENIGN
INFO:root:[[55680, 192617, 6, 2, 6511, 74, 1412, 1412, 1085.1666666666667, 547.2960502933186, 74, 103, 37.0, 52.32590180780452, 34187.024337351184, 41.533211040062184, 27516.705649239677, 72051.94724580628, 190911, 0, 192617, 38523.38790893555, 86140.91408797336, 192617, 0, 1399, 1399.0402221679688, 0.0, 1399, 1399, 1, 1, 1, 1, 120, 40, 31.14990828004664, 10.383302760015546, 0, 1412, 823.125, 670.6481806005718, 449768.98214285716, 0, 0, 0, 1, 1, 0, 0, 0, 58, 843.125, 1085.1666666666667, 37.0, 120, 0, 181, 5634, 0, 18, 192, 6, 6511, 2, 74, 16384, 512, 31, 20, 0.0, 0.0, 0, 0, 0.0, 0.0, 0, 0]]
INFO:root:BENIGN
INFO:root:[[55680, 192617, 7, 2, 6573, 74, 1412, 1412, 939.0, 631.7940065137265, 74, 62, 37.0, 52.32590180780452, 34508.90672291167, 46.72486242006996, 24077.117443084717, 67412.82366883518, 190911, 0, 192617, 32102.82325744629, 78635.53628349594, 192617, 0, 1399, 1399.0402221679688, 0.0, 1399, 1399, 1, 1, 1, 1, 140, 40, 36.341559660054415, 10.383302760015546, 0, 1412, 738.5555555555555, 676.6947449018485, 457915.77777777775, 0, 0, 0, 1, 1, 0, 0, 0, 59, 758.5555555555555, 939.0, 37.0, 140, 0, 134, 4875, 0, 18, 192, 7, 6573, 2, 74, 16384, 512, 38, 20, 0.0, 0.0, 0, 0, 0.0, 0.0, 0, 0]]
INFO:root:BENIGN
INFO:root:[[55680, 192731, 7, 3, 6573, 74, 1412, 1412, 939.0, 631.7940065137265, 74, 0, 24.666666666666668, 42.72391992003231, 34488.50119499439, 51.885814946584, 21414.544847276477, 63562.81405886087, 190911, 0, 192617, 32102.82325744629, 78635.53628349594, 192617, 0, 192424, 96212.02945709229, 134085.81526516424, 191025, 1399, 1, 1, 1, 1, 140, 60, 36.3200704626088, 15.5657444839752, 0, 1412, 664.7, 679.3987619783965, 461582.6777777778, 0, 0, 0, 1, 1, 0, 0, 0, 50, 684.7, 939.0, 24.666666666666668, 140, 0, 134, 4872, 0, 8, 128, 7, 6573, 3, 74, 16384, 512, 45, 20, 0.0, 0.0, 0, 0, 0.0, 0.0, 0, 0]]
INFO:root:BENIGN
INFO:root:[[443, 246857, 7, 13, 1911, 11890, 1412, 0, 273.0, 525.6966806058414, 1412, 0, 914.6153846153846, 651.5168888142935, 55906.87739244905, 81.01858907680466, 12992.469887984427, 31089.66348533654, 128460, 0, 246857, 41142.82131195068, 57127.11331740413, 147777, 0, 161996, 13499.65731302897, 36824.415978453835, 128460, 0, 1, 1, 1, 1, 152, 272, 28.356506176881627, 52.66208289992302, 0, 1412, 690.05, 673.7535450546321, 453943.8394736842, 0, 1, 0, 1, 1, 0, 0, 0, 0, 711.25, 273.0, 914.6153846153846, 152, 0, 39, 1106, 0, 70, 3705, 7, 1911, 13, 11890, 64240, 65535, 38, 20, 0.0, 0.0, 0, 0, 0.0, 0.0, 0, 0]]
INFO:root:BENIGN
INFO:root:[[55679, 239134, 12, 3, 477, 31, 281, 0, 39.75, 82.80000548967922, 31, 0, 10.333333333333334, 17.897858344878397, 2124.3334317048852, 62.72638085742771, 17080.98820277623, 51137.712441460084, 189131, 0, 191099, 17372.629859230736, 57618.494864793094, 191099, 0, 238726, 119362.9503250122, 166598.56855604405, 237166, 1560, 1, 1, 1, 1, 240, 60, 50.181104685942174, 12.545276171485543, 0, 281, 33.86666666666667, 74.70500716309513, 5580.838095238095, 0, 0, 0, 1, 1, 0, 0, 0, 8, 53.86666666666667, 39.75, 10.333333333333334, 240, 0, 3, 166, 0, 3, 43, 12, 477, 3, 31, 16383, 512, 42, 20, 0.0, 0.0, 0, 0, 0.0, 0.0, 0, 0]]
INFO:root:BENIGN
INFO:root:[[55679, 240050, 13, 3, 477, 31, 281, 0, 36.69230769230769, 80.03789166741028, 31, 0, 10.333333333333334, 17.897858344878397, 2116.227205460241, 66.65282536882648, 16003.32260131836, 49453.9753565227, 189131, 0, 240050, 20004.15325164795, 55688.25429690198, 191099, 0, 238726, 119362.9503250122, 166598.56855604405, 237166, 1560, 1, 1, 1, 1, 260, 60, 54.155420612171525, 12.497404756654968, 0, 281, 31.75, 72.66681957170456, 5280.466666666666, 0, 0, 0, 1, 1, 0, 0, 0, 8, 51.75, 36.69230769230769, 10.333333333333334, 260, 0, 3, 153, 0, 3, 43, 13, 477, 3, 31, 16383, 512, 46, 20, 0.0, 0.0, 0, 0, 0.0, 0.0, 0, 0]]
INFO:root:BENIGN
INFO:root:[[443, 361477, 12, 13, 8321, 11844, 1250, 1250, 693.4166666666666, 596.0819739741924, 1250, 29, 911.0769230769231, 511.6757536986455, 55785.03107884211, 69.16071296657837, 15061.537424723307, 38162.641519038865, 176783, 0, 361477, 32861.53619939631, 52206.4924617977, 176783, 110, 78700, 6558.318932851155, 17809.78650636418, 61894, 0, 0, 0, 0, 0, 96, 104, 33.19714222395762, 35.96357074262075, 27, 1250, 806.6, 553.2412825039963, 306075.9166666667, 0, 0, 0, 0, 0, 0, 0, 0, 1, 814.6, 693.4166666666666, 911.0769230769231, 96, 0, 58, 1918, 0, 70, 2520, 12, 8321, 13, 11844, 0, 0, 148, 8, 0.0, 0.0, 0, 0, 0.0, 0.0, 0, 0]]
INFO:root:BENIGN
INFO:root:[[443, 381885, 12, 14, 8321, 12049, 1250, 1250, 693.4166666666666, 596.0819739741924, 1250, 29, 860.6428571428571, 526.5766957277131, 53340.65815843001, 68.08331429156506, 15275.402069091797, 37374.42788247283, 176783, 0, 361477, 32861.53619939631, 52206.4924617977, 176783, 110, 309942, 23841.69285113995, 64606.89825999562, 231242, 0, 0, 0, 0, 0, 96, 112, 31.42306813456849, 36.66024615699657, 27, 1250, 783.4615384615385, 554.7548814220011, 307752.97846153844, 0, 0, 0, 0, 0, 0, 0, 0, 1, 791.4615384615385, 693.4166666666666, 860.6428571428571, 96, 0, 58, 1816, 0, 61, 2254, 12, 8321, 14, 12049, 0, 0, 160, 8, 0.0, 0.0, 0, 0, 0.0, 0.0, 0, 0]]
INFO:root:BENIGN
INFO:root:[[443, 381885, 12, 15, 8321, 12070, 1250, 1250, 693.4166666666666, 596.0819739741924, 1250, 21, 804.6666666666666, 551.7944320470217, 53395.64852766551, 70.7019033027791, 14687.886604895959, 36741.64503799302, 176783, 0, 361477, 32861.53619939631, 52206.4924617977, 176783, 110, 309942, 22138.71479034424, 62398.49608116151, 231242, 0, 0, 0, 0, 0, 96, 120, 31.42306813456849, 39.27883516821061, 21, 1250, 755.2222222222222, 563.4249887506925, 317447.71794871794, 0, 0, 0, 0, 0, 0, 0, 0, 1, 763.2222222222222, 693.4166666666666, 804.6666666666666, 96, 0, 58, 1816, 0, 54, 2107, 12, 8321, 15, 12070, 0, 0, 172, 8, 0.0, 0.0, 0, 0, 0.0, 0.0, 0, 0]]
INFO:root:BENIGN
INFO:root:[[443, 382403, 13, 15, 8356, 12070, 1250, 1250, 642.7692307692307, 599.2089443377486, 1250, 35, 804.6666666666666, 551.7944320470217, 53414.867320816455, 73.22120263305888, 14163.070254855686, 36131.20609865904, 176783, 0, 382403, 31866.908073425293, 49896.04118566903, 176783, 110, 309942, 22138.71479034424, 62398.49608116151, 231242, 0, 0, 0, 0, 0, 104, 120, 33.995558365348764, 39.225644267710116, 21, 1250, 729.5, 569.3997814463148, 324216.1111111111, 0, 0, 0, 0, 0, 0, 0, 0, 1, 737.5, 642.7692307692307, 804.6666666666666, 104, 0, 49, 1681, 0, 54, 2104, 13, 8356, 15, 12070, 0, 0, 185, 8, 0.0, 0.0, 0, 0, 0.0, 0.0, 0, 0]]
INFO:root:BENIGN
INFO:root:[[52853, 514486, 2, 2, 184, 595, 160, 160, 92.0, 96.16652224137046, 562, 33, 297.5, 374.05948724768365, 1514.13233261242, 7.7747488195759695, 171495.3581492106, 292488.22871908353, 509218, 0, 0, 0.0, 0.0, 0, 0, 509218, 509217.9775238037, 0.0, 509218, 509218, 0, 0, 0, 0, 16, 16, 3.8873744097879848, 3.8873744097879848, 24, 562, 194.75, 252.58579400539006, 63799.583333333336, 0, 0, 0, 0, 0, 0, 0, 0, 0, 202.75, 92.0, 297.5, 16, 0, 46, 179, 0, 149, 578, 2, 184, 2, 595, 0, 0, 7, 8, 0.0, 0.0, 0, 0, 0.0, 0.0, 0, 0]]
INFO:root:BENIGN
INFO:root:[[52853, 526780, 3, 2, 217, 595, 160, 160, 72.33333333333333, 76.05480480109941, 562, 33, 297.5, 374.05948724768365, 1541.4400735740057, 9.491626068805454, 131695.03211975098, 251732.34416940363, 509218, 0, 526780, 263390.06423950195, 372489.8010418244, 526780, 0, 509218, 509217.9775238037, 0.0, 509218, 509218, 0, 0, 0, 0, 24, 16, 5.694975641283272, 3.7966504275221817, 24, 562, 162.4, 230.395963506308, 53082.3, 0, 0, 0, 0, 0, 0, 0, 0, 0, 170.4, 72.33333333333333, 297.5, 24, 0, 24, 137, 0, 149, 565, 3, 217, 2, 595, 0, 0, 10, 8, 0.0, 0.0, 0, 0, 0.0, 0.0, 0, 0]]
INFO:root:BENIGN
INFO:root:[[52853, 534084, 3, 3, 217, 628, 160, 160, 72.33333333333333, 76.05480480109941, 562, 33, 209.33333333333334, 305.41829240131204, 1582.1478846360737, 11.234186163096382, 106816.81632995605, 224992.2397110294, 509218, 0, 526780, 263390.06423950195, 372489.8010418244, 526780, 0, 528816, 264407.9923629761, 346213.6012187986, 509218, 19598, 0, 0, 0, 0, 24, 24, 5.617093081548191, 5.617093081548191, 24, 562, 140.83333333333334, 212.73590826813106, 45256.566666666666, 0, 0, 0, 0, 0, 0, 0, 0, 0, 148.83333333333334, 72.33333333333333, 209.33333333333334, 24, 0, 24, 135, 0, 70, 392, 3, 217, 3, 628, 0, 0, 13, 8, 0.0, 0.0, 0, 0, 0.0, 0.0, 0, 0]]
INFO:root:BENIGN
INFO:root:[[443, 419726, 13, 16, 8356, 12094, 1250, 1250, 642.7692307692307, 599.2089443377486, 1250, 24, 755.875, 567.687105719339, 48722.27386282433, 69.09271110131569, 14990.21053314209, 35724.921871697865, 176783, 0, 382403, 31866.908073425293, 49896.04118566903, 176783, 110, 347783, 23185.523351033527, 60265.22320166633, 231242, 0, 0, 0, 0, 0, 104, 128, 30.972594631624272, 38.12011646969141, 21, 1250, 705.1724137931035, 574.2822270928118, 329800.0763546798, 0, 0, 0, 0, 0, 0, 0, 0, 1, 713.1724137931035, 642.7692307692307, 755.875, 104, 0, 49, 1531, 0, 47, 1801, 13, 8356, 16, 12094, 0, 0, 198, 8, 0.0, 0.0, 0, 0, 0.0, 0.0, 0, 0]]
INFO:root:BENIGN
INFO:root:[[52853, 885971, 4, 3, 316, 628, 160, 160, 79.0, 63.51377803280167, 562, 99, 209.33333333333334, 305.41829240131204, 1065.4975457692506, 7.900935191085545, 147661.8448893229, 224737.85727429463, 509218, 0, 885971, 295323.6897786458, 269134.901601988, 526780, 0, 528816, 264407.9923629761, 346213.6012187986, 509218, 19598, 0, 0, 0, 0, 32, 24, 4.51482010919174, 3.386115081893805, 24, 562, 134.85714285714286, 194.84303817126627, 37963.80952380953, 0, 0, 0, 0, 0, 0, 0, 0, 1, 142.85714285714286, 79.0, 209.33333333333334, 32, 0, 20, 89, 0, 70, 236, 4, 316, 3, 628, 0, 0, 17, 8, 0.0, 0.0, 0, 0, 0.0, 0.0, 0, 0]]
INFO:root:BENIGN
INFO:root:[[52853, 885971, 5, 3, 415, 628, 160, 160, 83.0, 55.72701319826857, 562, 99, 209.33333333333334, 305.41829240131204, 1177.2393434717462, 9.02964021838348, 126567.29561941964, 212612.59089206593, 509218, 0, 885971, 221492.76733398438, 264750.98478191346, 526780, 0, 528816, 264407.9923629761, 346213.6012187986, 509218, 19598, 0, 0, 0, 0, 40, 24, 5.643525136489675, 3.386115081893805, 24, 562, 130.375, 180.83452380560522, 32701.125, 0, 0, 0, 0, 0, 0, 0, 0, 1, 138.375, 83.0, 209.33333333333334, 40, 0, 17, 94, 0, 70, 236, 5, 415, 3, 628, 0, 0, 22, 8, 0.0, 0.0, 0, 0, 0.0, 0.0, 0, 0]]
INFO:root:BENIGN
INFO:root:[[52853, 889505, 5, 4, 415, 669, 160, 160, 83.0, 55.72701319826857, 562, 41, 167.25, 263.1936866010784, 1218.6551168565918, 10.11798528755473, 111188.143491745, 201590.00427470423, 509218, 0, 885971, 221492.76733398438, 264750.98478191346, 526780, 0, 884237, 294745.68367004395, 250385.8130485301, 509218, 19598, 0, 0, 0, 0, 40, 32, 5.621102937530405, 4.4968823500243245, 24, 562, 120.44444444444444, 171.75863232390324, 29501.027777777777, 0, 0, 0, 0, 0, 0, 0, 0, 1, 128.44444444444446, 83.0, 167.25, 40, 0, 17, 93, 0, 42, 188, 5, 415, 4, 669, 0, 0, 27, 8, 0.0, 0.0, 0, 0, 0.0, 0.0, 0, 0]]
INFO:root:BENIGN
INFO:root:[[52853, 903743, 6, 4, 441, 669, 160, 160, 73.5, 55.008181209707345, 562, 26, 167.25, 263.1936866010784, 1228.2252419357178, 11.065092269691153, 100415.89207119412, 191319.33044402205, 509218, 0, 903743, 180748.6057281494, 246718.962550625, 526780, 0, 884237, 294745.68367004395, 250385.8130485301, 509218, 19598, 0, 0, 0, 0, 48, 32, 6.639055361814691, 4.426036907876461, 24, 562, 111.0, 164.66666666666666, 27115.11111111111, 0, 0, 0, 0, 0, 0, 0, 0, 1, 119.0, 73.5, 167.25, 48, 0, 12, 81, 0, 42, 185, 6, 441, 4, 669, 0, 0, 33, 8, 0.0, 0.0, 0, 0, 0.0, 0.0, 0, 0]]
INFO:root:BENIGN
INFO:root:[[443, 17917, 1, 1, 29, 26, 29, 29, 29.0, 0.0, 26, 26, 26.0, 0.0, 3069.6835662009316, 111.62485695276115, 17917.156219482422, 0.0, 17917, 17917, 0, 0.0, 0.0, 0, 0, 0, 0.0, 0.0, 0, 0, 0, 0, 0, 0, 8, 8, 55.812428476380575, 55.812428476380575, 26, 29, 27.5, 2.1213203435596424, 4.5, 0, 0, 0, 0, 0, 0, 0, 0, 1, 35.5, 29.0, 26.0, 8, 1, 29, 1619, 1, 26, 1451, 1, 29, 1, 26, 0, 0, 2, 8, 0.0, 0.0, 0, 0, 0.0, 0.0, 0, 0]]
INFO:root:BENIGN
INFO:root:[[4070, 154, 2, 0, 1367, 684, 684, 684, 683.5, 0.7071067811865476, 0, 683, 0.0, 0.0, 8889323.36124031, 13005.593798449612, 153.7799835205078, 0.0, 154, 154, 154, 153.7799835205078, 0.0, 154, 154, 0, 0.0, 0.0, 0, 0, 1, 1, 1, 0, 40, 0, 13005.593798449612, 0.0, 683, 684, 683.5, 0.7071067811865476, 0.5, 0, 0, 0, 1, 1, 0, 0, 0, 0, 703.5, 683.5, 0.0, 40, 0, 342, 4444662, 0, 0, 0, 2, 1367, 0, 684, 507, -1, 3, 20, 0.0, 0.0, 0, 0, 0.0, 0.0, 0, 0]]
INFO:root:BENIGN
INFO:root:[[443, 169, 2, 0, 2156, 1246, 1246, 1246, 1078.0, 237.58787847867995, 0, 910, 0.0, 0.0, 12754470.273624824, 11831.605077574048, 169.0387725830078, 0.0, 169, 169, 169, 169.0387725830078, 0.0, 169, 169, 0, 0.0, 0.0, 0, 0, 0, 0, 0, 0, 16, 0, 11831.605077574048, 0.0, 910, 1246, 1078.0, 237.58787847867995, 56448.0, 0, 0, 0, 0, 0, 0, 0, 0, 0, 1086.0, 1078.0, 0.0, 16, 0, 539, 6377235, 0, 0, 0, 2, 2156, 0, 1246, 0, -1, 3, 8, 0.0, 0.0, 0, 0, 0.0, 0.0, 0, 0]]
INFO:root:BENIGN
INFO:root:[[443, 16088, 2, 1, 2156, 27, 1246, 1246, 1078.0, 237.58787847867995, 27, 27, 27.0, 0.0, 135691.12350692076, 186.47428791606154, 8044.004440307617, 11136.883250518638, 15919, 169, 169, 169.0387725830078, 0.0, 169, 169, 0, 0.0, 0.0, 0, 0, 0, 0, 0, 0, 16, 8, 124.31619194404102, 62.15809597202051, 27, 1246, 727.6666666666666, 629.6223735965339, 396424.3333333333, 0, 0, 0, 0, 0, 0, 0, 0, 62, 735.6666666666666, 1078.0, 27.0, 16, 0, 539, 67006, 1, 27, 1678, 2, 2156, 1, 27, 0, 0, 5, 8, 0.0, 0.0, 0, 0, 0.0, 0.0, 0, 0]]
INFO:root:BENIGN
INFO:root:[[443, 46994, 3, 1, 2188, 27, 1246, 1246, 729.3333333333334, 626.8407559606612, 27, 32, 27.0, 0.0, 47133.7058551954, 85.11730177010456, 15664.65695699056, 15370.039642366559, 30906, 169, 46994, 23496.98543548584, 32990.698552993366, 46825, 169, 0, 0.0, 0.0, 0, 0, 0, 0, 0, 0, 24, 8, 63.837976327578424, 21.27932544252614, 27, 1246, 553.75, 620.7019547791571, 385270.9166666667, 0, 0, 0, 0, 0, 0, 0, 0, 63, 561.75, 729.3333333333334, 27.0, 24, 0, 243, 15520, 1, 27, 575, 3, 2188, 1, 27, 0, 0, 8, 8, 0.0, 0.0, 0, 0, 0.0, 0.0, 0, 0]]
INFO:root:BENIGN
INFO:root:[[4070, 132610, 2, 1, 1367, 0, 684, 684, 683.5, 0.7071067811865476, 0, 0, 0.0, 0.0, 10308.435306343334, 22.62275487858815, 66304.92210388184, 93551.84235308509, 132456, 154, 154, 153.7799835205078, 0.0, 154, 154, 0, 0.0, 0.0, 0, 0, 1, 1, 1, 0, 40, 20, 15.081836585725434, 7.540918292862717, 0, 684, 455.6666666666667, 394.6192257522856, 155724.33333333334, 0, 0, 0, 1, 1, 0, 0, 0, 70, 475.6666666666667, 683.5, 0.0, 40, 0, 342, 5154, 0, 0, 0, 2, 1367, 1, 0, 507, 36, 5, 20, 0.0, 0.0, 0, 0, 0.0, 0.0, 0, 0]]
INFO:root:BENIGN
INFO:root:[[4070, 132610, 2, 2, 1367, 110, 684, 684, 683.5, 0.7071067811865476, 110, 0, 55.0, 77.78174593052023, 11137.936318558232, 30.163673171450867, 44203.28140258789, 76429.19055501977, 132456, 0, 154, 153.7799835205078, 0.0, 154, 154, 0, 0.0, 0.0, 0, 0, 1, 1, 1, 1, 40, 40, 15.081836585725434, 15.081836585725434, 0, 684, 369.25, 365.6331266903114, 133687.58333333334, 0, 0, 0, 1, 1, 0, 0, 0, 9, 389.25, 683.5, 55.0, 40, 0, 342, 5154, 0, 28, 415, 2, 1367, 2, 110, 507, 36, 7, 20, 0.0, 0.0, 0, 0, 0.0, 0.0, 0, 0]]
INFO:root:BENIGN
INFO:root:[[443, 156272, 3, 2, 2188, 129, 1246, 1246, 729.3333333333334, 626.8407559606612, 102, 32, 64.5, 53.033008588991066, 14826.718612499466, 31.995508443028626, 39067.983627319336, 48459.82744526063, 109278, 169, 46994, 23496.98543548584, 32990.698552993366, 46825, 169, 140184, 140183.9256286621, 0.0, 140184, 140184, 0, 0, 0, 0, 24, 16, 19.197305065817176, 12.79820337721145, 27, 1246, 463.4, 574.254995624766, 329768.8, 0, 0, 0, 0, 0, 0, 0, 0, 15, 471.4, 729.3333333333334, 64.5, 24, 0, 243, 4667, 0, 32, 413, 3, 2188, 2, 129, 0, 0, 11, 8, 0.0, 0.0, 0, 0, 0.0, 0.0, 0, 0]]
INFO:root:BENIGN
INFO:root:[[443, 156272, 3, 3, 2188, 1375, 1246, 1246, 729.3333333333334, 626.8407559606612, 1246, 32, 458.3333333333333, 683.1693299126749, 22799.9993165022, 38.39461013163435, 31254.38690185547, 45459.07638700136, 109278, 0, 46994, 23496.98543548584, 32990.698552993366, 46825, 169, 140184, 70091.96281433105, 99125.00442537763, 140184, 0, 0, 0, 0, 0, 24, 24, 19.197305065817176, 19.197305065817176, 27, 1246, 593.8333333333334, 604.8902104238972, 365892.1666666667, 0, 0, 0, 0, 0, 0, 0, 0, 2, 601.8333333333334, 729.3333333333334, 458.3333333333333, 24, 0, 243, 4667, 0, 153, 2933, 3, 2188, 3, 1375, 0, 0, 14, 8, 0.0, 0.0, 0, 0, 0.0, 0.0, 0, 0]]
INFO:root:BENIGN
INFO:root:[[443, 156272, 3, 4, 2188, 1935, 1246, 1246, 729.3333333333334, 626.8407559606612, 1246, 32, 483.75, 560.1168776841729, 26383.496262121407, 44.79371182024008, 26045.32241821289, 42614.882582683, 109278, 0, 46994, 23496.98543548584, 32990.698552993366, 46825, 169, 140184, 46727.97520955404, 80935.22719776655, 140184, 0, 0, 0, 0, 0, 24, 32, 19.197305065817176, 25.5964067544229, 27, 1246, 589.0, 552.334741498909, 305073.6666666667, 0, 0, 0, 0, 0, 0, 0, 0, 1, 597.0, 729.3333333333334, 483.75, 24, 0, 243, 4667, 0, 121, 3096, 3, 2188, 4, 1935, 0, 0, 17, 8, 0.0, 0.0, 0, 0, 0.0, 0.0, 0, 0]]
INFO:root:BENIGN
INFO:root:[[443, 156783, 4, 4, 2223, 1935, 1246, 1246, 555.75, 618.4477207762458, 1246, 35, 483.75, 560.1168776841729, 26520.755224720382, 51.02598407834609, 22397.552217755998, 40081.17313644822, 109278, 0, 156783, 52260.955174764, 55011.73475717311, 109789, 169, 140184, 46727.97520955404, 80935.22719776655, 140184, 0, 0, 0, 0, 0, 32, 32, 25.512992039173046, 25.512992039173046, 27, 1246, 519.75, 547.591283975297, 299856.21428571426, 0, 0, 0, 0, 0, 0, 0, 0, 1, 527.75, 555.75, 483.75, 32, 0, 139, 3545, 0, 121, 3085, 4, 2223, 4, 1935, 0, 0, 21, 8, 0.0, 0.0, 0, 0, 0.0, 0.0, 0, 0]]
INFO:root:BENIGN
INFO:root:[[4070, 180193, 3, 2, 1367, 110, 684, 684, 455.6666666666667, 394.6192257522856, 110, 0, 55.0, 77.78174593052023, 8196.769193314492, 27.74803382977147, 45048.23684692383, 62427.05005104224, 132456, 0, 180193, 90096.47369384766, 127198.17728151393, 180039, 154, 0, 0.0, 0.0, 0, 0, 1, 1, 1, 1, 60, 40, 16.64882029786288, 11.099213531908587, 0, 684, 295.4, 357.12014784943176, 127534.8, 0, 0, 0, 1, 1, 0, 0, 0, 10, 315.4, 455.6666666666667, 55.0, 60, 0, 152, 2529, 0, 28, 305, 3, 1367, 2, 110, 507, 36, 9, 20, 0.0, 0.0, 0, 0, 0.0, 0.0, 0, 0]]
INFO:root:BENIGN
INFO:root:[[443, 192212, 4, 5, 2223, 1959, 1246, 1246, 555.75, 618.4477207762458, 1246, 24, 391.8, 526.8512123930246, 21757.241520971973, 46.823331824186454, 24026.483297348022, 37392.883130806425, 109278, 0, 156783, 52260.955174764, 55011.73475717311, 109789, 169, 176124, 44030.964374542236, 66303.113080353, 140184, 0, 0, 0, 0, 0, 32, 40, 20.810369699638425, 26.012962124548032, 24, 1246, 464.6666666666667, 538.2209118939917, 289681.75, 0, 0, 0, 0, 0, 0, 0, 0, 1, 472.6666666666667, 555.75, 391.8, 32, 0, 139, 2891, 0, 78, 2038, 4, 2223, 5, 1959, 0, 0, 25, 8, 0.0, 0.0, 0, 0, 0.0, 0.0, 0, 0]]
INFO:root:BENIGN
INFO:root:[[443, 192955, 5, 5, 2254, 1959, 1246, 1246, 450.8, 584.7484074369079, 1246, 31, 391.8, 526.8512123930246, 21834.10446403859, 51.825550591119374, 21439.446343315973, 35828.53732771722, 109278, 0, 192955, 48238.75427246094, 45631.56481782096, 109789, 169, 176124, 44030.964374542236, 66303.113080353, 140184, 0, 0, 0, 0, 0, 40, 40, 25.912775295559687, 25.912775295559687, 24, 1246, 421.3, 525.6439542757689, 276301.56666666665, 0, 0, 0, 0, 0, 0, 0, 0, 1, 429.3, 450.8, 391.8, 40, 0, 90, 2336, 0, 78, 2031, 5, 2254, 5, 1959, 0, 0, 30, 8, 0.0, 0.0, 0, 0, 0.0, 0.0, 0, 0]]
INFO:root:BENIGN
INFO:root:[[443, 198822, 5, 6, 2254, 2499, 1246, 1246, 450.8, 584.7484074369079, 1246, 31, 416.5, 475.0982003754592, 23905.802609363007, 55.32586339217191, 19882.2021484375, 34136.52906552428, 109278, 0, 192955, 48238.75427246094, 45631.56481782096, 109789, 169, 182734, 36546.80252075195, 59809.20076692387, 140184, 0, 0, 0, 0, 0, 40, 48, 25.148119723714505, 30.177743668457406, 24, 1246, 432.09090909090907, 499.9522886327164, 249952.29090909092, 0, 0, 0, 0, 0, 0, 0, 0, 1, 440.09090909090907, 450.8, 416.5, 40, 0, 90, 2267, 0, 69, 2095, 5, 2254, 6, 2499, 0, 0, 35, 8, 0.0, 0.0, 0, 0, 0.0, 0.0, 0, 0]]
INFO:root:BENIGN
INFO:root:[[443, 199117, 6, 6, 2287, 2499, 1246, 1246, 381.1666666666667, 550.1248646140862, 1246, 33, 416.5, 475.0982003754592, 24036.126074498567, 60.266091285830086, 18101.540478793057, 32918.84977906117, 109278, 0, 199117, 39823.38905334473, 43769.52866604575, 109789, 169, 182734, 36546.80252075195, 59809.20076692387, 140184, 0, 0, 0, 0, 0, 48, 48, 30.133045642915043, 30.133045642915043, 24, 1246, 398.8333333333333, 490.41018700181127, 240502.15151515152, 0, 0, 0, 0, 0, 0, 0, 0, 1, 406.8333333333333, 381.1666666666667, 416.5, 48, 0, 64, 1914, 0, 69, 2092, 6, 2287, 6, 2499, 0, 0, 41, 8, 0.0, 0.0, 0, 0, 0.0, 0.0, 0, 0]]
INFO:root:BENIGN
INFO:root:[32mBENIGN 
[0mpass udp any any -> 192.168.100.1 53 (msg: "Benign; id:1027)
Protocol.UDP 192.168.100.4 57949 -> 192.168.100.1 53

INFO:root:[32mBENIGN 
[0mpass udp any any -> 192.168.100.1 53 (msg: "Benign; id:1027)
Protocol.UDP 192.168.100.4 56469 -> 192.168.100.1 53

INFO:root:[[443, 241, 2, 0, 2500, 1250, 1250, 1250, 1250.0, 0.0, 0, 1250, 0.0, 0.0, 10381940.594059406, 8305.552475247525, 240.80276489257812, 0.0, 241, 241, 241, 240.80276489257812, 0.0, 241, 241, 0, 0.0, 0.0, 0, 0, 0, 0, 0, 0, 16, 0, 8305.552475247525, 0.0, 1250, 1250, 1250.0, 0.0, 0.0, 0, 0, 0, 0, 0, 0, 0, 0, 0, 1258.0, 1250.0, 0.0, 16, 0, 625, 5190970, 0, 0, 0, 2, 2500, 0, 1250, 0, -1, 3, 8, 0.0, 0.0, 0, 0, 0.0, 0.0, 0, 0]]
INFO:root:BENIGN
INFO:root:[[443, 9719, 2, 1, 2500, 40, 1250, 1250, 1250.0, 0.0, 40, 40, 40.0, 0.0, 261346.58424099695, 308.67706800117753, 4859.447479248047, 6531.749994824313, 9478, 241, 241, 240.80276489257812, 0.0, 241, 241, 0, 0.0, 0.0, 0, 0, 0, 0, 0, 0, 16, 8, 205.784712000785, 102.8923560003925, 40, 1250, 846.6666666666666, 698.5938257194472, 488033.3333333333, 0, 0, 0, 0, 0, 0, 0, 0, 52, 854.6666666666666, 1250.0, 40.0, 16, 0, 625, 128615, 1, 40, 4116, 2, 2500, 1, 40, 0, 0, 5, 8, 0.0, 0.0, 0, 0, 0.0, 0.0, 0, 0]]
INFO:root:BENIGN
INFO:root:[[443, 21373, 2, 2, 2500, 1290, 1250, 1250, 1250.0, 0.0, 1250, 40, 645.0, 855.5992052357225, 177328.23345678463, 187.15380839766186, 7124.265034993489, 6059.709125022586, 11654, 241, 241, 240.80276489257812, 0.0, 241, 241, 11654, 11653.900146484375, 0.0, 11654, 11654, 0, 0, 0, 0, 16, 16, 93.57690419883093, 93.57690419883093, 40, 1250, 947.5, 605.0, 366025.0, 0, 0, 0, 0, 0, 0, 0, 0, 2, 955.5, 1250.0, 645.0, 16, 0, 625, 58486, 0, 322, 30179, 2, 2500, 2, 1290, 0, 0, 7, 8, 0.0, 0.0, 0, 0, 0.0, 0.0, 0, 0]]
INFO:root:BENIGN
INFO:root:[[443, 21373, 2, 3, 2500, 2540, 1250, 1250, 1250.0, 0.0, 1250, 40, 846.6666666666666, 698.5938257194472, 235813.79858105394, 233.94226049707734, 5343.198776245117, 6096.625120408478, 11654, 0, 241, 240.80276489257812, 0.0, 241, 241, 11654, 5826.9500732421875, 8240.551820850002, 11654, 0, 0, 0, 0, 0, 16, 24, 93.57690419883093, 140.3653562982464, 40, 1250, 1008.0, 541.1284505549492, 292820.0, 0, 0, 0, 0, 0, 0, 0, 0, 1, 1016.0, 1250.0, 846.6666666666666, 16, 0, 625, 58486, 0, 282, 39614, 2, 2500, 3, 2540, 0, 0, 9, 8, 0.0, 0.0, 0, 0, 0.0, 0.0, 0, 0]]
INFO:root:BENIGN
INFO:root:[[443, 21373, 2, 4, 2500, 3790, 1250, 1250, 1250.0, 0.0, 1250, 40, 947.5, 605.0, 294299.36370532325, 280.7307125964928, 4274.559020996094, 5795.393259011008, 11654, 0, 241, 240.80276489257812, 0.0, 241, 241, 11654, 3884.6333821614585, 6728.382386681773, 11654, 0, 0, 0, 0, 0, 16, 32, 93.57690419883093, 187.15380839766186, 40, 1250, 1048.3333333333333, 493.98043146127424, 244016.66666666666, 0, 0, 0, 0, 0, 0, 0, 0, 1, 1056.3333333333333, 1250.0, 947.5, 16, 0, 625, 58486, 0, 237, 44332, 2, 2500, 4, 3790, 0, 0, 11, 8, 0.0, 0.0, 0, 0, 0.0, 0.0, 0, 0]]
INFO:root:BENIGN
INFO:root:[[443, 21373, 2, 5, 2500, 4287, 1250, 1250, 1250.0, 0.0, 1250, 40, 857.4, 561.3455263917225, 317553.22439873277, 327.5191646959083, 3562.1325174967446, 5469.421866943711, 11654, 0, 241, 240.80276489257812, 0.0, 241, 241, 11654, 2913.4750366210938, 5826.9500732421875, 11654, 0, 0, 0, 0, 0, 16, 40, 93.57690419883093, 233.94226049707734, 40, 1250, 969.5714285714286, 496.760793253942, 246771.2857142857, 0, 0, 0, 0, 0, 0, 0, 0, 1, 977.5714285714286, 1250.0, 857.4, 16, 0, 625, 58486, 0, 171, 40116, 2, 2500, 5, 4287, 0, 0, 13, 8, 0.0, 0.0, 0, 0, 0.0, 0.0, 0, 0]]
INFO:root:BENIGN
INFO:root:[[443, 21607, 3, 5, 3750, 4287, 1250, 1250, 1250.0, 0.0, 1250, 1250, 857.4, 561.3455263917225, 371964.13002891, 370.2517158431355, 3086.703164236886, 5148.887691054186, 11654, 0, 21607, 10803.461074829102, 14937.854636625107, 21366, 241, 11654, 2913.4750366210938, 5826.9500732421875, 11654, 0, 0, 0, 0, 0, 24, 40, 138.8443934411758, 231.4073224019597, 40, 1250, 1004.625, 470.4766390131851, 221348.26785714287, 0, 0, 0, 0, 0, 0, 0, 0, 1, 1012.625, 1250.0, 857.4, 24, 0, 417, 57852, 0, 171, 39682, 3, 3750, 5, 4287, 0, 0, 16, 8, 0.0, 0.0, 0, 0, 0.0, 0.0, 0, 0]]
INFO:root:BENIGN
INFO:root:[[443, 22758, 4, 5, 3789, 4287, 1250, 1250, 947.25, 605.5, 1250, 39, 857.4, 561.3455263917225, 354867.8313306025, 395.46935140854663, 2844.7210788726807, 4815.827553720567, 11654, 0, 22758, 7585.922876993815, 11942.671674966976, 21366, 241, 11654, 2913.4750366210938, 5826.9500732421875, 11654, 0, 0, 0, 0, 0, 32, 40, 175.76415618157628, 219.70519522697035, 39, 1250, 897.3333333333334, 545.2368751285995, 297283.25, 0, 0, 0, 0, 0, 0, 0, 0, 1, 905.3333333333334, 947.25, 857.4, 32, 0, 237, 41623, 0, 171, 37675, 4, 3789, 5, 4287, 0, 0, 20, 8, 0.0, 0.0, 0, 0, 0.0, 0.0, 0, 0]]
INFO:root:BENIGN
INFO:root:[[443, 24141, 5, 5, 3954, 4287, 1250, 1250, 790.8, 630.3615629144912, 1250, 165, 857.4, 561.3455263917225, 341371.79038852785, 414.2358820392281, 2682.314978705512, 4531.065252357444, 11654, 0, 24141, 6035.208702087402, 10232.487265228418, 21366, 241, 11654, 2913.4750366210938, 5826.9500732421875, 11654, 0, 0, 0, 0, 0, 40, 40, 207.11794101961405, 207.11794101961405, 39, 1250, 824.1, 563.8111287380632, 317882.9888888889, 0, 0, 0, 0, 0, 0, 0, 0, 1, 832.1, 790.8, 857.4, 40, 0, 158, 32758, 0, 171, 35517, 5, 3954, 5, 4287, 0, 0, 25, 8, 0.0, 0.0, 0, 0, 0.0, 0.0, 0, 0]]
INFO:root:BENIGN
INFO:root:[[443, 25079, 6, 5, 5200, 4287, 1250, 1250, 866.6666666666666, 593.6489422770554, 1250, 1246, 857.4, 561.3455263917225, 378288.0371144998, 438.61794121002396, 2507.8773498535156, 4307.39651118765, 11654, 0, 25079, 5015.754699707031, 9150.09721476461, 21366, 241, 11654, 2913.4750366210938, 5826.9500732421875, 11654, 0, 0, 0, 0, 0, 48, 40, 239.24614975092217, 199.3717914591018, 39, 1250, 862.4545454545455, 549.7967558355294, 302276.4727272727, 0, 0, 0, 0, 0, 0, 0, 0, 1, 870.4545454545455, 866.6666666666666, 857.4, 48, 0, 144, 34558, 0, 171, 34188, 6, 5200, 5, 4287, 0, 0, 31, 8, 0.0, 0.0, 0, 0, 0.0, 0.0, 0, 0]]
INFO:root:BENIGN
INFO:root:[[443, 25343, 7, 5, 6450, 4287, 1250, 1250, 921.4285714285714, 560.9586607296646, 1250, 1250, 857.4, 561.3455263917225, 423668.26642582973, 473.50462858433053, 2303.9037531072445, 4141.974860377365, 11654, 0, 25343, 4223.823547363281, 8410.84733733941, 21366, 241, 11654, 2913.4750366210938, 5826.9500732421875, 11654, 0, 0, 0, 0, 0, 56, 40, 276.2110333408595, 197.29359524347106, 39, 1250, 894.75, 536.0156247722635, 287312.75, 0, 0, 0, 0, 0, 0, 0, 0, 2, 902.75, 921.4285714285714, 857.4, 56, 0, 132, 36358, 0, 171, 33832, 7, 6450, 5, 4287, 0, 0, 38, 8, 0.0, 0.0, 0, 0, 0.0, 0.0, 0, 0]]
INFO:root:BENIGN
INFO:root:[[443, 25459, 8, 5, 7700, 4287, 1250, 1250, 962.5, 532.1804205342395, 1250, 1250, 857.4, 561.3455263917225, 470838.92461276246, 510.62868273679084, 2121.567726135254, 3999.410022042976, 11654, 0, 25459, 3636.9732448032923, 7833.435626849465, 21366, 116, 11654, 2913.4750366210938, 5826.9500732421875, 11654, 0, 0, 0, 0, 0, 64, 40, 314.2330355303328, 196.39564720645802, 39, 1250, 922.0769230769231, 522.568569908687, 273077.91025641025, 0, 0, 0, 0, 0, 0, 0, 0, 2, 930.0769230769231, 962.5, 857.4, 64, 0, 120, 37806, 0, 171, 33678, 8, 7700, 5, 4287, 0, 0, 46, 8, 0.0, 0.0, 0, 0, 0.0, 0.0, 0, 0]]
INFO:root:BENIGN
INFO:root:[[443, 25519, 9, 5, 8950, 4287, 1250, 1250, 994.4444444444445, 506.9497290439929, 1250, 1250, 857.4, 561.3455263917225, 518713.69889941515, 548.6131135900741, 1962.9918611966646, 3871.5943027323506, 11654, 0, 25519, 3189.86177444458, 7361.785184002987, 21366, 60, 11654, 2913.4750366210938, 5826.9500732421875, 11654, 0, 0, 0, 0, 0, 72, 40, 352.67985873647626, 195.93325485359793, 39, 1250, 945.5, 509.65957718401074, 259752.88461538462, 0, 0, 0, 0, 0, 0, 0, 0, 2, 953.5, 994.4444444444445, 857.4, 72, 0, 110, 38969, 0, 171, 33599, 9, 8950, 5, 4287, 0, 0, 55, 8, 0.0, 0.0, 0, 0, 0.0, 0.0, 0, 0]]
INFO:root:BENIGN
INFO:root:[[443, 25579, 10, 5, 10200, 4287, 1250, 1250, 1020.0, 484.7407096124232, 1250, 1250, 857.4, 561.3455263917225, 566363.5707175214, 586.4191040769532, 1827.0696912493024, 3754.313719350433, 11654, 0, 25579, 2842.108408610026, 6964.896811118131, 21366, 60, 11654, 2913.4750366210938, 5826.9500732421875, 11654, 0, 0, 0, 0, 0, 80, 40, 390.94606938463545, 195.47303469231773, 39, 1250, 965.8, 497.3735589502694, 247380.45714285714, 0, 0, 0, 0, 0, 0, 0, 0, 2, 973.8, 1020.0, 857.4, 80, 0, 102, 39876, 0, 171, 33520, 10, 10200, 5, 4287, 0, 0, 65, 8, 0.0, 0.0, 0, 0, 0.0, 0.0, 0, 0]]
INFO:root:BENIGN
INFO:root:[[443, 25629, 11, 5, 11450, 4287, 1250, 1250, 1040.909090909091, 465.06482441600645, 1250, 1250, 857.4, 561.3455263917225, 614035.6486162147, 624.2975394204382, 1708.5870107014973, 3646.7337647817913, 11654, 0, 25629, 2562.880516052246, 6625.669275666433, 21366, 50, 11654, 2913.4750366210938, 5826.9500732421875, 11654, 0, 0, 0, 0, 0, 88, 40, 429.2045583515512, 195.09298106888693, 39, 1250, 983.5625, 485.73298134537526, 235936.52916666667, 0, 0, 0, 0, 0, 0, 0, 0, 3, 991.5625, 1040.909090909091, 857.4, 88, 0, 95, 40615, 0, 171, 33455, 11, 11450, 5, 4287, 0, 0, 76, 8, 0.0, 0.0, 0, 0, 0.0, 0.0, 0, 0]]
INFO:root:BENIGN
INFO:root:[[443, 25690, 12, 5, 12700, 4287, 1250, 1250, 1058.3333333333333, 447.5111645805526, 1250, 1250, 857.4, 561.3455263917225, 661234.1606852837, 661.7401973067535, 1605.6150197982788, 3547.074997189764, 11654, 0, 25690, 2335.4400287974963, 6330.763377597413, 21366, 50, 11654, 2913.4750366210938, 5826.9500732421875, 11654, 0, 0, 0, 0, 0, 96, 40, 467.11072751064955, 194.629469796104, 39, 1250, 999.2352941176471, 474.72762314454656, 225366.3161764706, 0, 0, 0, 0, 0, 0, 0, 0, 3, 1007.2352941176471, 1058.3333333333333, 857.4, 96, 0, 88, 41197, 0, 171, 33375, 12, 12700, 5, 4287, 0, 0, 88, 8, 0.0, 0.0, 0, 0, 0.0, 0.0, 0, 0]]
INFO:root:BENIGN
INFO:root:[[443, 25758, 13, 5, 13950, 4287, 1250, 1250, 1073.076923076923, 431.7444192919505, 1250, 1250, 857.4, 561.3455263917225, 708018.8275019438, 698.817727424192, 1515.1640948127297, 3454.6295761023093, 11654, 0, 25758, 2146.482467651367, 6071.533460187742, 21366, 50, 11654, 2913.4750366210938, 5826.9500732421875, 11654, 0, 0, 0, 0, 0, 104, 40, 504.70169202858307, 194.11603539560886, 39, 1250, 1013.1666666666666, 464.33066944606975, 215602.9705882353, 0, 0, 0, 0, 0, 0, 0, 0, 3, 1021.1666666666666, 1073.076923076923, 857.4, 104, 0, 83, 41660, 0, 171, 33287, 13, 13950, 5, 4287, 0, 0, 101, 8, 0.0, 0.0, 0, 0, 0.0, 0.0, 0, 0]]
INFO:root:BENIGN
INFO:root:[[443, 25811, 14, 5, 15200, 4287, 1250, 1250, 1085.7142857142858, 417.49296236747944, 1250, 1250, 857.4, 561.3455263917225, 754989.4424297287, 736.1214864353079, 1433.9420530531143, 3369.151894241242, 11654, 0, 25811, 1985.458227304312, 5841.971683949055, 21366, 50, 11654, 2913.4750366210938, 5826.9500732421875, 11654, 0, 0, 0, 0, 0, 112, 40, 542.4053057944374, 193.7161806408705, 39, 1250, 1025.6315789473683, 454.507573647485, 206577.134502924, 0, 0, 0, 0, 0, 0, 0, 0, 4, 1033.6315789473683, 1085.7142857142858, 857.4, 112, 0, 78, 42064, 0, 171, 33218, 14, 15200, 5, 4287, 0, 0, 115, 8, 0.0, 0.0, 0, 0, 0.0, 0.0, 0, 0]]
INFO:root:BENIGN
INFO:root:[[443, 25872, 15, 5, 15752, 4287, 1250, 1250, 1050.1333333333334, 425.25334745750035, 1250, 552, 857.4, 561.3455263917225, 774544.1446435977, 773.0367230336819, 1361.6837953266345, 3289.341421393286, 11654, 0, 25872, 1847.9994365147181, 5636.300431207869, 21366, 50, 11654, 2913.4750366210938, 5826.9500732421875, 11654, 0, 0, 0, 0, 0, 120, 40, 579.7775422752615, 193.25918075842048, 39, 1250, 1001.95, 454.8856970365424, 206920.99736842106, 0, 0, 0, 0, 0, 0, 0, 0, 4, 1009.95, 1050.1333333333334, 857.4, 120, 0, 70, 40590, 0, 171, 33140, 15, 15752, 5, 4287, 0, 0, 130, 8, 0.0, 0.0, 0, 0, 0.0, 0.0, 0, 0]]
INFO:root:BENIGN
INFO:root:[[443, 37429, 15, 6, 15752, 5537, 1250, 1250, 1050.1333333333334, 425.25334745750035, 1250, 552, 922.8333333333334, 527.0447482583113, 568785.7534079038, 561.0644380462201, 1871.4427947998047, 3930.31682145722, 11654, 0, 25872, 1847.9994365147181, 5636.300431207869, 21366, 50, 27710, 5541.9921875, 7746.645882533012, 16056, 0, 0, 0, 0, 0, 120, 48, 400.7603128901572, 160.3041251560629, 39, 1250, 1013.7619047619048, 446.659703215088, 199504.89047619049, 0, 0, 0, 0, 0, 0, 0, 0, 3, 1021.7619047619048, 1050.1333333333334, 922.8333333333334, 120, 0, 70, 28057, 0, 154, 24656, 15, 15752, 6, 5537, 0, 0, 145, 8, 0.0, 0.0, 0, 0, 0.0, 0.0, 0, 0]]
INFO:root:BENIGN
INFO:root:[[443, 37429, 15, 7, 15752, 6055, 1250, 1250, 1050.1333333333334, 425.25334745750035, 1250, 518, 865.0, 504.8692900147522, 582625.3428797106, 587.7817922388972, 1782.3264712379091, 3852.5052761556426, 11654, 0, 25872, 1847.9994365147181, 5636.300431207869, 21366, 50, 27710, 4618.326822916667, 7288.852048016732, 16056, 0, 0, 0, 0, 0, 120, 56, 400.7603128901572, 187.02147934874003, 39, 1250, 991.2272727272727, 448.5269999642939, 201176.4696969697, 0, 0, 0, 0, 0, 0, 0, 0, 3, 999.2272727272727, 1050.1333333333334, 865.0, 120, 0, 70, 28057, 0, 124, 23111, 15, 15752, 7, 6055, 0, 0, 160, 8, 0.0, 0.0, 0, 0, 0.0, 0.0, 0, 0]]
INFO:root:BENIGN
INFO:root:[[443, 37429, 15, 8, 15752, 6176, 1250, 1250, 1050.1333333333334, 425.25334745750035, 1250, 121, 772.0, 536.3503652331322, 585858.1427370245, 614.4991464315743, 1701.3116316361861, 3778.8145710692534, 11654, 0, 25872, 1847.9994365147181, 5636.300431207869, 21366, 50, 27710, 3958.565848214286, 6878.938529144333, 16056, 0, 0, 0, 0, 0, 120, 64, 400.7603128901572, 213.73883354141716, 39, 1250, 953.3913043478261, 474.2973500712238, 224957.976284585, 0, 0, 0, 0, 0, 0, 0, 0, 3, 961.3913043478261, 1050.1333333333334, 772.0, 120, 0, 70, 28057, 0, 96, 20626, 15, 15752, 8, 6176, 0, 0, 175, 8, 0.0, 0.0, 0, 0, 0.0, 0.0, 0, 0]]
INFO:root:BENIGN
INFO:root:[[443, 37429, 15, 9, 15752, 6203, 1250, 1250, 1050.1333333333334, 425.25334745750035, 1250, 27, 689.2222222222222, 559.805496975909, 586579.5113002268, 641.2165006242516, 1627.3415606954823, 3708.9378897400584, 11654, 0, 25872, 1847.9994365147181, 5636.300431207869, 21366, 50, 27710, 3463.7451171875, 6520.629185836679, 16056, 0, 0, 0, 0, 0, 120, 72, 400.7603128901572, 240.45618773409433, 27, 1250, 914.7916666666666, 500.9346897608481, 250935.5634057971, 0, 0, 0, 0, 0, 0, 0, 0, 3, 922.7916666666666, 1050.1333333333334, 689.2222222222222, 120, 0, 70, 28057, 0, 77, 18414, 15, 15752, 9, 6203, 0, 0, 190, 8, 0.0, 0.0, 0, 0, 0.0, 0.0, 0, 0]]
INFO:root:BENIGN
INFO:root:[[443, 37429, 15, 10, 15752, 6226, 1250, 1250, 1050.1333333333334, 425.25334745750035, 1250, 23, 622.6, 568.2843967201243, 587194.0104466584, 667.9338548169287, 1559.5356623331706, 3642.590711696643, 11654, 0, 25872, 1847.9994365147181, 5636.300431207869, 21366, 50, 27710, 3078.8845486111113, 6207.804625790945, 16056, 0, 0, 0, 0, 0, 120, 80, 400.7603128901572, 267.17354192677146, 23, 1250, 879.12, 521.8156858508568, 272291.61, 0, 0, 0, 0, 0, 0, 0, 0, 3, 887.12, 1050.1333333333334, 622.6, 120, 0, 70, 28057, 0, 62, 16634, 15, 15752, 10, 6226, 0, 0, 205, 8, 0.0, 0.0, 0, 0, 0.0, 0.0, 0, 0]]
INFO:root:BENIGN
INFO:root:[[443, 37429, 15, 11, 15752, 6249, 1250, 1250, 1050.1333333333334, 425.25334745750035, 1250, 23, 568.0909090909091, 568.626495081869, 587808.5095930899, 694.6512090096059, 1497.1542358398438, 3579.511189629543, 11654, 0, 25872, 1847.9994365147181, 5636.300431207869, 21366, 50, 27710, 2770.99609375, 5933.204897797556, 16056, 0, 0, 0, 0, 0, 120, 88, 400.7603128901572, 293.8908961194486, 23, 1250, 846.1923076923077, 538.1356720553484, 289590.00153846154, 0, 0, 0, 0, 0, 0, 0, 0, 3, 854.1923076923077, 1050.1333333333334, 568.0909090909091, 120, 0, 70, 28057, 0, 52, 15178, 15, 15752, 11, 6249, 0, 0, 220, 8, 0.0, 0.0, 0, 0, 0.0, 0.0, 0, 0]]
INFO:root:BENIGN
INFO:root:[[443, 37429, 15, 12, 15752, 6272, 1250, 1250, 1050.1333333333334, 425.25334745750035, 1250, 23, 522.6666666666666, 564.5371931274701, 588423.0087395215, 721.368563202283, 1439.5713806152344, 3519.459441168069, 11654, 0, 25872, 1847.9994365147181, 5636.300431207869, 21366, 50, 27710, 2519.0873579545455, 5690.401255289009, 16056, 0, 0, 0, 0, 0, 120, 96, 400.7603128901572, 320.6082503121258, 23, 1250, 815.7037037037037, 550.9536358278334, 303549.90883190883, 0, 0, 0, 0, 0, 0, 0, 0, 2, 823.7037037037037, 1050.1333333333334, 522.6666666666666, 120, 0, 70, 28057, 0, 44, 13964, 15, 15752, 12, 6272, 0, 0, 235, 8, 0.0, 0.0, 0, 0, 0.0, 0.0, 0, 0]]
INFO:root:BENIGN
INFO:root:[[443, 37429, 15, 13, 15752, 6295, 1250, 1250, 1050.1333333333334, 425.25334745750035, 1250, 23, 484.2307692307692, 557.9864326077821, 589037.5078859531, 748.0859173949601, 1386.2539220739293, 3462.216277868399, 11654, 0, 25872, 1847.9994365147181, 5636.300431207869, 21366, 50, 27710, 2309.1634114583335, 5474.10141085194, 16056, 0, 0, 0, 0, 0, 120, 104, 400.7603128901572, 347.3256045048029, 23, 1250, 787.3928571428571, 561.0253403721463, 314749.43253968254, 0, 0, 0, 0, 0, 0, 0, 0, 2, 795.3928571428571, 1050.1333333333334, 484.2307692307692, 120, 0, 70, 28057, 0, 37, 12937, 15, 15752, 13, 6295, 0, 0, 250, 8, 0.0, 0.0, 0, 0, 0.0, 0.0, 0, 0]]
INFO:root:BENIGN
INFO:root:[[443, 37964, 16, 13, 15912, 6295, 1250, 1250, 994.5, 467.2317055451895, 1250, 160, 484.2307692307692, 557.9864326077821, 584950.9453376206, 763.8842443729903, 1355.8523995535713, 3401.302666393699, 11654, 0, 37964, 2530.9244791666665, 6041.0717005457545, 21366, 50, 27710, 2309.1634114583335, 5474.10141085194, 16056, 0, 0, 0, 0, 0, 128, 104, 421.4533762057878, 342.43086816720256, 23, 1250, 765.7586206896551, 563.0999438803289, 317081.54679802957, 0, 0, 0, 0, 0, 0, 0, 0, 3, 773.7586206896551, 994.5, 484.2307692307692, 128, 0, 62, 26196, 0, 37, 12755, 16, 15912, 13, 6295, 0, 0, 266, 8, 0.0, 0.0, 0, 0, 0.0, 0.0, 0, 0]]
INFO:root:BENIGN
INFO:root:[[443, 38243, 17, 13, 15945, 6295, 1250, 1250, 937.9411764705883, 508.96235992804947, 1250, 33, 484.2307692307692, 557.9864326077821, 581547.1188638546, 784.4610416328974, 1318.7178250016837, 3345.9941101716877, 11654, 0, 38243, 2390.1760578155518, 5863.321529775686, 21366, 50, 27710, 2309.1634114583335, 5474.10141085194, 16056, 0, 0, 0, 0, 0, 136, 104, 444.52792359197514, 339.9331180409222, 23, 1250, 741.3333333333334, 569.249980439073, 324045.5402298851, 0, 0, 0, 0, 0, 0, 0, 0, 3, 749.3333333333334, 937.9411764705883, 484.2307692307692, 136, 0, 55, 24526, 0, 37, 12662, 17, 15945, 13, 6295, 0, 0, 283, 8, 0.0, 0.0, 0, 0, 0.0, 0.0, 0, 0]]
INFO:root:BENIGN
INFO:root:[[443, 38555, 18, 13, 15978, 6295, 1250, 1250, 887.6666666666666, 537.8664824481782, 1250, 33, 484.2307692307692, 557.9864326077821, 577695.5988893767, 804.0481105181466, 1285.1635615030925, 3292.931130464966, 11654, 0, 38555, 2267.9356967701633, 5699.4654706559995, 21366, 50, 27710, 2309.1634114583335, 5474.10141085194, 16056, 0, 0, 0, 0, 0, 144, 104, 466.86664481698836, 337.18146570115823, 23, 1250, 718.483870967742, 573.95910835574, 329429.0580645161, 0, 0, 0, 0, 0, 0, 0, 0, 3, 726.483870967742, 887.6666666666666, 484.2307692307692, 144, 0, 49, 23023, 0, 37, 12560, 18, 15978, 13, 6295, 0, 0, 301, 8, 0.0, 0.0, 0, 0, 0.0, 0.0, 0, 0]]
INFO:root:BENIGN
INFO:root:[[443, 38750, 19, 13, 16011, 6295, 1250, 1250, 842.6842105263158, 558.2769178096694, 1250, 33, 484.2307692307692, 557.9864326077821, 575639.701370217, 825.8078742870504, 1249.9978465418662, 3243.498785019535, 11654, 0, 38750, 2152.774069044325, 5550.838515206733, 21366, 50, 27710, 2309.1634114583335, 5474.10141085194, 16056, 0, 0, 0, 0, 0, 152, 104, 490.3234253579361, 335.4844489291142, 23, 1250, 697.0625, 577.4827430741001, 333486.3185483871, 0, 0, 0, 0, 0, 0, 0, 0, 3, 705.0625, 842.6842105263158, 484.2307692307692, 152, 0, 44, 21747, 0, 37, 12496, 19, 16011, 13, 6295, 0, 0, 320, 8, 0.0, 0.0, 0, 0, 0.0, 0.0, 0, 0]]
INFO:root:BENIGN
INFO:root:[[443, 51100, 19, 14, 16011, 6320, 1250, 1250, 842.6842105263158, 558.2769178096694, 1250, 25, 451.42857142857144, 549.966112842169, 437007.77604419395, 645.7953790452018, 1596.8680381774902, 3745.814479067174, 12350, 0, 38750, 2152.774069044325, 5550.838515206733, 21366, 50, 41381, 3183.144789475661, 6115.439660414788, 16056, 0, 0, 0, 0, 0, 152, 112, 371.8215818745101, 273.9737971706916, 23, 1250, 676.6969696969697, 580.3031796423576, 336751.7803030303, 0, 0, 0, 0, 0, 0, 0, 0, 3, 684.6969696969697, 842.6842105263158, 451.42857142857144, 152, 0, 44, 16491, 0, 32, 8834, 19, 16011, 14, 6320, 0, 0, 339, 8, 0.0, 0.0, 0, 0, 0.0, 0.0, 0, 0]]
INFO:root:BENIGN
INFO:root:[[443, 295046, 19, 15, 16011, 6490, 1250, 1250, 842.6842105263158, 558.2769178096694, 1250, 25, 432.6666666666667, 534.9190414935525, 76262.72254652884, 115.23632578916407, 8940.783413973722, 42348.37333318554, 243946, 0, 38750, 2152.774069044325, 5550.838515206733, 21366, 50, 285327, 20380.496978759766, 64614.29175650759, 243946, 0, 0, 0, 0, 0, 152, 120, 64.39677029394463, 50.83955549521944, 23, 1250, 661.7941176470588, 578.0124660190646, 334098.41087344027, 0, 0, 0, 0, 0, 0, 0, 0, 2, 669.7941176470588, 842.6842105263158, 432.6666666666667, 152, 0, 44, 2856, 0, 29, 1466, 19, 16011, 15, 6490, 0, 0, 358, 8, 0.0, 0.0, 0, 0, 0.0, 0.0, 0, 0]]
INFO:root:BENIGN
INFO:root:[[443, 295046, 19, 16, 16011, 6660, 1250, 1250, 842.6842105263158, 558.2769178096694, 1250, 25, 416.25, 520.9362724940547, 76838.90417547466, 118.62562948884536, 8677.81919591567, 41729.97529894767, 243946, 0, 38750, 2152.774069044325, 5550.838515206733, 21366, 50, 285327, 19021.79718017578, 62485.861697722845, 243946, 0, 0, 0, 0, 0, 152, 128, 64.39677029394463, 54.228859194900735, 23, 1250, 647.7428571428571, 575.4844170659309, 331182.3142857143, 0, 0, 0, 0, 0, 0, 0, 0, 2, 655.7428571428571, 842.6842105263158, 416.25, 152, 0, 44, 2856, 0, 26, 1411, 19, 16011, 16, 6660, 0, 0, 377, 8, 0.0, 0.0, 0, 0, 0.0, 0.0, 0, 0]]
INFO:root:BENIGN
INFO:root:[[443, 296368, 20, 16, 16050, 6660, 1250, 1250, 802.5, 572.3326691798453, 1250, 39, 416.25, 520.9362724940547, 76627.73616978143, 121.4706517882929, 8467.653819492885, 41130.51656422433, 243946, 0, 296368, 15598.309667486894, 58855.4684302929, 257618, 50, 285327, 19021.79718017578, 62485.861697722845, 243946, 0, 0, 0, 0, 0, 160, 128, 67.4836954379405, 53.9869563503524, 23, 1250, 630.8333333333334, 576.2061387088082, 332013.5142857143, 0, 0, 0, 0, 0, 0, 0, 0, 2, 638.8333333333334, 802.5, 416.25, 160, 0, 40, 2708, 0, 26, 1405, 20, 16050, 16, 6660, 0, 0, 397, 8, 0.0, 0.0, 0, 0, 0.0, 0.0, 0, 0]]
INFO:root:BENIGN
INFO:root:[[443, 332727, 20, 17, 16050, 6684, 1250, 1250, 802.5, 572.3326691798453, 1250, 24, 393.1764705882353, 513.2877160148728, 68326.29466922909, 111.20229184311938, 9242.415428161621, 40804.334976251186, 243946, 0, 296368, 15598.309667486894, 58855.4684302929, 257618, 50, 323008, 20188.00377845764, 60547.04498633963, 243946, 0, 0, 0, 0, 0, 160, 136, 60.10934694222669, 51.09294490089269, 23, 1250, 614.4324324324324, 576.8392583987588, 332743.53003003006, 0, 0, 0, 0, 0, 0, 0, 0, 2, 622.4324324324324, 802.5, 393.1764705882353, 160, 0, 40, 2412, 0, 23, 1182, 20, 16050, 17, 6684, 0, 0, 417, 8, 0.0, 0.0, 0, 0, 0.0, 0.0, 0, 0]]
INFO:root:BENIGN
INFO:root:[[55680, 3194417, 7, 4, 6573, 74, 1412, 1412, 939.0, 631.7940065137265, 74, 0, 18.5, 37.0, 2080.8178770589466, 3.44350784529087, 319441.69998168945, 944348.0125006107, 3001686, 0, 192617, 32102.82325744629, 78635.53628349594, 192617, 0, 3194110, 1064703.385035197, 1680153.570485807, 3001686, 1399, 1, 1, 1, 1, 140, 80, 2.191323174276008, 1.2521846710148619, 0, 1412, 604.2727272727273, 674.9743833523004, 455590.41818181815, 1, 0, 0, 1, 1, 0, 0, 0, 44, 624.2727272727273, 939.0, 18.5, 140, 0, 134, 294, 0, 5, 6, 7, 6573, 4, 74, 16384, 512, 52, 20, 0.0, 0.0, 0, 0, 0.0, 0.0, 0, 0]]
INFO:root:BENIGN
INFO:root:[[55679, 3194719, 13, 4, 477, 31, 281, 0, 36.69230769230769, 80.03789166741028, 31, 0, 7.75, 15.5, 159.012428261036, 5.3212820481055365, 199669.92735862732, 736218.3076705125, 2954669, 0, 240050, 20004.15325164795, 55688.25429690198, 191099, 0, 3194311, 1064770.3011830647, 1641725.5308643356, 2955585, 1560, 1, 1, 1, 1, 260, 80, 4.06921568384541, 1.2520663642601262, 0, 281, 29.88235294117647, 70.7794835677518, 5009.735294117647, 1, 0, 0, 1, 1, 0, 0, 0, 7, 49.88235294117647, 36.69230769230769, 7.75, 260, 0, 3, 11, 0, 2, 2, 13, 477, 4, 31, 16383, 512, 50, 20, 0.0, 0.0, 0, 0, 0.0, 0.0, 0, 0]]
INFO:root:BENIGN
INFO:root:[[55679, 138, 1, 1, 0, 0, 0, 0, 0.0, 0.0, 0, 0, 0.0, 0.0, 0.0, 14488.096718480137, 138.0443572998047, 0.0, 138, 138, 0, 0.0, 0.0, 0, 0, 0, 0.0, 0.0, 0, 0, 0, 0, 0, 0, 20, 20, 7244.048359240069, 7244.048359240069, 0, 0, 0.0, 0.0, 0.0, 1, 0, 0, 0, 1, 0, 0, 0, 1, 20.0, 0.0, 0.0, 20, 0, 0, 0, 0, 0, 0, 1, 0, 1, 0, 16386, 511, 1, 20, 0.0, 0.0, 0, 0, 0.0, 0.0, 0, 0]]
INFO:root:BENIGN
INFO:root:[[443, 308454, 1, 1, 28, 0, 28, 28, 28.0, 0.0, 0, 0, 0.0, 0.0, 90.7752749758454, 6.483948212560387, 308454.0367126465, 0.0, 308454, 308454, 0, 0.0, 0.0, 0, 0, 0, 0.0, 0.0, 0, 0, 1, 1, 0, 0, 20, 20, 3.2419741062801934, 3.2419741062801934, 0, 28, 14.0, 19.79898987322333, 392.0, 0, 0, 0, 1, 1, 0, 0, 0, 2, 34.0, 28.0, 0.0, 20, 1, 28, 91, 0, 0, 0, 1, 28, 1, 0, 1019, 16382, 2, 20, 0.0, 0.0, 0, 0, 0.0, 0.0, 0, 0]]
INFO:root:BENIGN
INFO:root:[[52853, 4571771, 7, 4, 520, 669, 160, 160, 74.28571428571429, 50.25838001671723, 562, 79, 167.25, 263.1936866010784, 260.07426057075844, 2.406069694094485, 457177.11448669434, 1142506.7942107036, 3668028, 0, 4571771, 761961.8574778239, 1440676.66783433, 3668028, 0, 884237, 294745.68367004395, 250385.8130485301, 509218, 19598, 0, 0, 0, 0, 56, 32, 1.5311352598783086, 0.8749344342161763, 24, 562, 108.0909090909091, 156.51418756486873, 24496.69090909091, 0, 0, 0, 0, 0, 0, 0, 0, 1, 116.0909090909091, 74.28571428571429, 167.25, 56, 0, 11, 16, 0, 42, 37, 7, 520, 4, 669, 0, 0, 40, 8, 0.0, 0.0, 0, 0, 0.0, 0.0, 0, 0]]
INFO:root:BENIGN
INFO:root:[[52853, 4571771, 8, 4, 599, 669, 160, 160, 74.875, 46.56006105788829, 562, 79, 167.25, 263.1936866010784, 277.3542156465279, 2.624803302648529, 415615.5586242676, 1092607.2439438698, 3668028, 0, 4571771, 653110.1635524204, 1346315.4248769237, 3668028, 0, 884237, 294745.68367004395, 250385.8130485301, 509218, 19598, 0, 0, 0, 0, 64, 32, 1.7498688684323527, 0.8749344342161763, 24, 562, 105.66666666666667, 149.46652609946625, 22340.242424242424, 0, 0, 0, 0, 0, 0, 0, 0, 1, 113.66666666666667, 74.875, 167.25, 64, 0, 9, 16, 0, 42, 37, 8, 599, 4, 669, 0, 0, 48, 8, 0.0, 0.0, 0, 0, 0.0, 0.0, 0, 0]]
INFO:root:BENIGN
INFO:root:[[52853, 4572557, 8, 5, 599, 703, 160, 160, 74.875, 46.56006105788829, 562, 34, 140.6, 235.59350585277176, 284.74221487657087, 2.8430482284143017, 381046.4143753052, 1048620.2749798999, 3668028, 0, 4571771, 653110.1635524204, 1346315.4248769237, 3668028, 0, 4567289, 1141822.2188949585, 1706443.6692622562, 3683052, 19598, 0, 0, 0, 0, 64, 40, 1.7495681405626473, 1.0934800878516546, 24, 562, 100.15384615384616, 144.47712976675936, 20873.641025641027, 0, 0, 0, 0, 0, 0, 0, 0, 1, 108.15384615384616, 74.875, 140.6, 64, 0, 9, 16, 0, 28, 31, 8, 599, 5, 703, 0, 0, 56, 8, 0.0, 0.0, 0, 0, 0.0, 0.0, 0, 0]]
INFO:root:BENIGN
INFO:root:[[443, 4761393, 8, 13, 1911, 11890, 1412, 0, 238.875, 496.1789531725712, 1412, 0, 914.6153846153846, 651.5168888142935, 2898.521606497189, 4.410474149441415, 238069.6415901184, 1007030.4660970577, 4514536, 0, 4761393, 680198.9759717669, 1691587.7071231392, 4514536, 0, 161996, 13499.65731302897, 36824.415978453835, 128460, 0, 1, 1, 1, 1, 172, 272, 1.6801806283586342, 2.7302935210827806, 0, 1412, 657.1904761904761, 673.736863994217, 453921.3619047619, 1, 1, 0, 1, 1, 0, 0, 0, 0, 678.3333333333334, 238.875, 914.6153846153846, 172, 0, 30, 50, 0, 70, 192, 8, 1911, 13, 11890, 64240, 65535, 41, 20, 0.0, 0.0, 0, 0, 0.0, 0.0, 0, 0]]
INFO:root:BENIGN
INFO:root:[[55681, 103, 1, 1, 0, 0, 0, 0, 0.0, 0.0, 0, 0, 0.0, 0.0, 0.0, 19418.074074074073, 102.996826171875, 0.0, 103, 103, 0, 0.0, 0.0, 0, 0, 0, 0.0, 0.0, 0, 0, 0, 0, 0, 0, 20, 20, 9709.037037037036, 9709.037037037036, 0, 0, 0.0, 0.0, 0.0, 1, 0, 0, 0, 1, 0, 0, 0, 1, 20.0, 0.0, 0.0, 20, 0, 0, 0, 0, 0, 0, 1, 0, 1, 0, 1047, 509, 1, 20, 0.0, 0.0, 0, 0, 0.0, 0.0, 0, 0]]
INFO:root:BENIGN
INFO:root:[32mBENIGN 
[0mpass udp any any -> 192.168.100.1 53 (msg: "Benign; id:1027)
Protocol.UDP 192.168.100.4 62662 -> 192.168.100.1 53

INFO:root:[32mBENIGN 
[0mpass udp any any -> 192.168.100.1 53 (msg: "Benign; id:1027)
Protocol.UDP 192.168.100.4 52192 -> 192.168.100.1 53

INFO:root:[[443, 153, 2, 0, 2500, 1250, 1250, 1250, 1250.0, 0.0, 0, 1250, 0.0, 0.0, 16332959.501557633, 13066.367601246106, 153.06472778320312, 0.0, 153, 153, 153, 153.06472778320312, 0.0, 153, 153, 0, 0.0, 0.0, 0, 0, 0, 0, 0, 0, 16, 0, 13066.367601246106, 0.0, 1250, 1250, 1250.0, 0.0, 0.0, 0, 0, 0, 0, 0, 0, 0, 0, 0, 1258.0, 1250.0, 0.0, 16, 0, 625, 8166480, 0, 0, 0, 2, 2500, 0, 1250, 0, -1, 3, 8, 0.0, 0.0, 0, 0, 0.0, 0.0, 0, 0]]
INFO:root:BENIGN
INFO:root:[[443, 12622, 2, 1, 2500, 40, 1250, 1250, 1250.0, 0.0, 40, 40, 40.0, 0.0, 201234.0560246312, 237.67801892672975, 6311.05899810791, 8708.719014109012, 12469, 153, 153, 153.06472778320312, 0.0, 153, 153, 0, 0.0, 0.0, 0, 0, 0, 0, 0, 0, 16, 8, 158.45201261781983, 79.22600630890992, 40, 1250, 846.6666666666666, 698.5938257194472, 488033.3333333333, 0, 0, 0, 0, 0, 0, 0, 0, 52, 854.6666666666666, 1250.0, 40.0, 16, 0, 625, 99033, 1, 40, 3169, 2, 2500, 1, 40, 0, 0, 5, 8, 0.0, 0.0, 0, 0, 0.0, 0.0, 0, 0]]
INFO:root:BENIGN
INFO:root:[[443, 15395, 2, 2, 2500, 1290, 1250, 1250, 1250.0, 0.0, 1250, 40, 645.0, 855.5992052357225, 246181.19556464104, 259.8218422845816, 5131.721496582031, 6487.942991493362, 12469, 153, 153, 153.06472778320312, 0.0, 153, 153, 2773, 2773.0464935302734, 0.0, 2773, 2773, 0, 0, 0, 0, 16, 16, 129.9109211422908, 129.9109211422908, 40, 1250, 947.5, 605.0, 366025.0, 0, 0, 0, 0, 0, 0, 0, 0, 2, 955.5, 1250.0, 645.0, 16, 0, 625, 81194, 0, 322, 41896, 2, 2500, 2, 1290, 0, 0, 7, 8, 0.0, 0.0, 0, 0, 0.0, 0.0, 0, 0]]
INFO:root:BENIGN
INFO:root:[[443, 15395, 2, 3, 2500, 2540, 1250, 1250, 1250.0, 0.0, 1250, 40, 846.6666666666666, 698.5938257194472, 327375.52127857273, 324.77730285572693, 3848.7911224365234, 5886.077716685853, 12469, 0, 153, 153.06472778320312, 0.0, 153, 153, 2773, 1386.5232467651367, 1960.8399801208338, 2773, 0, 0, 0, 0, 0, 16, 24, 129.9109211422908, 194.86638171343617, 40, 1250, 1008.0, 541.1284505549492, 292820.0, 0, 0, 0, 0, 0, 0, 0, 0, 1, 1016.0, 1250.0, 846.6666666666666, 16, 0, 625, 81194, 0, 282, 54996, 2, 2500, 3, 2540, 0, 0, 9, 8, 0.0, 0.0, 0, 0, 0.0, 0.0, 0, 0]]
INFO:root:BENIGN
INFO:root:[[443, 15395, 2, 4, 2500, 3790, 1250, 1250, 1250.0, 0.0, 1250, 40, 947.5, 605.0, 408569.8469925045, 389.73276342687234, 3079.0328979492188, 5380.248301517185, 12469, 0, 153, 153.06472778320312, 0.0, 153, 153, 2773, 924.3488311767578, 1601.0191395150512, 2773, 0, 0, 0, 0, 0, 16, 32, 129.9109211422908, 259.8218422845816, 40, 1250, 1048.3333333333333, 493.98043146127424, 244016.66666666666, 0, 0, 0, 0, 0, 0, 0, 0, 1, 1056.3333333333333, 1250.0, 947.5, 16, 0, 625, 81194, 0, 237, 61545, 2, 2500, 4, 3790, 0, 0, 11, 8, 0.0, 0.0, 0, 0, 0.0, 0.0, 0, 0]]
INFO:root:BENIGN
INFO:root:[[443, 15395, 2, 5, 2500, 4293, 1250, 1250, 1250.0, 0.0, 1250, 40, 858.6, 560.3880798161217, 441242.4436597906, 454.6882239980177, 2565.8607482910156, 4973.703987964279, 12469, 0, 153, 153.06472778320312, 0.0, 153, 153, 2773, 693.2616233825684, 1386.5232467651367, 2773, 0, 0, 0, 0, 0, 16, 40, 129.9109211422908, 324.77730285572693, 40, 1250, 970.4285714285714, 495.81376111831116, 245831.2857142857, 0, 0, 0, 0, 0, 0, 0, 0, 1, 978.4285714285714, 1250.0, 858.6, 16, 0, 625, 81194, 0, 172, 55771, 2, 2500, 5, 4293, 0, 0, 13, 8, 0.0, 0.0, 0, 0, 0.0, 0.0, 0, 0]]
INFO:root:BENIGN
INFO:root:[[443, 15997, 3, 5, 2539, 4293, 1250, 1250, 846.3333333333334, 699.1711759886368, 1250, 39, 858.6, 560.3880798161217, 427075.50155744667, 500.08840931785323, 2285.310200282506, 4600.6234798294745, 12469, 0, 15997, 7998.5857009887695, 11095.242164189876, 15844, 153, 2773, 693.2616233825684, 1386.5232467651367, 2773, 0, 0, 0, 0, 0, 24, 40, 187.53315349419498, 312.5552558236583, 39, 1250, 854.0, 564.9401991108692, 319157.4285714286, 0, 0, 0, 0, 0, 0, 0, 0, 1, 862.0, 846.3333333333334, 858.6, 24, 0, 282, 52905, 0, 172, 53672, 3, 2539, 5, 4293, 0, 0, 16, 8, 0.0, 0.0, 0, 0, 0.0, 0.0, 0, 0]]
INFO:root:BENIGN
INFO:root:[[443, 16621, 4, 5, 2703, 4293, 1250, 1250, 675.75, 665.0475546906401, 1250, 164, 858.6, 560.3880798161217, 420910.4453051037, 541.4799896720888, 2077.639102935791, 4299.660225124907, 12469, 0, 16621, 5540.370941162109, 8926.402341217728, 15844, 153, 2773, 693.2616233825684, 1386.5232467651367, 2773, 0, 0, 0, 0, 0, 32, 40, 240.65777318759504, 300.82221648449377, 39, 1250, 777.3333333333334, 576.3356227060757, 332162.75, 0, 0, 0, 0, 0, 0, 0, 0, 1, 785.3333333333334, 675.75, 858.6, 32, 0, 169, 40656, 0, 172, 51657, 4, 2703, 5, 4293, 0, 0, 20, 8, 0.0, 0.0, 0, 0, 0.0, 0.0, 0, 0]]
INFO:root:BENIGN
INFO:root:[[443, 17002, 5, 5, 3949, 4293, 1250, 1250, 789.8, 629.8834812884046, 1250, 1246, 858.6, 560.3880798161217, 484763.4839578192, 588.1624411038815, 1889.1228569878472, 4061.5315670271198, 12469, 0, 17002, 4250.526428222656, 7731.444537844893, 15844, 153, 2773, 693.2616233825684, 1386.5232467651367, 2773, 0, 0, 0, 0, 0, 40, 40, 294.08122055194076, 294.08122055194076, 39, 1250, 824.2, 563.2234212301742, 317220.6222222222, 0, 0, 0, 0, 0, 0, 0, 0, 1, 832.2, 789.8, 858.6, 40, 0, 158, 46453, 0, 172, 50500, 5, 3949, 5, 4293, 0, 0, 25, 8, 0.0, 0.0, 0, 0, 0.0, 0.0, 0, 0]]
INFO:root:BENIGN
INFO:root:[[443, 17073, 6, 5, 5199, 4293, 1250, 1250, 866.5, 593.8854266607323, 1250, 1250, 858.6, 560.3880798161217, 555960.5302052785, 644.2863287250384, 1707.315444946289, 3872.167976100649, 12469, 0, 17073, 3414.630889892578, 6951.62087115871, 15844, 71, 2773, 693.2616233825684, 1386.5232467651367, 2773, 0, 0, 0, 0, 0, 48, 40, 351.4289065772937, 292.8574221477447, 39, 1250, 862.9090909090909, 549.5278800107334, 301980.89090909093, 0, 0, 0, 0, 0, 0, 0, 0, 1, 870.9090909090909, 866.5, 858.6, 48, 0, 144, 50752, 0, 172, 50289, 6, 5199, 5, 4293, 0, 0, 31, 8, 0.0, 0.0, 0, 0, 0.0, 0.0, 0, 0]]
INFO:root:BENIGN
INFO:root:[[443, 17107, 7, 5, 5335, 4293, 1250, 1250, 762.1428571428571, 608.3991092946112, 1250, 136, 858.6, 560.3880798161217, 562810.220091426, 701.4668301928866, 1555.1827170632102, 3707.951508238757, 12469, 0, 17107, 2851.1683146158853, 6369.063245995298, 15844, 34, 2773, 693.2616233825684, 1386.5232467651367, 2773, 0, 0, 0, 0, 0, 56, 40, 409.18898427918384, 292.2778459137028, 39, 1250, 802.3333333333334, 564.4122177231385, 318561.1515151515, 0, 0, 0, 0, 0, 0, 0, 0, 1, 810.3333333333334, 762.1428571428571, 858.6, 56, 0, 109, 44551, 0, 172, 50190, 7, 5335, 5, 4293, 0, 0, 38, 8, 0.0, 0.0, 0, 0, 0.0, 0.0, 0, 0]]
INFO:root:BENIGN
INFO:root:[[443, 26577, 7, 6, 5335, 4811, 1250, 1250, 762.1428571428571, 608.3991092946112, 1250, 136, 801.8333333333334, 520.1562906152983, 381758.7231232955, 489.1448256064303, 2214.7496541341147, 4209.435416099896, 12469, 0, 17107, 2851.1683146158853, 6369.063245995298, 15844, 34, 13955, 2790.975570678711, 4841.885382655079, 11182, 0, 0, 0, 0, 0, 56, 48, 263.3856753265394, 225.75915027989092, 39, 1250, 780.4615384615385, 546.1073788466598, 298233.26923076925, 0, 0, 0, 0, 0, 0, 0, 0, 1, 788.4615384615385, 762.1428571428571, 801.8333333333334, 56, 0, 109, 28677, 0, 134, 30170, 7, 5335, 6, 4811, 0, 0, 45, 8, 0.0, 0.0, 0, 0, 0.0, 0.0, 0, 0]]
INFO:root:BENIGN
INFO:root:[[443, 27335, 7, 7, 5335, 4932, 1250, 1250, 762.1428571428571, 608.3991092946112, 1250, 121, 704.5714285714286, 540.081431249911, 375596.7551198409, 512.1607647489795, 2102.70514855018, 4050.4241676808647, 12469, 0, 17107, 2851.1683146158853, 6369.063245995298, 15844, 34, 14713, 2452.1748224894204, 4409.5123232458345, 11182, 0, 0, 0, 0, 0, 56, 56, 256.0803823744898, 256.0803823744898, 39, 1250, 733.3571428571429, 553.4941605060397, 306355.78571428574, 0, 0, 0, 0, 0, 0, 0, 0, 1, 741.3571428571429, 762.1428571428571, 704.5714285714286, 56, 0, 109, 27881, 0, 101, 25775, 7, 5335, 7, 4932, 0, 0, 52, 8, 0.0, 0.0, 0, 0, 0.0, 0.0, 0, 0]]
INFO:root:BENIGN
INFO:root:[[443, 27335, 7, 8, 5335, 4959, 1250, 1250, 762.1428571428571, 608.3991092946112, 1250, 27, 619.875, 554.4421746223857, 376584.49373757106, 548.7436765167638, 1952.511923653739, 3931.889232065959, 12469, 0, 17107, 2851.1683146158853, 6369.063245995298, 15844, 34, 14713, 2101.8641335623606, 4130.640244015842, 11182, 0, 0, 0, 0, 0, 56, 64, 256.0803823744898, 292.663294142274, 27, 1250, 686.2666666666667, 563.6806931317799, 317735.9238095238, 0, 0, 0, 0, 0, 0, 0, 0, 1, 694.2666666666667, 762.1428571428571, 619.875, 56, 0, 109, 27881, 0, 77, 22677, 7, 5335, 8, 4959, 0, 0, 59, 8, 0.0, 0.0, 0, 0, 0.0, 0.0, 0, 0]]
INFO:root:BENIGN
INFO:root:[[443, 27335, 7, 9, 5335, 4982, 1250, 1250, 762.1428571428571, 608.3991092946112, 1250, 23, 553.5555555555555, 555.4860734327889, 377425.9007082301, 585.326588284548, 1822.344462076823, 3822.2556674530774, 12469, 0, 17107, 2851.1683146158853, 6369.063245995298, 15844, 34, 14713, 1839.1311168670654, 3895.762105606569, 11182, 0, 0, 0, 0, 0, 56, 72, 256.0803823744898, 329.2462059100583, 23, 1250, 644.8125, 569.252752152621, 324048.69583333336, 0, 0, 0, 0, 0, 0, 0, 0, 1, 652.8125, 762.1428571428571, 553.5555555555555, 56, 0, 109, 27881, 0, 62, 20251, 7, 5335, 9, 4982, 0, 0, 66, 8, 0.0, 0.0, 0, 0, 0.0, 0.0, 0, 0]]
INFO:root:BENIGN
INFO:root:[[443, 27703, 8, 9, 5366, 4982, 1250, 1250, 670.75, 619.751736008633, 1250, 31, 553.5555555555555, 555.4860734327889, 373532.9213133095, 613.6509144111193, 1731.4404249191284, 3710.509290977512, 12469, 0, 27703, 3957.578114100865, 6509.4652138519195, 15844, 34, 14713, 1839.1311168670654, 3895.762105606569, 11182, 0, 0, 0, 0, 0, 64, 72, 288.7769008993502, 324.874013511769, 23, 1250, 608.7058823529412, 570.9276185194016, 325958.3455882353, 0, 0, 0, 0, 0, 0, 0, 0, 1, 616.7058823529412, 670.75, 553.5555555555555, 64, 0, 84, 24212, 0, 62, 19982, 8, 5366, 9, 4982, 0, 0, 74, 8, 0.0, 0.0, 0, 0, 0.0, 0.0, 0, 0]]
INFO:root:BENIGN
INFO:root:[[443, 61940, 9, 9, 5398, 4982, 1250, 1250, 599.7777777777778, 617.5873982234777, 1250, 32, 553.5555555555555, 555.4860734327889, 167581.0078677116, 290.6029038168409, 3643.540775074678, 8663.807389516063, 34237, 0, 61940, 7742.524147033691, 12285.209147972962, 34237, 34, 14713, 1839.1311168670654, 3895.762105606569, 11182, 0, 0, 0, 0, 0, 72, 72, 145.30145190842046, 145.30145190842046, 23, 1250, 576.6666666666666, 570.317042890851, 325261.5294117647, 0, 0, 0, 0, 0, 0, 0, 0, 1, 584.6666666666666, 599.7777777777778, 553.5555555555555, 72, 0, 67, 9683, 0, 62, 8937, 9, 5398, 9, 4982, 0, 0, 83, 8, 0.0, 0.0, 0, 0, 0.0, 0.0, 0, 0]]
INFO:root:BENIGN
INFO:root:[[443, 257954, 9, 10, 5398, 5433, 1250, 1250, 599.7777777777778, 617.5873982234777, 1250, 32, 543.3, 524.7204652638076, 41988.086770221584, 73.65650896816638, 14330.784479777018, 46114.58963013911, 196014, 0, 61940, 7742.524147033691, 12285.209147972962, 34237, 34, 245332, 27259.111404418945, 76346.96079387366, 230619, 0, 0, 0, 0, 0, 72, 80, 34.889925300710395, 38.76658366745599, 23, 1250, 570.0526315789474, 554.9978452094517, 308022.6081871345, 0, 0, 0, 0, 0, 0, 0, 0, 1, 578.0526315789474, 599.7777777777778, 543.3, 72, 0, 67, 2325, 0, 54, 2106, 9, 5398, 10, 5433, 0, 0, 92, 8, 0.0, 0.0, 0, 0, 0.0, 0.0, 0, 0]]
INFO:root:BENIGN
INFO:root:[[443, 257954, 9, 11, 5398, 5648, 1250, 1250, 599.7777777777778, 617.5873982234777, 1250, 32, 513.4545454545455, 507.53982378457033, 42821.568319071885, 77.53316733491198, 13576.532665051913, 44935.75894074894, 196014, 0, 61940, 7742.524147033691, 12285.209147972962, 34237, 34, 245332, 24533.20026397705, 72494.91983641406, 230619, 0, 0, 0, 0, 0, 72, 88, 34.889925300710395, 42.64324203420159, 23, 1250, 552.3, 545.9981781346122, 298114.0105263158, 0, 0, 0, 0, 0, 0, 0, 0, 1, 560.3, 599.7777777777778, 513.4545454545455, 72, 0, 67, 2325, 0, 47, 1990, 9, 5398, 11, 5648, 0, 0, 101, 8, 0.0, 0.0, 0, 0, 0.0, 0.0, 0, 0]]
INFO:root:BENIGN
INFO:root:[[443, 288074, 10, 11, 5435, 5648, 1250, 1250, 543.5, 608.8568979836085, 1250, 37, 513.4545454545455, 507.53982378457033, 38472.75131551723, 72.89793175366432, 14403.700828552246, 43893.41306136049, 196014, 0, 288074, 32008.224063449437, 73698.56375964942, 226134, 34, 245332, 24533.20026397705, 72494.91983641406, 230619, 0, 0, 0, 0, 0, 80, 88, 34.71330083507825, 38.18463091858608, 23, 1250, 527.7619047619048, 543.9235152815057, 295852.79047619045, 0, 0, 0, 0, 0, 0, 0, 0, 1, 535.7619047619048, 543.5, 513.4545454545455, 80, 0, 54, 1887, 0, 47, 1782, 10, 5435, 11, 5648, 0, 0, 111, 8, 0.0, 0.0, 0, 0, 0.0, 0.0, 0, 0]]
INFO:root:BENIGN
INFO:root:[[443, 325469, 10, 12, 5435, 5672, 1250, 1250, 543.5, 608.8568979836085, 1250, 24, 472.6666666666667, 504.1255856040299, 34126.13618769394, 67.59475971272771, 15498.524620419457, 43075.18481105402, 196014, 0, 288074, 32008.224063449437, 73698.56375964942, 226134, 34, 312847, 28440.627184781162, 69985.06911073935, 230619, 0, 0, 0, 0, 0, 80, 96, 30.724890778512595, 36.86986893421511, 23, 1250, 504.8636363636364, 541.5716366856167, 293299.83766233764, 0, 0, 0, 0, 0, 0, 0, 0, 1, 512.8636363636364, 543.5, 472.6666666666667, 80, 0, 54, 1670, 0, 39, 1452, 10, 5435, 12, 5672, 0, 0, 121, 8, 0.0, 0.0, 0, 0, 0.0, 0.0, 0, 0]]
INFO:root:BENIGN
