INFO:root:[[80, 1879, 1, 1, 6, 0, 6, 6, 6.0, 0.0, 0, 0, 0.0, 0.0, 3193.2272554244387, 1064.4090851414794, 1878.976821899414, 0.0, 1879, 1879, 0, 0.0, 0.0, 0, 0, 0, 0.0, 0.0, 0, 0, 0, 0, 0, 0, 20, 20, 532.2045425707397, 532.2045425707397, 0, 6, 3.0, 4.242640687119285, 18.0, 0, 1, 0, 0, 1, 0, 0, 0, 1, 23.0, 6.0, 0.0, 20, 1, 6, 3193, 0, 0, 0, 1, 6, 1, 0, 512, 0, 2, 20, 0.0, 0.0, 0, 0, 0.0, 0.0, 0, 0]]
INFO:root:BENIGN
INFO:root:[[80, 1962, 1, 1, 6, 0, 6, 6, 6.0, 0.0, 0, 0, 0.0, 0.0, 3058.187386073642, 1019.3957953578806, 1961.9464874267578, 0.0, 1962, 1962, 0, 0.0, 0.0, 0, 0, 0, 0.0, 0.0, 0, 0, 0, 0, 0, 0, 20, 20, 509.6978976789403, 509.6978976789403, 0, 6, 3.0, 4.242640687119285, 18.0, 0, 1, 0, 0, 1, 0, 0, 0, 1, 23.0, 6.0, 0.0, 20, 1, 6, 3058, 0, 0, 0, 1, 6, 1, 0, 512, 0, 2, 20, 0.0, 0.0, 0, 0, 0.0, 0.0, 0, 0]]
INFO:root:BENIGN
INFO:root:[[80, 2276, 1, 1, 6, 0, 6, 6, 6.0, 0.0, 0, 0, 0.0, 0.0, 2635.992877343668, 878.6642924478894, 2276.182174682617, 0.0, 2276, 2276, 0, 0.0, 0.0, 0, 0, 0, 0.0, 0.0, 0, 0, 0, 0, 0, 0, 20, 20, 439.3321462239447, 439.3321462239447, 0, 6, 3.0, 4.242640687119285, 18.0, 0, 1, 0, 0, 1, 0, 0, 0, 1, 23.0, 6.0, 0.0, 20, 1, 6, 2636, 0, 0, 0, 1, 6, 1, 0, 512, 0, 2, 20, 0.0, 0.0, 0, 0, 0.0, 0.0, 0, 0]]
INFO:root:BENIGN
INFO:root:[[80, 3144, 1, 1, 6, 0, 6, 6, 6.0, 0.0, 0, 0, 0.0, 0.0, 1908.3812845984683, 636.1270948661561, 3144.0258026123047, 0.0, 3144, 3144, 0, 0.0, 0.0, 0, 0, 0, 0.0, 0.0, 0, 0, 0, 0, 0, 0, 20, 20, 318.06354743307804, 318.06354743307804, 0, 6, 3.0, 4.242640687119285, 18.0, 0, 1, 0, 0, 1, 0, 0, 0, 1, 23.0, 6.0, 0.0, 20, 1, 6, 1908, 0, 0, 0, 1, 6, 1, 0, 512, 0, 2, 20, 0.0, 0.0, 0, 0, 0.0, 0.0, 0, 0]]
INFO:root:BENIGN
INFO:root:[[80, 2182, 1, 1, 6, 0, 6, 6, 6.0, 0.0, 0, 0, 0.0, 0.0, 2749.762237762238, 916.5874125874126, 2182.0068359375, 0.0, 2182, 2182, 0, 0.0, 0.0, 0, 0, 0, 0.0, 0.0, 0, 0, 0, 0, 0, 0, 20, 20, 458.2937062937063, 458.2937062937063, 0, 6, 3.0, 4.242640687119285, 18.0, 0, 1, 0, 0, 1, 0, 0, 0, 1, 23.0, 6.0, 0.0, 20, 1, 6, 2750, 0, 0, 0, 1, 6, 1, 0, 512, 0, 2, 20, 0.0, 0.0, 0, 0, 0.0, 0.0, 0, 0]]
INFO:root:BENIGN
INFO:root:[[80, 1238, 1, 1, 6, 0, 6, 6, 6.0, 0.0, 0, 0, 0.0, 0.0, 4847.038520801233, 1615.6795069337443, 1237.8692626953125, 0.0, 1238, 1238, 0, 0.0, 0.0, 0, 0, 0, 0.0, 0.0, 0, 0, 0, 0, 0, 0, 20, 20, 807.8397534668721, 807.8397534668721, 0, 6, 3.0, 4.242640687119285, 18.0, 0, 1, 0, 0, 1, 0, 0, 0, 1, 23.0, 6.0, 0.0, 20, 1, 6, 4847, 0, 0, 0, 1, 6, 1, 0, 512, 0, 2, 20, 0.0, 0.0, 0, 0, 0.0, 0.0, 0, 0]]
INFO:root:BENIGN
INFO:root:[[80, 5511, 1, 1, 6, 0, 6, 6, 6.0, 0.0, 0, 0, 0.0, 0.0, 1088.7697499351043, 362.92324997836806, 5510.807037353516, 0.0, 5511, 5511, 0, 0.0, 0.0, 0, 0, 0, 0.0, 0.0, 0, 0, 0, 0, 0, 0, 20, 20, 181.46162498918403, 181.46162498918403, 0, 6, 3.0, 4.242640687119285, 18.0, 0, 1, 0, 0, 1, 0, 0, 0, 1, 23.0, 6.0, 0.0, 20, 1, 6, 1089, 0, 0, 0, 1, 6, 1, 0, 512, 0, 2, 20, 0.0, 0.0, 0, 0, 0.0, 0.0, 0, 0]]
INFO:root:BENIGN
INFO:root:[[80, 3963, 1, 1, 6, 0, 6, 6, 6.0, 0.0, 0, 0, 0.0, 0.0, 1514.0069787029238, 504.6689929009746, 3962.993621826172, 0.0, 3963, 3963, 0, 0.0, 0.0, 0, 0, 0, 0.0, 0.0, 0, 0, 0, 0, 0, 0, 20, 20, 252.3344964504873, 252.3344964504873, 0, 6, 3.0, 4.242640687119285, 18.0, 0, 1, 0, 0, 1, 0, 0, 0, 1, 23.0, 6.0, 0.0, 20, 1, 6, 1514, 0, 0, 0, 1, 6, 1, 0, 512, 0, 2, 20, 0.0, 0.0, 0, 0, 0.0, 0.0, 0, 0]]
INFO:root:BENIGN
INFO:root:[[80, 1233, 1, 1, 6, 0, 6, 6, 6.0, 0.0, 0, 0, 0.0, 0.0, 4865.781902552204, 1621.9273008507348, 1233.1008911132812, 0.0, 1233, 1233, 0, 0.0, 0.0, 0, 0, 0, 0.0, 0.0, 0, 0, 0, 0, 0, 0, 20, 20, 810.9636504253674, 810.9636504253674, 0, 6, 3.0, 4.242640687119285, 18.0, 0, 1, 0, 0, 1, 0, 0, 0, 1, 23.0, 6.0, 0.0, 20, 1, 6, 4866, 0, 0, 0, 1, 6, 1, 0, 512, 0, 2, 20, 0.0, 0.0, 0, 0, 0.0, 0.0, 0, 0]]
INFO:root:BENIGN
INFO:root:[[80, 2406, 1, 1, 6, 0, 6, 6, 6.0, 0.0, 0, 0, 0.0, 0.0, 2493.8880190268555, 831.2960063422852, 2405.881881713867, 0.0, 2406, 2406, 0, 0.0, 0.0, 0, 0, 0, 0.0, 0.0, 0, 0, 0, 0, 0, 0, 20, 20, 415.6480031711426, 415.6480031711426, 0, 6, 3.0, 4.242640687119285, 18.0, 0, 1, 0, 0, 1, 0, 0, 0, 1, 23.0, 6.0, 0.0, 20, 1, 6, 2494, 0, 0, 0, 1, 6, 1, 0, 512, 0, 2, 20, 0.0, 0.0, 0, 0, 0.0, 0.0, 0, 0]]
INFO:root:BENIGN
INFO:root:[[80, 4862, 1, 1, 6, 0, 6, 6, 6.0, 0.0, 0, 0, 0.0, 0.0, 1234.0422694061688, 411.3474231353896, 4862.070083618164, 0.0, 4862, 4862, 0, 0.0, 0.0, 0, 0, 0, 0.0, 0.0, 0, 0, 0, 0, 0, 0, 20, 20, 205.6737115676948, 205.6737115676948, 0, 6, 3.0, 4.242640687119285, 18.0, 0, 1, 0, 0, 1, 0, 0, 0, 1, 23.0, 6.0, 0.0, 20, 1, 6, 1234, 0, 0, 0, 1, 6, 1, 0, 512, 0, 2, 20, 0.0, 0.0, 0, 0, 0.0, 0.0, 0, 0]]
INFO:root:BENIGN
INFO:root:[[80, 2056, 1, 1, 6, 0, 6, 6, 6.0, 0.0, 0, 0, 0.0, 0.0, 2918.453438478488, 972.8178128261626, 2055.8834075927734, 0.0, 2056, 2056, 0, 0.0, 0.0, 0, 0, 0, 0.0, 0.0, 0, 0, 0, 0, 0, 0, 20, 20, 486.4089064130813, 486.4089064130813, 0, 6, 3.0, 4.242640687119285, 18.0, 0, 1, 0, 0, 1, 0, 0, 0, 1, 23.0, 6.0, 0.0, 20, 1, 6, 2918, 0, 0, 0, 1, 6, 1, 0, 512, 0, 2, 20, 0.0, 0.0, 0, 0, 0.0, 0.0, 0, 0]]
INFO:root:BENIGN
INFO:root:[[80, 2312, 1, 1, 6, 0, 6, 6, 6.0, 0.0, 0, 0, 0.0, 0.0, 2595.217489945344, 865.072496648448, 2311.9449615478516, 0.0, 2312, 2312, 0, 0.0, 0.0, 0, 0, 0, 0.0, 0.0, 0, 0, 0, 0, 0, 0, 20, 20, 432.536248324224, 432.536248324224, 0, 6, 3.0, 4.242640687119285, 18.0, 0, 1, 0, 0, 1, 0, 0, 0, 1, 23.0, 6.0, 0.0, 20, 1, 6, 2595, 0, 0, 0, 1, 6, 1, 0, 512, 0, 2, 20, 0.0, 0.0, 0, 0, 0.0, 0.0, 0, 0]]
INFO:root:BENIGN
INFO:root:[[80, 2259, 1, 1, 6, 0, 6, 6, 6.0, 0.0, 0, 0, 0.0, 0.0, 2656.02364116095, 885.3412137203167, 2259.0160369873047, 0.0, 2259, 2259, 0, 0.0, 0.0, 0, 0, 0, 0.0, 0.0, 0, 0, 0, 0, 0, 0, 20, 20, 442.67060686015833, 442.67060686015833, 0, 6, 3.0, 4.242640687119285, 18.0, 0, 1, 0, 0, 1, 0, 0, 0, 1, 23.0, 6.0, 0.0, 20, 1, 6, 2656, 0, 0, 0, 1, 6, 1, 0, 512, 0, 2, 20, 0.0, 0.0, 0, 0, 0.0, 0.0, 0, 0]]
INFO:root:BENIGN
INFO:root:[[80, 1425, 1, 1, 6, 0, 6, 6, 6.0, 0.0, 0, 0, 0.0, 0.0, 4210.444035469299, 1403.481345156433, 1425.027847290039, 0.0, 1425, 1425, 0, 0.0, 0.0, 0, 0, 0, 0.0, 0.0, 0, 0, 0, 0, 0, 0, 20, 20, 701.7406725782165, 701.7406725782165, 0, 6, 3.0, 4.242640687119285, 18.0, 0, 1, 0, 0, 1, 0, 0, 0, 1, 23.0, 6.0, 0.0, 20, 1, 6, 4210, 0, 0, 0, 1, 6, 1, 0, 512, 0, 2, 20, 0.0, 0.0, 0, 0, 0.0, 0.0, 0, 0]]
INFO:root:BENIGN
INFO:root:[[80, 1994, 1, 1, 6, 0, 6, 6, 6.0, 0.0, 0, 0, 0.0, 0.0, 3009.1861772091356, 1003.0620590697118, 1993.8945770263672, 0.0, 1994, 1994, 0, 0.0, 0.0, 0, 0, 0, 0.0, 0.0, 0, 0, 0, 0, 0, 0, 20, 20, 501.5310295348559, 501.5310295348559, 0, 6, 3.0, 4.242640687119285, 18.0, 0, 1, 0, 0, 1, 0, 0, 0, 1, 23.0, 6.0, 0.0, 20, 1, 6, 3009, 0, 0, 0, 1, 6, 1, 0, 512, 0, 2, 20, 0.0, 0.0, 0, 0, 0.0, 0.0, 0, 0]]
INFO:root:BENIGN
INFO:root:[[80, 3628, 1, 1, 6, 0, 6, 6, 6.0, 0.0, 0, 0, 0.0, 0.0, 1653.796674771637, 551.2655582572123, 3628.0155181884766, 0.0, 3628, 3628, 0, 0.0, 0.0, 0, 0, 0, 0.0, 0.0, 0, 0, 0, 0, 0, 0, 20, 20, 275.63277912860616, 275.63277912860616, 0, 6, 3.0, 4.242640687119285, 18.0, 0, 1, 0, 0, 1, 0, 0, 0, 1, 23.0, 6.0, 0.0, 20, 1, 6, 1654, 0, 0, 0, 1, 6, 1, 0, 512, 0, 2, 20, 0.0, 0.0, 0, 0, 0.0, 0.0, 0, 0]]
INFO:root:BENIGN
INFO:root:[[80, 1888, 1, 1, 6, 0, 6, 6, 6.0, 0.0, 0, 0, 0.0, 0.0, 3177.904280843541, 1059.301426947847, 1888.0367279052734, 0.0, 1888, 1888, 0, 0.0, 0.0, 0, 0, 0, 0.0, 0.0, 0, 0, 0, 0, 0, 0, 20, 20, 529.6507134739235, 529.6507134739235, 0, 6, 3.0, 4.242640687119285, 18.0, 0, 1, 0, 0, 1, 0, 0, 0, 1, 23.0, 6.0, 0.0, 20, 1, 6, 3178, 0, 0, 0, 1, 6, 1, 0, 512, 0, 2, 20, 0.0, 0.0, 0, 0, 0.0, 0.0, 0, 0]]
INFO:root:BENIGN
INFO:root:[[80, 1851, 1, 1, 6, 0, 6, 6, 6.0, 0.0, 0, 0, 0.0, 0.0, 3241.3477588871715, 1080.4492529623906, 1851.0818481445312, 0.0, 1851, 1851, 0, 0.0, 0.0, 0, 0, 0, 0.0, 0.0, 0, 0, 0, 0, 0, 0, 20, 20, 540.2246264811953, 540.2246264811953, 0, 6, 3.0, 4.242640687119285, 18.0, 0, 1, 0, 0, 1, 0, 0, 0, 1, 23.0, 6.0, 0.0, 20, 1, 6, 3241, 0, 0, 0, 1, 6, 1, 0, 512, 0, 2, 20, 0.0, 0.0, 0, 0, 0.0, 0.0, 0, 0]]
INFO:root:BENIGN
INFO:root:[[80, 1982, 1, 1, 6, 0, 6, 6, 6.0, 0.0, 0, 0, 0.0, 0.0, 3027.2854565138937, 1009.095152171298, 1981.973648071289, 0.0, 1982, 1982, 0, 0.0, 0.0, 0, 0, 0, 0.0, 0.0, 0, 0, 0, 0, 0, 0, 20, 20, 504.547576085649, 504.547576085649, 0, 6, 3.0, 4.242640687119285, 18.0, 0, 1, 0, 0, 1, 0, 0, 0, 1, 23.0, 6.0, 0.0, 20, 1, 6, 3027, 0, 0, 0, 1, 6, 1, 0, 512, 0, 2, 20, 0.0, 0.0, 0, 0, 0.0, 0.0, 0, 0]]
INFO:root:BENIGN
INFO:root:[[80, 1781, 1, 1, 6, 0, 6, 6, 6.0, 0.0, 0, 0, 0.0, 0.0, 3368.918875502008, 1122.9729585006694, 1780.9867858886719, 0.0, 1781, 1781, 0, 0.0, 0.0, 0, 0, 0, 0.0, 0.0, 0, 0, 0, 0, 0, 0, 20, 20, 561.4864792503347, 561.4864792503347, 0, 6, 3.0, 4.242640687119285, 18.0, 0, 1, 0, 0, 1, 0, 0, 0, 1, 23.0, 6.0, 0.0, 20, 1, 6, 3369, 0, 0, 0, 1, 6, 1, 0, 512, 0, 2, 20, 0.0, 0.0, 0, 0, 0.0, 0.0, 0, 0]]
INFO:root:BENIGN
INFO:root:[[80, 3541, 1, 1, 6, 0, 6, 6, 6.0, 0.0, 0, 0, 0.0, 0.0, 1694.4400754107191, 564.8133584702397, 3540.9927368164062, 0.0, 3541, 3541, 0, 0.0, 0.0, 0, 0, 0, 0.0, 0.0, 0, 0, 0, 0, 0, 0, 20, 20, 282.40667923511984, 282.40667923511984, 0, 6, 3.0, 4.242640687119285, 18.0, 0, 1, 0, 0, 1, 0, 0, 0, 1, 23.0, 6.0, 0.0, 20, 1, 6, 1694, 0, 0, 0, 1, 6, 1, 0, 512, 0, 2, 20, 0.0, 0.0, 0, 0, 0.0, 0.0, 0, 0]]
INFO:root:BENIGN
INFO:root:[[80, 13329, 1, 1, 6, 0, 6, 6, 6.0, 0.0, 0, 0, 0.0, 0.0, 450.14531535076736, 150.0484384502558, 13329.029083251953, 0.0, 13329, 13329, 0, 0.0, 0.0, 0, 0, 0, 0.0, 0.0, 0, 0, 0, 0, 0, 0, 20, 20, 75.0242192251279, 75.0242192251279, 0, 6, 3.0, 4.242640687119285, 18.0, 0, 1, 0, 0, 1, 0, 0, 0, 1, 23.0, 6.0, 0.0, 20, 1, 6, 450, 0, 0, 0, 1, 6, 1, 0, 512, 0, 2, 20, 0.0, 0.0, 0, 0, 0.0, 0.0, 0, 0]]
INFO:root:BENIGN
INFO:root:[[80, 1741, 1, 1, 6, 0, 6, 6, 6.0, 0.0, 0, 0, 0.0, 0.0, 3446.42892358258, 1148.8096411941933, 1740.9324645996094, 0.0, 1741, 1741, 0, 0.0, 0.0, 0, 0, 0, 0.0, 0.0, 0, 0, 0, 0, 0, 0, 20, 20, 574.4048205970967, 574.4048205970967, 0, 6, 3.0, 4.242640687119285, 18.0, 0, 1, 0, 0, 1, 0, 0, 0, 1, 23.0, 6.0, 0.0, 20, 1, 6, 3446, 0, 0, 0, 1, 6, 1, 0, 512, 0, 2, 20, 0.0, 0.0, 0, 0, 0.0, 0.0, 0, 0]]
INFO:root:BENIGN
INFO:root:[[80, 2166, 1, 1, 6, 0, 6, 6, 6.0, 0.0, 0, 0, 0.0, 0.0, 2770.041166758393, 923.347055586131, 2166.0327911376953, 0.0, 2166, 2166, 0, 0.0, 0.0, 0, 0, 0, 0.0, 0.0, 0, 0, 0, 0, 0, 0, 20, 20, 461.6735277930655, 461.6735277930655, 0, 6, 3.0, 4.242640687119285, 18.0, 0, 1, 0, 0, 1, 0, 0, 0, 1, 23.0, 6.0, 0.0, 20, 1, 6, 2770, 0, 0, 0, 1, 6, 1, 0, 512, 0, 2, 20, 0.0, 0.0, 0, 0, 0.0, 0.0, 0, 0]]
INFO:root:BENIGN
INFO:root:[[80, 1673, 1, 1, 6, 0, 6, 6, 6.0, 0.0, 0, 0, 0.0, 0.0, 3586.407866609662, 1195.4692888698874, 1672.983169555664, 0.0, 1673, 1673, 0, 0.0, 0.0, 0, 0, 0, 0.0, 0.0, 0, 0, 0, 0, 0, 0, 20, 20, 597.7346444349437, 597.7346444349437, 0, 6, 3.0, 4.242640687119285, 18.0, 0, 1, 0, 0, 1, 0, 0, 0, 1, 23.0, 6.0, 0.0, 20, 1, 6, 3586, 0, 0, 0, 1, 6, 1, 0, 512, 0, 2, 20, 0.0, 0.0, 0, 0, 0.0, 0.0, 0, 0]]
INFO:root:BENIGN
INFO:root:[[80, 2179, 1, 1, 6, 0, 6, 6, 6.0, 0.0, 0, 0, 0.0, 0.0, 2753.3724288840262, 917.7908096280088, 2179.1458129882812, 0.0, 2179, 2179, 0, 0.0, 0.0, 0, 0, 0, 0.0, 0.0, 0, 0, 0, 0, 0, 0, 20, 20, 458.8954048140044, 458.8954048140044, 0, 6, 3.0, 4.242640687119285, 18.0, 0, 1, 0, 0, 1, 0, 0, 0, 1, 23.0, 6.0, 0.0, 20, 1, 6, 2753, 0, 0, 0, 1, 6, 1, 0, 512, 0, 2, 20, 0.0, 0.0, 0, 0, 0.0, 0.0, 0, 0]]
INFO:root:BENIGN
INFO:root:[[80, 1343, 1, 1, 6, 0, 6, 6, 6.0, 0.0, 0, 0, 0.0, 0.0, 4467.570388780401, 1489.190129593467, 1343.0118560791016, 0.0, 1343, 1343, 0, 0.0, 0.0, 0, 0, 0, 0.0, 0.0, 0, 0, 0, 0, 0, 0, 20, 20, 744.5950647967335, 744.5950647967335, 0, 6, 3.0, 4.242640687119285, 18.0, 0, 1, 0, 0, 1, 0, 0, 0, 1, 23.0, 6.0, 0.0, 20, 1, 6, 4468, 0, 0, 0, 1, 6, 1, 0, 512, 0, 2, 20, 0.0, 0.0, 0, 0, 0.0, 0.0, 0, 0]]
INFO:root:BENIGN
INFO:root:[[80, 1545, 1, 1, 6, 0, 6, 6, 6.0, 0.0, 0, 0, 0.0, 0.0, 3883.0155840148127, 1294.3385280049374, 1545.1908111572266, 0.0, 1545, 1545, 0, 0.0, 0.0, 0, 0, 0, 0.0, 0.0, 0, 0, 0, 0, 0, 0, 20, 20, 647.1692640024687, 647.1692640024687, 0, 6, 3.0, 4.242640687119285, 18.0, 0, 1, 0, 0, 1, 0, 0, 0, 1, 23.0, 6.0, 0.0, 20, 1, 6, 3883, 0, 0, 0, 1, 6, 1, 0, 512, 0, 2, 20, 0.0, 0.0, 0, 0, 0.0, 0.0, 0, 0]]
INFO:root:BENIGN
INFO:root:[[0, 429, 1, 1, 0, 0, 0, 0, 0.0, 0.0, 0, 0, 0.0, 0.0, 0.0, 4662.928293496387, 428.91502380371094, 0.0, 429, 429, 0, 0.0, 0.0, 0, 0, 0, 0.0, 0.0, 0, 0, 0, 0, 0, 0, 0, 0, 2331.4641467481933, 2331.4641467481933, 0, 0, 0.0, 0.0, 0.0, 0, 0, 0, 0, 0, 0, 0, 0, 0, 0.0, 0.0, 0.0, 0, 0, 0, 0, 0, 0, 0, 1, 0, 1, 0, 0, 0, 1, 0, 0.0, 0.0, 0, 0, 0.0, 0.0, 0, 0]]
INFO:root:BENIGN
INFO:root:[[80, 1571, 1, 1, 6, 0, 6, 6, 6.0, 0.0, 0, 0, 0.0, 0.0, 3818.789681335357, 1272.9298937784522, 1571.1784362792969, 0.0, 1571, 1571, 0, 0.0, 0.0, 0, 0, 0, 0.0, 0.0, 0, 0, 0, 0, 0, 0, 20, 20, 636.4649468892261, 636.4649468892261, 0, 6, 3.0, 4.242640687119285, 18.0, 0, 1, 0, 0, 1, 0, 0, 0, 1, 23.0, 6.0, 0.0, 20, 1, 6, 3819, 0, 0, 0, 1, 6, 1, 0, 512, 0, 2, 20, 0.0, 0.0, 0, 0, 0.0, 0.0, 0, 0]]
INFO:root:BENIGN
INFO:root:[[80, 2652, 1, 1, 6, 0, 6, 6, 6.0, 0.0, 0, 0, 0.0, 0.0, 2262.2998921251346, 754.0999640417116, 2652.1682739257812, 0.0, 2652, 2652, 0, 0.0, 0.0, 0, 0, 0, 0.0, 0.0, 0, 0, 0, 0, 0, 0, 20, 20, 377.0499820208558, 377.0499820208558, 0, 6, 3.0, 4.242640687119285, 18.0, 0, 1, 0, 0, 1, 0, 0, 0, 1, 23.0, 6.0, 0.0, 20, 1, 6, 2262, 0, 0, 0, 1, 6, 1, 0, 512, 0, 2, 20, 0.0, 0.0, 0, 0, 0.0, 0.0, 0, 0]]
INFO:root:BENIGN
INFO:root:[[80, 1942, 1, 1, 6, 0, 6, 6, 6.0, 0.0, 0, 0, 0.0, 0.0, 3089.726703499079, 1029.9089011663598, 1941.9193267822266, 0.0, 1942, 1942, 0, 0.0, 0.0, 0, 0, 0, 0.0, 0.0, 0, 0, 0, 0, 0, 0, 20, 20, 514.9544505831799, 514.9544505831799, 0, 6, 3.0, 4.242640687119285, 18.0, 0, 1, 0, 0, 1, 0, 0, 0, 1, 23.0, 6.0, 0.0, 20, 1, 6, 3090, 0, 0, 0, 1, 6, 1, 0, 512, 0, 2, 20, 0.0, 0.0, 0, 0, 0.0, 0.0, 0, 0]]
INFO:root:BENIGN
INFO:root:[[80, 1523, 1, 1, 6, 0, 6, 6, 6.0, 0.0, 0, 0, 0.0, 0.0, 3939.5466499686913, 1313.1822166562304, 1523.0178833007812, 0.0, 1523, 1523, 0, 0.0, 0.0, 0, 0, 0, 0.0, 0.0, 0, 0, 0, 0, 0, 0, 20, 20, 656.5911083281152, 656.5911083281152, 0, 6, 3.0, 4.242640687119285, 18.0, 0, 1, 0, 0, 1, 0, 0, 0, 1, 23.0, 6.0, 0.0, 20, 1, 6, 3940, 0, 0, 0, 1, 6, 1, 0, 512, 0, 2, 20, 0.0, 0.0, 0, 0, 0.0, 0.0, 0, 0]]
INFO:root:BENIGN
INFO:root:[[80, 2758, 1, 1, 6, 0, 6, 6, 6.0, 0.0, 0, 0, 0.0, 0.0, 2175.6569551309763, 725.2189850436587, 2757.7877044677734, 0.0, 2758, 2758, 0, 0.0, 0.0, 0, 0, 0, 0.0, 0.0, 0, 0, 0, 0, 0, 0, 20, 20, 362.60949252182934, 362.60949252182934, 0, 6, 3.0, 4.242640687119285, 18.0, 0, 1, 0, 0, 1, 0, 0, 0, 1, 23.0, 6.0, 0.0, 20, 1, 6, 2176, 0, 0, 0, 1, 6, 1, 0, 512, 0, 2, 20, 0.0, 0.0, 0, 0, 0.0, 0.0, 0, 0]]
INFO:root:BENIGN
INFO:root:[[80, 1402, 1, 1, 6, 0, 6, 6, 6.0, 0.0, 0, 0, 0.0, 0.0, 4279.902040816327, 1426.634013605442, 1401.9012451171875, 0.0, 1402, 1402, 0, 0.0, 0.0, 0, 0, 0, 0.0, 0.0, 0, 0, 0, 0, 0, 0, 20, 20, 713.317006802721, 713.317006802721, 0, 6, 3.0, 4.242640687119285, 18.0, 0, 1, 0, 0, 1, 0, 0, 0, 1, 23.0, 6.0, 0.0, 20, 1, 6, 4280, 0, 0, 0, 1, 6, 1, 0, 512, 0, 2, 20, 0.0, 0.0, 0, 0, 0.0, 0.0, 0, 0]]
INFO:root:BENIGN
INFO:root:[[0, 569718, 1, 2, 0, 0, 0, 0, 0.0, 0.0, 0, 0, 0.0, 0.0, 0.0, 5.265764133295948, 284858.94203186035, 402244.80174093944, 569289, 429, 0, 0.0, 0.0, 0, 0, 569289, 569288.969039917, 0.0, 569289, 569289, 0, 0, 0, 0, 0, 0, 1.7552547110986496, 3.5105094221972992, 0, 0, 0.0, 0.0, 0.0, 0, 0, 0, 0, 0, 0, 0, 0, 0, 0.0, 0.0, 0.0, 0, 0, 0, 0, 0, 0, 0, 1, 0, 2, 0, 0, 0, 1, 0, 0.0, 0.0, 0, 0, 0.0, 0.0, 0, 0]]
INFO:root:BENIGN
INFO:root:[[0, 573458, 2, 2, 0, 0, 0, 0, 0.0, 0.0, 0, 0, 0.0, 0.0, 0.0, 6.975228010977621, 191152.65210469565, 327479.84148577054, 569289, 429, 573458, 573457.9563140869, 0.0, 573458, 573458, 569289, 569288.969039917, 0.0, 569289, 569289, 0, 0, 0, 0, 0, 0, 3.4876140054888105, 3.4876140054888105, 0, 0, 0.0, 0.0, 0.0, 0, 0, 0, 0, 0, 0, 0, 0, 0, 0.0, 0.0, 0.0, 0, 0, 0, 0, 0, 0, 0, 2, 0, 2, 0, 0, 0, 1, 0, 0.0, 0.0, 0, 0, 0.0, 0.0, 0, 0]]
INFO:root:BENIGN
INFO:root:[[80, 1447, 1, 1, 6, 0, 6, 6, 6.0, 0.0, 0, 0, 0.0, 0.0, 4146.61789421651, 1382.2059647388367, 1446.9623565673828, 0.0, 1447, 1447, 0, 0.0, 0.0, 0, 0, 0, 0.0, 0.0, 0, 0, 0, 0, 0, 0, 20, 20, 691.1029823694183, 691.1029823694183, 0, 6, 3.0, 4.242640687119285, 18.0, 0, 1, 0, 0, 1, 0, 0, 0, 1, 23.0, 6.0, 0.0, 20, 1, 6, 4147, 0, 0, 0, 1, 6, 1, 0, 512, 0, 2, 20, 0.0, 0.0, 0, 0, 0.0, 0.0, 0, 0]]
INFO:root:BENIGN
INFO:root:[[80, 1801, 1, 1, 6, 0, 6, 6, 6.0, 0.0, 0, 0, 0.0, 0.0, 3331.456711675933, 1110.4855705586444, 1801.0139465332031, 0.0, 1801, 1801, 0, 0.0, 0.0, 0, 0, 0, 0.0, 0.0, 0, 0, 0, 0, 0, 0, 20, 20, 555.2427852793222, 555.2427852793222, 0, 6, 3.0, 4.242640687119285, 18.0, 0, 1, 0, 0, 1, 0, 0, 0, 1, 23.0, 6.0, 0.0, 20, 1, 6, 3331, 0, 0, 0, 1, 6, 1, 0, 512, 0, 2, 20, 0.0, 0.0, 0, 0, 0.0, 0.0, 0, 0]]
INFO:root:BENIGN
INFO:root:[[80, 1203, 1, 1, 6, 0, 6, 6, 6.0, 0.0, 0, 0, 0.0, 0.0, 4987.2818073721755, 1662.4272691240587, 1203.0601501464844, 0.0, 1203, 1203, 0, 0.0, 0.0, 0, 0, 0, 0.0, 0.0, 0, 0, 0, 0, 0, 0, 20, 20, 831.2136345620294, 831.2136345620294, 0, 6, 3.0, 4.242640687119285, 18.0, 0, 1, 0, 0, 1, 0, 0, 0, 1, 23.0, 6.0, 0.0, 20, 1, 6, 4987, 0, 0, 0, 1, 6, 1, 0, 512, 0, 2, 20, 0.0, 0.0, 0, 0, 0.0, 0.0, 0, 0]]
INFO:root:BENIGN
INFO:root:[[80, 1236, 1, 1, 6, 0, 6, 6, 6.0, 0.0, 0, 0, 0.0, 0.0, 4853.582256509161, 1617.8607521697204, 1236.2003326416016, 0.0, 1236, 1236, 0, 0.0, 0.0, 0, 0, 0, 0.0, 0.0, 0, 0, 0, 0, 0, 0, 20, 20, 808.9303760848602, 808.9303760848602, 0, 6, 3.0, 4.242640687119285, 18.0, 0, 1, 0, 0, 1, 0, 0, 0, 1, 23.0, 6.0, 0.0, 20, 1, 6, 4854, 0, 0, 0, 1, 6, 1, 0, 512, 0, 2, 20, 0.0, 0.0, 0, 0, 0.0, 0.0, 0, 0]]
INFO:root:BENIGN
INFO:root:[[80, 3340, 1, 1, 6, 0, 6, 6, 6.0, 0.0, 0, 0, 0.0, 0.0, 1796.4040259832964, 598.8013419944322, 3340.005874633789, 0.0, 3340, 3340, 0, 0.0, 0.0, 0, 0, 0, 0.0, 0.0, 0, 0, 0, 0, 0, 0, 20, 20, 299.4006709972161, 299.4006709972161, 0, 6, 3.0, 4.242640687119285, 18.0, 0, 1, 0, 0, 1, 0, 0, 0, 1, 23.0, 6.0, 0.0, 20, 1, 6, 1796, 0, 0, 0, 1, 6, 1, 0, 512, 0, 2, 20, 0.0, 0.0, 0, 0, 0.0, 0.0, 0, 0]]
INFO:root:BENIGN
INFO:root:[[80, 3378, 1, 1, 6, 0, 6, 6, 6.0, 0.0, 0, 0, 0.0, 0.0, 1776.2439299830605, 592.0813099943534, 3377.9144287109375, 0.0, 3378, 3378, 0, 0.0, 0.0, 0, 0, 0, 0.0, 0.0, 0, 0, 0, 0, 0, 0, 20, 20, 296.0406549971767, 296.0406549971767, 0, 6, 3.0, 4.242640687119285, 18.0, 0, 1, 0, 0, 1, 0, 0, 0, 1, 23.0, 6.0, 0.0, 20, 1, 6, 1776, 0, 0, 0, 1, 6, 1, 0, 512, 0, 2, 20, 0.0, 0.0, 0, 0, 0.0, 0.0, 0, 0]]
INFO:root:BENIGN
INFO:root:[[80, 1731, 1, 1, 6, 0, 6, 6, 6.0, 0.0, 0, 0, 0.0, 0.0, 3466.3669421487602, 1155.45564738292, 1730.9188842773438, 0.0, 1731, 1731, 0, 0.0, 0.0, 0, 0, 0, 0.0, 0.0, 0, 0, 0, 0, 0, 0, 20, 20, 577.72782369146, 577.72782369146, 0, 6, 3.0, 4.242640687119285, 18.0, 0, 1, 0, 0, 1, 0, 0, 0, 1, 23.0, 6.0, 0.0, 20, 1, 6, 3466, 0, 0, 0, 1, 6, 1, 0, 512, 0, 2, 20, 0.0, 0.0, 0, 0, 0.0, 0.0, 0, 0]]
INFO:root:BENIGN
INFO:root:[[80, 2978, 1, 1, 6, 0, 6, 6, 6.0, 0.0, 0, 0, 0.0, 0.0, 2014.7165158914418, 671.572171963814, 2978.086471557617, 0.0, 2978, 2978, 0, 0.0, 0.0, 0, 0, 0, 0.0, 0.0, 0, 0, 0, 0, 0, 0, 20, 20, 335.786085981907, 335.786085981907, 0, 6, 3.0, 4.242640687119285, 18.0, 0, 1, 0, 0, 1, 0, 0, 0, 1, 23.0, 6.0, 0.0, 20, 1, 6, 2015, 0, 0, 0, 1, 6, 1, 0, 512, 0, 2, 20, 0.0, 0.0, 0, 0, 0.0, 0.0, 0, 0]]
INFO:root:BENIGN
INFO:root:[[80, 4365, 1, 1, 6, 0, 6, 6, 6.0, 0.0, 0, 0, 0.0, 0.0, 1374.5807297356348, 458.1935765785449, 4364.967346191406, 0.0, 4365, 4365, 0, 0.0, 0.0, 0, 0, 0, 0.0, 0.0, 0, 0, 0, 0, 0, 0, 20, 20, 229.09678828927244, 229.09678828927244, 0, 6, 3.0, 4.242640687119285, 18.0, 0, 1, 0, 0, 1, 0, 0, 0, 1, 23.0, 6.0, 0.0, 20, 1, 6, 1375, 0, 0, 0, 1, 6, 1, 0, 512, 0, 2, 20, 0.0, 0.0, 0, 0, 0.0, 0.0, 0, 0]]
INFO:root:BENIGN
INFO:root:[[80, 2323, 1, 1, 6, 0, 6, 6, 6.0, 0.0, 0, 0, 0.0, 0.0, 2582.964589962024, 860.988196654008, 2322.9122161865234, 0.0, 2323, 2323, 0, 0.0, 0.0, 0, 0, 0, 0.0, 0.0, 0, 0, 0, 0, 0, 0, 20, 20, 430.494098327004, 430.494098327004, 0, 6, 3.0, 4.242640687119285, 18.0, 0, 1, 0, 0, 1, 0, 0, 0, 1, 23.0, 6.0, 0.0, 20, 1, 6, 2583, 0, 0, 0, 1, 6, 1, 0, 512, 0, 2, 20, 0.0, 0.0, 0, 0, 0.0, 0.0, 0, 0]]
INFO:root:BENIGN
INFO:root:[[80, 1801, 1, 1, 6, 0, 6, 6, 6.0, 0.0, 0, 0, 0.0, 0.0, 3331.456711675933, 1110.4855705586444, 1801.0139465332031, 0.0, 1801, 1801, 0, 0.0, 0.0, 0, 0, 0, 0.0, 0.0, 0, 0, 0, 0, 0, 0, 20, 20, 555.2427852793222, 555.2427852793222, 0, 6, 3.0, 4.242640687119285, 18.0, 0, 1, 0, 0, 1, 0, 0, 0, 1, 23.0, 6.0, 0.0, 20, 1, 6, 3331, 0, 0, 0, 1, 6, 1, 0, 512, 0, 2, 20, 0.0, 0.0, 0, 0, 0.0, 0.0, 0, 0]]
INFO:root:BENIGN
INFO:root:[[80, 4380, 1, 1, 6, 0, 6, 6, 6.0, 0.0, 0, 0, 0.0, 0.0, 1369.8668553698765, 456.62228512329216, 4379.987716674805, 0.0, 4380, 4380, 0, 0.0, 0.0, 0, 0, 0, 0.0, 0.0, 0, 0, 0, 0, 0, 0, 20, 20, 228.31114256164608, 228.31114256164608, 0, 6, 3.0, 4.242640687119285, 18.0, 0, 1, 0, 0, 1, 0, 0, 0, 1, 23.0, 6.0, 0.0, 20, 1, 6, 1370, 0, 0, 0, 1, 6, 1, 0, 512, 0, 2, 20, 0.0, 0.0, 0, 0, 0.0, 0.0, 0, 0]]
INFO:root:BENIGN
INFO:root:[[80, 1218, 1, 1, 6, 0, 6, 6, 6.0, 0.0, 0, 0, 0.0, 0.0, 4926.747063429914, 1642.2490211433046, 1217.8421020507812, 0.0, 1218, 1218, 0, 0.0, 0.0, 0, 0, 0, 0.0, 0.0, 0, 0, 0, 0, 0, 0, 20, 20, 821.1245105716523, 821.1245105716523, 0, 6, 3.0, 4.242640687119285, 18.0, 0, 1, 0, 0, 1, 0, 0, 0, 1, 23.0, 6.0, 0.0, 20, 1, 6, 4927, 0, 0, 0, 1, 6, 1, 0, 512, 0, 2, 20, 0.0, 0.0, 0, 0, 0.0, 0.0, 0, 0]]
INFO:root:BENIGN
INFO:root:[[443, 112, 2, 0, 2500, 1250, 1250, 1250, 1250.0, 0.0, 0, 1250, 0.0, 0.0, 22310127.659574468, 17848.102127659575, 112.05673217773438, 0.0, 112, 112, 112, 112.05673217773438, 0.0, 112, 112, 0, 0.0, 0.0, 0, 0, 0, 0, 0, 0, 16, 0, 17848.102127659575, 0.0, 1250, 1250, 1250.0, 0.0, 0.0, 0, 0, 0, 0, 0, 0, 0, 0, 0, 1258.0, 1250.0, 0.0, 16, 0, 625, 11155064, 0, 0, 0, 2, 2500, 0, 1250, 0, -1, 3, 8, 0.0, 0.0, 0, 0, 0.0, 0.0, 0, 0]]
INFO:root:BENIGN
INFO:root:[[443, 14330, 2, 1, 2500, 40, 1250, 1250, 1250.0, 0.0, 40, 40, 40.0, 0.0, 177251.63316917344, 209.35232264075603, 7164.955139160156, 9974.304581194137, 14218, 112, 112, 112.05673217773438, 0.0, 112, 112, 0, 0.0, 0.0, 0, 0, 0, 0, 0, 0, 16, 8, 139.56821509383735, 69.78410754691868, 40, 1250, 846.6666666666666, 698.5938257194472, 488033.3333333333, 0, 0, 0, 0, 0, 0, 0, 0, 52, 854.6666666666666, 1250.0, 40.0, 16, 0, 625, 87230, 1, 40, 2791, 2, 2500, 1, 40, 0, 0, 5, 8, 0.0, 0.0, 0, 0, 0.0, 0.0, 0, 0]]
INFO:root:BENIGN
INFO:root:[[443, 14330, 2, 2, 2500, 1290, 1250, 1250, 1250.0, 0.0, 1250, 40, 645.0, 855.5992052357225, 264481.76760282175, 279.1364301876747, 4776.6367594401045, 8176.525544994098, 14218, 0, 112, 112.05673217773438, 0.0, 112, 112, 0, 0.0, 0.0, 0, 0, 0, 0, 0, 0, 16, 16, 139.56821509383735, 139.56821509383735, 40, 1250, 947.5, 605.0, 366025.0, 0, 0, 0, 0, 0, 0, 0, 0, 2, 955.5, 1250.0, 645.0, 16, 0, 625, 87230, 0, 322, 45011, 2, 2500, 2, 1290, 0, 0, 7, 8, 0.0, 0.0, 0, 0, 0.0, 0.0, 0, 0]]
INFO:root:BENIGN
INFO:root:[[443, 242, 2, 0, 123, 92, 92, 92, 61.5, 43.1335136523794, 0, 31, 0.0, 0.0, 508275.2630541872, 8264.63842364532, 241.99485778808594, 0.0, 242, 242, 242, 241.99485778808594, 0.0, 242, 242, 0, 0.0, 0.0, 0, 0, 1, 1, 1, 0, 40, 0, 8264.63842364532, 0.0, 31, 92, 61.5, 43.1335136523794, 1860.5, 0, 0, 0, 1, 1, 0, 0, 0, 0, 81.5, 61.5, 0.0, 40, 0, 31, 254138, 0, 0, 0, 2, 123, 0, 92, 509, -1, 3, 20, 0.0, 0.0, 0, 0, 0.0, 0.0, 0, 0]]
INFO:root:BENIGN
INFO:root:[[443, 352, 3, 0, 991, 92, 868, 92, 330.3333333333333, 466.6308319574836, 0, 92, 0.0, 0.0, 2816094.352303523, 8525.008130081302, 175.95291137695312, 93.39741630014117, 242, 110, 352, 175.95291137695312, 93.39741630014117, 242, 110, 0, 0.0, 0.0, 0, 0, 1, 1, 1, 0, 60, 0, 8525.008130081302, 0.0, 31, 868, 330.3333333333333, 466.6308319574836, 217744.33333333334, 0, 0, 0, 1, 1, 0, 0, 0, 0, 350.3333333333333, 330.3333333333333, 0.0, 60, 0, 110, 938698, 0, 0, 0, 3, 991, 0, 92, 509, -1, 6, 20, 0.0, 0.0, 0, 0, 0.0, 0.0, 0, 0]]
INFO:root:BENIGN
INFO:root:[[443, 421, 4, 0, 2403, 92, 1412, 92, 600.75, 661.5614735860405, 0, 92, 0.0, 0.0, 5710432.018130312, 9505.504815864022, 140.26959737141928, 90.4512873375693, 242, 69, 421, 140.26959737141928, 90.4512873375693, 242, 69, 0, 0.0, 0.0, 0, 0, 1, 1, 1, 0, 80, 0, 9505.504815864022, 0.0, 31, 1412, 600.75, 661.5614735860405, 437663.5833333333, 0, 0, 0, 1, 1, 0, 0, 0, 0, 620.75, 600.75, 0.0, 80, 0, 150, 1427608, 0, 0, 0, 4, 2403, 0, 92, 509, -1, 10, 20, 0.0, 0.0, 0, 0, 0.0, 0.0, 0, 0]]
INFO:root:BENIGN
INFO:root:[[443, 421, 5, 0, 2972, 92, 1412, 92, 594.4, 573.1049642081283, 0, 92, 0.0, 0.0, 7062590.078186969, 11881.881019830029, 105.20219802856445, 101.8488106985089, 242, 0, 421, 105.20219802856445, 101.8488106985089, 242, 0, 0, 0.0, 0.0, 0, 0, 1, 1, 1, 0, 100, 0, 11881.881019830029, 0.0, 31, 1412, 594.4, 573.1049642081283, 328449.3, 0, 0, 0, 1, 1, 0, 0, 0, 0, 614.4, 594.4, 0.0, 100, 0, 119, 1412518, 0, 0, 0, 5, 2972, 0, 92, 509, -1, 15, 20, 0.0, 0.0, 0, 0, 0.0, 0.0, 0, 0]]
INFO:root:BENIGN
INFO:root:[[443, 29399, 3, 2, 3750, 1290, 1250, 1250, 1250.0, 0.0, 1250, 1250, 645.0, 855.5992052357225, 171434.87981315082, 170.07428552891946, 7349.729537963867, 8429.330090791631, 15069, 0, 29399, 14699.459075927734, 20629.702234324322, 29287, 112, 0, 0.0, 0.0, 0, 0, 0, 0, 0, 0, 24, 16, 102.04457131735167, 68.02971421156778, 40, 1250, 1008.0, 541.1284505549492, 292820.0, 0, 0, 0, 0, 0, 0, 0, 0, 3, 1016.0, 1250.0, 645.0, 24, 0, 417, 42519, 0, 322, 21940, 3, 3750, 2, 1290, 0, 0, 10, 8, 0.0, 0.0, 0, 0, 0.0, 0.0, 0, 0]]
INFO:root:BENIGN
INFO:root:[[443, 16147, 5, 1, 2972, 0, 1412, 92, 594.4, 573.1049642081283, 0, 0, 0.0, 0.0, 184060.11794758213, 371.5883942414175, 3229.379653930664, 6986.42997281266, 15726, 0, 421, 105.20219802856445, 101.8488106985089, 242, 0, 0, 0.0, 0.0, 0, 0, 1, 1, 1, 0, 100, 20, 309.65699520118125, 61.93139904023625, 0, 1412, 495.3333333333333, 567.1372555798699, 321644.6666666667, 0, 0, 0, 1, 1, 0, 0, 0, 154, 515.3333333333334, 594.4, 0.0, 100, 0, 119, 36812, 0, 0, 0, 5, 2972, 1, 0, 509, 1046, 20, 20, 0.0, 0.0, 0, 0, 0.0, 0.0, 0, 0]]
INFO:root:BENIGN
INFO:root:[[443, 16147, 5, 2, 2972, 0, 1412, 92, 594.4, 573.1049642081283, 0, 0, 0.0, 0.0, 184060.11794758213, 433.51979328165373, 2691.1497116088867, 6386.416196653825, 15726, 0, 421, 105.20219802856445, 101.8488106985089, 242, 0, 0, 0.0, 0.0, 0, 0, 1, 1, 1, 1, 100, 40, 309.65699520118125, 123.8627980804725, 0, 1412, 424.57142857142856, 550.5342426960855, 303087.95238095237, 0, 0, 0, 1, 1, 0, 0, 0, 77, 444.57142857142856, 594.4, 0.0, 100, 0, 119, 36812, 0, 0, 0, 5, 2972, 2, 0, 509, 1046, 25, 20, 0.0, 0.0, 0, 0, 0.0, 0.0, 0, 0]]
INFO:root:BENIGN
INFO:root:[[443, 16147, 5, 3, 2972, 31, 1412, 92, 594.4, 573.1049642081283, 31, 0, 10.333333333333334, 17.897858344878397, 185979.99131782947, 495.45119232189, 2306.699752807617, 5918.04068870416, 15726, 0, 421, 105.20219802856445, 101.8488106985089, 242, 0, 0, 0.0, 0.0, 0, 0, 1, 1, 1, 1, 100, 60, 309.65699520118125, 185.79419712070876, 0, 1412, 375.375, 528.3483530237008, 279151.98214285716, 0, 0, 0, 1, 1, 0, 0, 0, 34, 395.375, 594.4, 10.333333333333334, 100, 0, 119, 36812, 0, 3, 640, 5, 2972, 3, 31, 509, 1046, 30, 20, 0.0, 0.0, 0, 0, 0.0, 0.0, 0, 0]]
INFO:root:BENIGN
INFO:root:[[443, 16147, 5, 4, 2972, 31, 1412, 92, 594.4, 573.1049642081283, 31, 0, 7.75, 15.5, 185979.99131782947, 557.3825913621263, 2018.362283706665, 5539.404162644344, 15726, 0, 421, 105.20219802856445, 101.8488106985089, 242, 0, 0, 0.0, 0.0, 0, 0, 1, 1, 1, 1, 100, 92, 309.65699520118125, 247.725596160945, 0, 1412, 333.6666666666667, 509.8178596322416, 259914.25, 0, 0, 0, 1, 1, 0, 0, 0, 25, 355.0, 594.4, 7.75, 100, 0, 119, 36812, 0, 2, 480, 5, 2972, 4, 31, 509, 1046, 35, 20, 0.0, 0.0, 0, 0, 0.0, 0.0, 0, 0]]
INFO:root:BENIGN
INFO:root:[[443, 16147, 5, 5, 2972, 31, 1412, 92, 594.4, 573.1049642081283, 31, 0, 6.2, 13.863621460498695, 185979.99131782947, 619.3139904023625, 1794.0998077392578, 5225.13316487002, 15726, 0, 421, 105.20219802856445, 101.8488106985089, 242, 0, 0, 0.0, 0.0, 0, 0, 1, 1, 1, 1, 100, 112, 309.65699520118125, 309.65699520118125, 0, 1412, 300.3, 492.10591678350437, 242168.23333333334, 0, 0, 0, 1, 1, 0, 0, 0, 21, 321.5, 594.4, 6.2, 100, 0, 119, 36812, 0, 1, 384, 5, 2972, 5, 31, 509, 1046, 40, 20, 0.0, 0.0, 0, 0, 0.0, 0.0, 0, 0]]
INFO:root:BENIGN
INFO:root:[[443, 45540, 3, 3, 3750, 2540, 1250, 1250, 1250.0, 0.0, 1250, 1250, 846.6666666666666, 698.5938257194472, 138120.04753702704, 131.75203262673486, 9108.01887512207, 8291.448082239018, 16141, 0, 29399, 14699.459075927734, 20629.702234324322, 29287, 112, 31210, 15605.09204864502, 22068.932817274334, 31210, 0, 0, 0, 0, 0, 24, 24, 65.87601631336743, 65.87601631336743, 40, 1250, 1048.3333333333333, 493.98043146127424, 244016.66666666666, 0, 0, 0, 0, 0, 0, 0, 0, 1, 1056.3333333333333, 1250.0, 846.6666666666666, 24, 0, 417, 27448, 0, 282, 18592, 3, 3750, 3, 2540, 0, 0, 13, 8, 0.0, 0.0, 0, 0, 0.0, 0.0, 0, 0]]
INFO:root:BENIGN
INFO:root:[[80, 1390, 1, 1, 6, 0, 6, 6, 6.0, 0.0, 0, 0, 0.0, 0.0, 4316.607890222985, 1438.8692967409947, 1389.9803161621094, 0.0, 1390, 1390, 0, 0.0, 0.0, 0, 0, 0, 0.0, 0.0, 0, 0, 0, 0, 0, 0, 20, 20, 719.4346483704974, 719.4346483704974, 0, 6, 3.0, 4.242640687119285, 18.0, 0, 1, 0, 0, 1, 0, 0, 0, 1, 23.0, 6.0, 0.0, 20, 1, 6, 4317, 0, 0, 0, 1, 6, 1, 0, 512, 0, 2, 20, 0.0, 0.0, 0, 0, 0.0, 0.0, 0, 0]]
INFO:root:BENIGN
INFO:root:[[443, 71117, 4, 3, 5000, 2540, 1250, 1250, 1250.0, 0.0, 1250, 1250, 846.6666666666666, 698.5938257194472, 106022.58289024627, 98.42945361163447, 11852.82071431478, 10010.100491952422, 25577, 0, 71117, 23705.64142862956, 21357.112839726167, 41718, 112, 31210, 15605.09204864502, 22068.932817274334, 31210, 0, 0, 0, 0, 0, 32, 24, 56.245402063791126, 42.184051547843346, 40, 1250, 1077.142857142857, 457.33701234116495, 209157.14285714287, 0, 0, 0, 0, 0, 0, 0, 0, 2, 1085.142857142857, 1250.0, 846.6666666666666, 32, 0, 312, 17577, 0, 282, 11905, 4, 5000, 3, 2540, 0, 0, 17, 8, 0.0, 0.0, 0, 0, 0.0, 0.0, 0, 0]]
INFO:root:BENIGN
INFO:root:[[443, 59205, 6, 5, 2972, 31, 1412, 92, 495.3333333333333, 567.1372555798699, 31, 0, 6.2, 13.863621460498695, 50722.22432879757, 185.79569351207903, 5920.4816818237305, 13947.71425357557, 43058, 0, 59205, 11840.963363647461, 26242.107967299875, 58784, 0, 0, 0.0, 0.0, 0, 0, 1, 1, 1, 1, 120, 112, 101.3431055520431, 84.45258796003593, 0, 1412, 273.0, 475.5518899131829, 226149.6, 0, 0, 0, 1, 1, 0, 0, 0, 22, 294.09090909090907, 495.3333333333333, 6.2, 120, 0, 83, 8366, 0, 1, 105, 6, 2972, 5, 31, 509, 1046, 45, 20, 0.0, 0.0, 0, 0, 0.0, 0.0, 0, 0]]
INFO:root:BENIGN
INFO:root:[[443, 83371, 4, 4, 5000, 3790, 1250, 1250, 1250.0, 0.0, 1250, 1250, 947.5, 605.0, 105432.44069628778, 95.95671508194565, 11910.131999424526, 9139.187708231784, 25577, 0, 71117, 23705.64142862956, 21357.112839726167, 41718, 112, 69041, 23013.67123921712, 20203.465908492482, 37831, 0, 0, 0, 0, 0, 32, 32, 47.97835754097282, 47.97835754097282, 40, 1250, 1098.75, 427.79960261786124, 183012.5, 0, 0, 0, 0, 0, 0, 0, 0, 1, 1106.75, 1250.0, 947.5, 32, 0, 312, 14993, 0, 237, 11365, 4, 5000, 4, 3790, 0, 0, 21, 8, 0.0, 0.0, 0, 0, 0.0, 0.0, 0, 0]]
INFO:root:BENIGN
INFO:root:[[443, 106634, 5, 4, 6250, 3790, 1250, 1250, 1250.0, 0.0, 1250, 1250, 947.5, 605.0, 94153.92149892119, 84.4009256464433, 13329.237699508667, 9365.016414648131, 25577, 0, 106634, 26658.475399017334, 18410.896041725806, 41718, 112, 69041, 23013.67123921712, 20203.465908492482, 37831, 0, 0, 0, 0, 0, 40, 32, 46.88940313691295, 37.51152250953036, 40, 1250, 1115.5555555555557, 403.3333333333333, 162677.77777777778, 0, 0, 0, 0, 0, 0, 0, 0, 2, 1123.5555555555557, 1250.0, 947.5, 40, 0, 250, 11722, 0, 237, 8886, 5, 6250, 4, 3790, 0, 0, 26, 8, 0.0, 0.0, 0, 0, 0.0, 0.0, 0, 0]]
INFO:root:BENIGN
INFO:root:[[443, 116294, 5, 5, 6250, 5040, 1250, 1250, 1250.0, 0.0, 1250, 1250, 1008.0, 541.1284505549492, 97081.6122286642, 85.98902766046432, 12921.545240614148, 8845.14042625415, 25577, 0, 106634, 26658.475399017334, 18410.896041725806, 41718, 112, 101964, 25490.999221801758, 17224.071495350126, 37831, 0, 0, 0, 0, 0, 40, 40, 42.99451383023216, 42.99451383023216, 40, 1250, 1129.0, 382.6355968803739, 146410.0, 0, 0, 0, 0, 0, 0, 0, 0, 1, 1137.0, 1250.0, 1008.0, 40, 0, 250, 10749, 0, 202, 8668, 5, 6250, 5, 5040, 0, 0, 31, 8, 0.0, 0.0, 0, 0, 0.0, 0.0, 0, 0]]
INFO:root:BENIGN
INFO:root:[[443, 139395, 6, 5, 7500, 5040, 1250, 1250, 1250.0, 0.0, 1250, 1250, 1008.0, 541.1284505549492, 89960.18602105479, 78.91244387811824, 13939.499855041504, 8939.00887505183, 25577, 0, 139395, 27878.999710083008, 16176.192931711032, 41718, 112, 101964, 25490.999221801758, 17224.071495350126, 37831, 0, 0, 0, 0, 0, 48, 40, 43.043151206246314, 35.869292671871925, 40, 1250, 1140.0, 364.828726939094, 133100.0, 0, 0, 0, 0, 0, 0, 0, 0, 1, 1148.0, 1250.0, 1008.0, 48, 0, 208, 8967, 0, 202, 7231, 6, 7500, 5, 5040, 0, 0, 37, 8, 0.0, 0.0, 0, 0, 0.0, 0.0, 0, 0]]
INFO:root:BENIGN
INFO:root:[[443, 140960, 6, 6, 7500, 6290, 1250, 1250, 1250.0, 0.0, 1250, 1250, 1048.3333333333333, 493.98043146127424, 97829.18659267391, 85.13054670863573, 12814.543463967064, 9264.776705428005, 25577, 0, 139395, 27878.999710083008, 16176.192931711032, 41718, 112, 126630, 25326.013565063477, 14921.04488607773, 37831, 0, 0, 0, 0, 0, 48, 48, 42.56527335431787, 42.56527335431787, 40, 1250, 1149.1666666666667, 349.2969128597236, 122008.33333333333, 0, 0, 0, 0, 0, 0, 0, 0, 1, 1157.1666666666667, 1250.0, 1048.3333333333333, 48, 0, 208, 8868, 0, 175, 7437, 6, 7500, 6, 6290, 0, 0, 43, 8, 0.0, 0.0, 0, 0, 0.0, 0.0, 0, 0]]
INFO:root:BENIGN
INFO:root:[[443, 141597, 7, 6, 7664, 6290, 1250, 1250, 1094.857142857143, 410.46941768802077, 1250, 164, 1048.3333333333333, 493.98043146127424, 98547.26295460018, 91.80983362546957, 11799.752712249756, 9507.387126115924, 25577, 0, 141597, 23599.50542449951, 17866.72332167264, 41718, 112, 126630, 25326.013565063477, 14921.04488607773, 37831, 0, 0, 0, 0, 0, 56, 48, 49.436064259868225, 42.37376936560134, 40, 1250, 1073.3846153846155, 431.85521077894043, 186498.92307692306, 0, 0, 0, 0, 0, 0, 0, 0, 1, 1081.3846153846155, 1094.857142857143, 1048.3333333333333, 56, 0, 156, 7732, 0, 175, 7404, 7, 7664, 6, 6290, 0, 0, 50, 8, 0.0, 0.0, 0, 0, 0.0, 0.0, 0, 0]]
INFO:root:BENIGN
INFO:root:[[443, 153343, 7, 7, 7664, 7540, 1250, 1250, 1094.857142857143, 410.46941768802077, 1250, 164, 1077.142857142857, 457.33701234116495, 99150.295360303, 91.29861451224954, 11795.612481924203, 9102.642398864638, 25577, 0, 141597, 23599.50542449951, 17866.72332167264, 41718, 112, 139013, 23168.84199778239, 14353.759069247079, 37831, 0, 0, 0, 0, 0, 56, 56, 45.64930725612477, 45.64930725612477, 40, 1250, 1086.0, 417.5894192588254, 174380.92307692306, 0, 0, 0, 0, 0, 0, 0, 0, 1, 1094.0, 1094.857142857143, 1077.142857142857, 56, 0, 156, 7140, 0, 154, 7024, 7, 7664, 7, 7540, 0, 0, 57, 8, 0.0, 0.0, 0, 0, 0.0, 0.0, 0, 0]]
INFO:root:BENIGN
INFO:root:[[443, 153718, 8, 7, 7832, 7540, 1250, 1250, 979.0, 501.79563284554115, 1250, 168, 1077.142857142857, 457.33701234116495, 100001.30453826349, 97.58128858144369, 10979.856763567243, 9262.872245397157, 25577, 0, 153718, 21959.713527134485, 16877.171686758287, 41718, 112, 139013, 23168.84199778239, 14353.759069247079, 37831, 0, 0, 0, 0, 0, 64, 56, 52.0433539101033, 45.53793467134039, 40, 1250, 1024.8, 467.0189962486996, 218106.74285714285, 0, 0, 0, 0, 0, 0, 0, 0, 1, 1032.8, 979.0, 1077.142857142857, 64, 0, 122, 6369, 0, 154, 7007, 8, 7832, 7, 7540, 0, 0, 65, 8, 0.0, 0.0, 0, 0, 0.0, 0.0, 0, 0]]
INFO:root:BENIGN
INFO:root:[[443, 157002, 8, 8, 7832, 8058, 1250, 1250, 979.0, 501.79563284554115, 1250, 168, 1007.25, 467.2875376651328, 101208.91971924667, 101.9095478607896, 10466.798146565756, 9144.430582092138, 25577, 0, 153718, 21959.713527134485, 16877.171686758287, 41718, 112, 142672, 20381.723131452287, 15035.565188590894, 37831, 0, 0, 0, 0, 0, 64, 64, 50.9547739303948, 50.9547739303948, 40, 1250, 993.125, 468.6354482253058, 219619.18333333332, 0, 0, 0, 0, 0, 0, 0, 0, 1, 1001.125, 979.0, 1007.25, 64, 0, 122, 6236, 0, 126, 6416, 8, 7832, 8, 8058, 0, 0, 73, 8, 0.0, 0.0, 0, 0, 0.0, 0.0, 0, 0]]
INFO:root:BENIGN
INFO:root:[[443, 157002, 8, 9, 7832, 8179, 1250, 1250, 979.0, 501.79563284554115, 1250, 121, 908.7777777777778, 527.5736388831842, 101979.61067494389, 108.27889460208894, 9812.623262405396, 9213.740812379881, 25577, 0, 153718, 21959.713527134485, 16877.171686758287, 41718, 112, 142672, 17834.007740020752, 15674.807500861638, 37831, 0, 0, 0, 0, 0, 64, 72, 50.9547739303948, 57.324120671694146, 40, 1250, 941.8235294117648, 500.63387761093907, 250634.2794117647, 0, 0, 0, 0, 0, 0, 0, 0, 1, 949.8235294117648, 979.0, 908.7777777777778, 64, 0, 122, 6236, 0, 101, 5788, 8, 7832, 9, 8179, 0, 0, 81, 8, 0.0, 0.0, 0, 0, 0.0, 0.0, 0, 0]]
INFO:root:BENIGN
INFO:root:[[443, 157413, 9, 9, 7865, 8179, 1250, 1250, 873.8888888888889, 565.4724671556619, 1250, 33, 908.7777777777778, 527.5736388831842, 101922.96319811947, 114.3488741938513, 9259.588578168084, 9207.964551209914, 25577, 0, 157413, 19676.625728607178, 16907.02719087038, 41718, 112, 142672, 17834.007740020752, 15674.807500861638, 37831, 0, 0, 0, 0, 0, 72, 72, 57.17443709692565, 57.17443709692565, 33, 1250, 891.3333333333334, 530.8274340177628, 281777.76470588235, 0, 0, 0, 0, 0, 0, 0, 0, 1, 899.3333333333334, 873.8888888888889, 908.7777777777778, 72, 0, 97, 5552, 0, 101, 5773, 9, 7865, 9, 8179, 0, 0, 90, 8, 0.0, 0.0, 0, 0, 0.0, 0.0, 0, 0]]
INFO:root:BENIGN
INFO:root:[[443, 157570, 10, 9, 7898, 8179, 1250, 1250, 789.8, 595.7681875808184, 1250, 33, 908.7777777777778, 527.5736388831842, 102030.91773592214, 120.58141674333027, 8753.882514105902, 9187.08107497751, 25577, 0, 157570, 17507.765028211805, 17101.234838987566, 41718, 112, 142672, 17834.007740020752, 15674.807500861638, 37831, 0, 0, 0, 0, 0, 80, 72, 63.46390354912119, 57.117513194209074, 33, 1250, 846.1578947368421, 552.1766286613063, 304899.02923976607, 0, 0, 0, 0, 0, 0, 0, 0, 1, 854.1578947368421, 789.8, 908.7777777777778, 80, 0, 79, 5012, 0, 101, 5767, 10, 7898, 9, 8179, 0, 0, 100, 8, 0.0, 0.0, 0, 0, 0.0, 0.0, 0, 0]]
INFO:root:BENIGN
INFO:root:[[80, 1548, 1, 1, 6, 0, 6, 6, 6.0, 0.0, 0, 0, 0.0, 0.0, 3876.4362292051756, 1292.1454097350586, 1547.8134155273438, 0.0, 1548, 1548, 0, 0.0, 0.0, 0, 0, 0, 0.0, 0.0, 0, 0, 0, 0, 0, 0, 20, 20, 646.0727048675293, 646.0727048675293, 0, 6, 3.0, 4.242640687119285, 18.0, 0, 1, 0, 0, 1, 0, 0, 0, 1, 23.0, 6.0, 0.0, 20, 1, 6, 3876, 0, 0, 0, 1, 6, 1, 0, 512, 0, 2, 20, 0.0, 0.0, 0, 0, 0.0, 0.0, 0, 0]]
INFO:root:BENIGN
INFO:root:[[443, 162879, 10, 10, 7898, 8204, 1250, 1250, 789.8, 595.7681875808184, 1250, 25, 820.4, 570.538575967188, 98858.66791575668, 122.79054516924194, 8572.578430175781, 8963.145956762739, 25577, 0, 157570, 17507.765028211805, 17101.234838987566, 41718, 112, 148549, 16505.453321668836, 15194.494167234929, 37831, 0, 0, 0, 0, 0, 80, 80, 61.39527258462097, 61.39527258462097, 25, 1250, 805.1, 567.9495807867011, 322566.72631578945, 0, 0, 0, 0, 0, 0, 0, 0, 1, 813.1, 789.8, 820.4, 80, 0, 79, 4849, 0, 82, 5037, 10, 7898, 10, 8204, 0, 0, 110, 8, 0.0, 0.0, 0, 0, 0.0, 0.0, 0, 0]]
INFO:root:BENIGN
INFO:root:[[443, 186058, 6, 6, 2972, 282, 1412, 92, 495.3333333333333, 567.1372555798699, 251, 0, 47.0, 100.70551126924484, 17489.188278063462, 64.49608461486218, 16914.346001364967, 38789.17940677215, 126853, 0, 59205, 11840.963363647461, 26242.107967299875, 58784, 0, 169911, 33982.181549072266, 75986.46796746469, 169911, 0, 1, 1, 1, 1, 120, 132, 32.24804230743109, 32.24804230743109, 0, 1412, 271.1666666666667, 453.4654107954418, 205630.87878787878, 0, 0, 0, 1, 1, 0, 0, 0, 7, 292.1666666666667, 495.3333333333333, 47.0, 120, 0, 83, 2662, 0, 8, 253, 6, 2972, 6, 282, 509, 1046, 50, 20, 0.0, 0.0, 0, 0, 0.0, 0.0, 0, 0]]
INFO:root:BENIGN
INFO:root:[[443, 186799, 7, 6, 3011, 282, 1412, 92, 430.14285714285717, 545.6975439964976, 251, 39, 47.0, 100.70551126924484, 17628.591868955737, 69.59359073684318, 15566.567579905191, 37277.56243419713, 126853, 0, 186799, 31133.135159810383, 52764.059170328466, 127594, 0, 169911, 33982.181549072266, 75986.46796746469, 169911, 0, 1, 1, 1, 1, 140, 132, 37.47347193522325, 32.12011880161993, 0, 1412, 253.30769230769232, 438.909137258762, 192641.23076923078, 0, 0, 0, 1, 1, 0, 0, 0, 8, 274.2307692307692, 430.14285714285717, 47.0, 140, 0, 61, 2303, 0, 8, 252, 7, 3011, 6, 282, 509, 1046, 56, 20, 0.0, 0.0, 0, 0, 0.0, 0.0, 0, 0]]
INFO:root:BENIGN
INFO:root:[[443, 200646, 7, 7, 3011, 282, 1412, 92, 430.14285714285717, 545.6975439964976, 251, 0, 40.285714285714285, 93.63175082152829, 16411.995522654088, 69.77465451477596, 15434.30181650015, 35693.734711207246, 126853, 0, 186799, 31133.135159810383, 52764.059170328466, 127594, 0, 184499, 30749.837557474773, 68423.99387215372, 169911, 0, 1, 1, 1, 1, 140, 152, 34.88732725738798, 34.88732725738798, 0, 1412, 235.21428571428572, 427.0900064697998, 182405.87362637362, 0, 0, 0, 1, 1, 0, 0, 0, 7, 256.07142857142856, 430.14285714285717, 40.285714285714285, 140, 0, 61, 2144, 0, 6, 201, 7, 3011, 7, 282, 509, 1046, 62, 20, 0.0, 0.0, 0, 0, 0.0, 0.0, 0, 0]]
INFO:root:BENIGN
INFO:root:[[80, 1358, 1, 1, 6, 0, 6, 6, 6.0, 0.0, 0, 0, 0.0, 0.0, 4418.933099209833, 1472.9776997366112, 1357.7938079833984, 0.0, 1358, 1358, 0, 0.0, 0.0, 0, 0, 0, 0.0, 0.0, 0, 0, 0, 0, 0, 0, 20, 20, 736.4888498683056, 736.4888498683056, 0, 6, 3.0, 4.242640687119285, 18.0, 0, 1, 0, 0, 1, 0, 0, 0, 1, 23.0, 6.0, 0.0, 20, 1, 6, 4419, 0, 0, 0, 1, 6, 1, 0, 512, 0, 2, 20, 0.0, 0.0, 0, 0, 0.0, 0.0, 0, 0]]
INFO:root:BENIGN
INFO:root:[[80, 1469, 1, 1, 6, 0, 6, 6, 6.0, 0.0, 0, 0, 0.0, 0.0, 4084.6979386463236, 1361.5659795487745, 1468.8968658447266, 0.0, 1469, 1469, 0, 0.0, 0.0, 0, 0, 0, 0.0, 0.0, 0, 0, 0, 0, 0, 0, 20, 20, 680.7829897743873, 680.7829897743873, 0, 6, 3.0, 4.242640687119285, 18.0, 0, 1, 0, 0, 1, 0, 0, 0, 1, 23.0, 6.0, 0.0, 20, 1, 6, 4085, 0, 0, 0, 1, 6, 1, 0, 512, 0, 2, 20, 0.0, 0.0, 0, 0, 0.0, 0.0, 0, 0]]
INFO:root:BENIGN
INFO:root:[[80, 2749, 1, 1, 6, 0, 6, 6, 6.0, 0.0, 0, 0, 0.0, 0.0, 2182.6386816999134, 727.5462272333044, 2748.9662170410156, 0.0, 2749, 2749, 0, 0.0, 0.0, 0, 0, 0, 0.0, 0.0, 0, 0, 0, 0, 0, 0, 20, 20, 363.7731136166522, 363.7731136166522, 0, 6, 3.0, 4.242640687119285, 18.0, 0, 1, 0, 0, 1, 0, 0, 0, 1, 23.0, 6.0, 0.0, 20, 1, 6, 2183, 0, 0, 0, 1, 6, 1, 0, 512, 0, 2, 20, 0.0, 0.0, 0, 0, 0.0, 0.0, 0, 0]]
INFO:root:BENIGN
INFO:root:[[80, 1672, 1, 1, 6, 0, 6, 6, 6.0, 0.0, 0, 0, 0.0, 0.0, 3588.4534436047343, 1196.1511478682446, 1672.0294952392578, 0.0, 1672, 1672, 0, 0.0, 0.0, 0, 0, 0, 0.0, 0.0, 0, 0, 0, 0, 0, 0, 20, 20, 598.0755739341223, 598.0755739341223, 0, 6, 3.0, 4.242640687119285, 18.0, 0, 1, 0, 0, 1, 0, 0, 0, 1, 23.0, 6.0, 0.0, 20, 1, 6, 3588, 0, 0, 0, 1, 6, 1, 0, 512, 0, 2, 20, 0.0, 0.0, 0, 0, 0.0, 0.0, 0, 0]]
INFO:root:BENIGN
INFO:root:[[80, 1408, 1, 1, 6, 0, 6, 6, 6.0, 0.0, 0, 0, 0.0, 0.0, 4261.060616322384, 1420.353538774128, 1408.1001281738281, 0.0, 1408, 1408, 0, 0.0, 0.0, 0, 0, 0, 0.0, 0.0, 0, 0, 0, 0, 0, 0, 20, 20, 710.176769387064, 710.176769387064, 0, 6, 3.0, 4.242640687119285, 18.0, 0, 1, 0, 0, 1, 0, 0, 0, 1, 23.0, 6.0, 0.0, 20, 1, 6, 4261, 0, 0, 0, 1, 6, 1, 0, 512, 0, 2, 20, 0.0, 0.0, 0, 0, 0.0, 0.0, 0, 0]]
INFO:root:BENIGN
INFO:root:[[80, 2209, 1, 1, 6, 0, 6, 6, 6.0, 0.0, 0, 0, 0.0, 0.0, 2715.9317936542197, 905.3105978847399, 2209.186553955078, 0.0, 2209, 2209, 0, 0.0, 0.0, 0, 0, 0, 0.0, 0.0, 0, 0, 0, 0, 0, 0, 20, 20, 452.65529894236994, 452.65529894236994, 0, 6, 3.0, 4.242640687119285, 18.0, 0, 1, 0, 0, 1, 0, 0, 0, 1, 23.0, 6.0, 0.0, 20, 1, 6, 2716, 0, 0, 0, 1, 6, 1, 0, 512, 0, 2, 20, 0.0, 0.0, 0, 0, 0.0, 0.0, 0, 0]]
INFO:root:BENIGN
INFO:root:[[80, 1471, 1, 1, 6, 0, 6, 6, 6.0, 0.0, 0, 0, 0.0, 0.0, 4078.739708265802, 1359.5799027552673, 1471.0426330566406, 0.0, 1471, 1471, 0, 0.0, 0.0, 0, 0, 0, 0.0, 0.0, 0, 0, 0, 0, 0, 0, 20, 20, 679.7899513776337, 679.7899513776337, 0, 6, 3.0, 4.242640687119285, 18.0, 0, 1, 0, 0, 1, 0, 0, 0, 1, 23.0, 6.0, 0.0, 20, 1, 6, 4079, 0, 0, 0, 1, 6, 1, 0, 512, 0, 2, 20, 0.0, 0.0, 0, 0, 0.0, 0.0, 0, 0]]
INFO:root:BENIGN
INFO:root:[[80, 1970, 1, 1, 6, 0, 6, 6, 6.0, 0.0, 0, 0, 0.0, 0.0, 3045.6037758683287, 1015.2012586227762, 1970.052719116211, 0.0, 1970, 1970, 0, 0.0, 0.0, 0, 0, 0, 0.0, 0.0, 0, 0, 0, 0, 0, 0, 20, 20, 507.6006293113881, 507.6006293113881, 0, 6, 3.0, 4.242640687119285, 18.0, 0, 1, 0, 0, 1, 0, 0, 0, 1, 23.0, 6.0, 0.0, 20, 1, 6, 3046, 0, 0, 0, 1, 6, 1, 0, 512, 0, 2, 20, 0.0, 0.0, 0, 0, 0.0, 0.0, 0, 0]]
INFO:root:BENIGN
INFO:root:[[80, 2167, 1, 1, 6, 0, 6, 6, 6.0, 0.0, 0, 0, 0.0, 0.0, 2768.8220926394542, 922.9406975464848, 2166.9864654541016, 0.0, 2167, 2167, 0, 0.0, 0.0, 0, 0, 0, 0.0, 0.0, 0, 0, 0, 0, 0, 0, 20, 20, 461.4703487732424, 461.4703487732424, 0, 6, 3.0, 4.242640687119285, 18.0, 0, 1, 0, 0, 1, 0, 0, 0, 1, 23.0, 6.0, 0.0, 20, 1, 6, 2769, 0, 0, 0, 1, 6, 1, 0, 512, 0, 2, 20, 0.0, 0.0, 0, 0, 0.0, 0.0, 0, 0]]
INFO:root:BENIGN
INFO:root:[[80, 1153, 1, 1, 6, 0, 6, 6, 6.0, 0.0, 0, 0, 0.0, 0.0, 5203.85111662531, 1734.6170388751034, 1152.9922485351562, 0.0, 1153, 1153, 0, 0.0, 0.0, 0, 0, 0, 0.0, 0.0, 0, 0, 0, 0, 0, 0, 20, 20, 867.3085194375517, 867.3085194375517, 0, 6, 3.0, 4.242640687119285, 18.0, 0, 1, 0, 0, 1, 0, 0, 0, 1, 23.0, 6.0, 0.0, 20, 1, 6, 5204, 0, 0, 0, 1, 6, 1, 0, 512, 0, 2, 20, 0.0, 0.0, 0, 0, 0.0, 0.0, 0, 0]]
INFO:root:BENIGN
INFO:root:[[80, 1537, 1, 1, 6, 0, 6, 6, 6.0, 0.0, 0, 0, 0.0, 0.0, 3903.493718008376, 1301.1645726694587, 1537.0845794677734, 0.0, 1537, 1537, 0, 0.0, 0.0, 0, 0, 0, 0.0, 0.0, 0, 0, 0, 0, 0, 0, 20, 20, 650.5822863347294, 650.5822863347294, 0, 6, 3.0, 4.242640687119285, 18.0, 0, 1, 0, 0, 1, 0, 0, 0, 1, 23.0, 6.0, 0.0, 20, 1, 6, 3903, 0, 0, 0, 1, 6, 1, 0, 512, 0, 2, 20, 0.0, 0.0, 0, 0, 0.0, 0.0, 0, 0]]
INFO:root:BENIGN
INFO:root:[[80, 3386, 1, 1, 6, 0, 6, 6, 6.0, 0.0, 0, 0, 0.0, 0.0, 1771.991550485847, 590.663850161949, 3386.0206604003906, 0.0, 3386, 3386, 0, 0.0, 0.0, 0, 0, 0, 0.0, 0.0, 0, 0, 0, 0, 0, 0, 20, 20, 295.3319250809745, 295.3319250809745, 0, 6, 3.0, 4.242640687119285, 18.0, 0, 1, 0, 0, 1, 0, 0, 0, 1, 23.0, 6.0, 0.0, 20, 1, 6, 1772, 0, 0, 0, 1, 6, 1, 0, 512, 0, 2, 20, 0.0, 0.0, 0, 0, 0.0, 0.0, 0, 0]]
INFO:root:BENIGN
INFO:root:[[80, 3383, 1, 1, 6, 0, 6, 6, 6.0, 0.0, 0, 0, 0.0, 0.0, 1773.6150539150046, 591.2050179716682, 3382.9212188720703, 0.0, 3383, 3383, 0, 0.0, 0.0, 0, 0, 0, 0.0, 0.0, 0, 0, 0, 0, 0, 0, 20, 20, 295.6025089858341, 295.6025089858341, 0, 6, 3.0, 4.242640687119285, 18.0, 0, 1, 0, 0, 1, 0, 0, 0, 1, 23.0, 6.0, 0.0, 20, 1, 6, 1774, 0, 0, 0, 1, 6, 1, 0, 512, 0, 2, 20, 0.0, 0.0, 0, 0, 0.0, 0.0, 0, 0]]
INFO:root:BENIGN
INFO:root:[[80, 2997, 1, 1, 6, 0, 6, 6, 6.0, 0.0, 0, 0, 0.0, 0.0, 2002.054415274463, 667.3514717581544, 2996.9215393066406, 0.0, 2997, 2997, 0, 0.0, 0.0, 0, 0, 0, 0.0, 0.0, 0, 0, 0, 0, 0, 0, 20, 20, 333.6757358790772, 333.6757358790772, 0, 6, 3.0, 4.242640687119285, 18.0, 0, 1, 0, 0, 1, 0, 0, 0, 1, 23.0, 6.0, 0.0, 20, 1, 6, 2002, 0, 0, 0, 1, 6, 1, 0, 512, 0, 2, 20, 0.0, 0.0, 0, 0, 0.0, 0.0, 0, 0]]
INFO:root:BENIGN
INFO:root:[[80, 1464, 1, 1, 6, 0, 6, 6, 6.0, 0.0, 0, 0, 0.0, 0.0, 4098.668403908795, 1366.2228013029317, 1463.8900756835938, 0.0, 1464, 1464, 0, 0.0, 0.0, 0, 0, 0, 0.0, 0.0, 0, 0, 0, 0, 0, 0, 20, 20, 683.1114006514658, 683.1114006514658, 0, 6, 3.0, 4.242640687119285, 18.0, 0, 1, 0, 0, 1, 0, 0, 0, 1, 23.0, 6.0, 0.0, 20, 1, 6, 4099, 0, 0, 0, 1, 6, 1, 0, 512, 0, 2, 20, 0.0, 0.0, 0, 0, 0.0, 0.0, 0, 0]]
INFO:root:BENIGN
INFO:root:[[80, 1412, 1, 1, 6, 0, 6, 6, 6.0, 0.0, 0, 0, 0.0, 0.0, 4249.548125633232, 1416.516041877744, 1411.9148254394531, 0.0, 1412, 1412, 0, 0.0, 0.0, 0, 0, 0, 0.0, 0.0, 0, 0, 0, 0, 0, 0, 20, 20, 708.258020938872, 708.258020938872, 0, 6, 3.0, 4.242640687119285, 18.0, 0, 1, 0, 0, 1, 0, 0, 0, 1, 23.0, 6.0, 0.0, 20, 1, 6, 4250, 0, 0, 0, 1, 6, 1, 0, 512, 0, 2, 20, 0.0, 0.0, 0, 0, 0.0, 0.0, 0, 0]]
INFO:root:BENIGN
INFO:root:[[80, 1385, 1, 1, 6, 0, 6, 6, 6.0, 0.0, 0, 0, 0.0, 0.0, 4331.4671256454385, 1443.8223752151464, 1385.2119445800781, 0.0, 1385, 1385, 0, 0.0, 0.0, 0, 0, 0, 0.0, 0.0, 0, 0, 0, 0, 0, 0, 20, 20, 721.9111876075732, 721.9111876075732, 0, 6, 3.0, 4.242640687119285, 18.0, 0, 1, 0, 0, 1, 0, 0, 0, 1, 23.0, 6.0, 0.0, 20, 1, 6, 4331, 0, 0, 0, 1, 6, 1, 0, 512, 0, 2, 20, 0.0, 0.0, 0, 0, 0.0, 0.0, 0, 0]]
INFO:root:BENIGN
INFO:root:[[80, 2958, 1, 1, 6, 0, 6, 6, 6.0, 0.0, 0, 0, 0.0, 0.0, 2028.3568953010397, 676.1189651003466, 2958.059310913086, 0.0, 2958, 2958, 0, 0.0, 0.0, 0, 0, 0, 0.0, 0.0, 0, 0, 0, 0, 0, 0, 20, 20, 338.0594825501733, 338.0594825501733, 0, 6, 3.0, 4.242640687119285, 18.0, 0, 1, 0, 0, 1, 0, 0, 0, 1, 23.0, 6.0, 0.0, 20, 1, 6, 2028, 0, 0, 0, 1, 6, 1, 0, 512, 0, 2, 20, 0.0, 0.0, 0, 0, 0.0, 0.0, 0, 0]]
INFO:root:BENIGN
INFO:root:[[80, 1490, 1, 1, 6, 0, 6, 6, 6.0, 0.0, 0, 0, 0.0, 0.0, 4026.53184, 1342.17728, 1490.1161193847656, 0.0, 1490, 1490, 0, 0.0, 0.0, 0, 0, 0, 0.0, 0.0, 0, 0, 0, 0, 0, 0, 20, 20, 671.08864, 671.08864, 0, 6, 3.0, 4.242640687119285, 18.0, 0, 1, 0, 0, 1, 0, 0, 0, 1, 23.0, 6.0, 0.0, 20, 1, 6, 4027, 0, 0, 0, 1, 6, 1, 0, 512, 0, 2, 20, 0.0, 0.0, 0, 0, 0.0, 0.0, 0, 0]]
INFO:root:BENIGN
INFO:root:[[80, 1304, 1, 1, 6, 0, 6, 6, 6.0, 0.0, 0, 0, 0.0, 0.0, 4601.5403181568845, 1533.8467727189613, 1303.9112091064453, 0.0, 1304, 1304, 0, 0.0, 0.0, 0, 0, 0, 0.0, 0.0, 0, 0, 0, 0, 0, 0, 20, 20, 766.9233863594807, 766.9233863594807, 0, 6, 3.0, 4.242640687119285, 18.0, 0, 1, 0, 0, 1, 0, 0, 0, 1, 23.0, 6.0, 0.0, 20, 1, 6, 4602, 0, 0, 0, 1, 6, 1, 0, 512, 0, 2, 20, 0.0, 0.0, 0, 0, 0.0, 0.0, 0, 0]]
INFO:root:BENIGN
INFO:root:[[80, 2220, 1, 1, 6, 0, 6, 6, 6.0, 0.0, 0, 0, 0.0, 0.0, 2702.5154639175257, 900.8384879725086, 2220.15380859375, 0.0, 2220, 2220, 0, 0.0, 0.0, 0, 0, 0, 0.0, 0.0, 0, 0, 0, 0, 0, 0, 20, 20, 450.4192439862543, 450.4192439862543, 0, 6, 3.0, 4.242640687119285, 18.0, 0, 1, 0, 0, 1, 0, 0, 0, 1, 23.0, 6.0, 0.0, 20, 1, 6, 2703, 0, 0, 0, 1, 6, 1, 0, 512, 0, 2, 20, 0.0, 0.0, 0, 0, 0.0, 0.0, 0, 0]]
INFO:root:BENIGN
INFO:root:[[80, 3269, 1, 1, 6, 0, 6, 6, 6.0, 0.0, 0, 0, 0.0, 0.0, 1835.4477426883525, 611.8159142294508, 3268.9571380615234, 0.0, 3269, 3269, 0, 0.0, 0.0, 0, 0, 0, 0.0, 0.0, 0, 0, 0, 0, 0, 0, 20, 20, 305.9079571147254, 305.9079571147254, 0, 6, 3.0, 4.242640687119285, 18.0, 0, 1, 0, 0, 1, 0, 0, 0, 1, 23.0, 6.0, 0.0, 20, 1, 6, 1835, 0, 0, 0, 1, 6, 1, 0, 512, 0, 2, 20, 0.0, 0.0, 0, 0, 0.0, 0.0, 0, 0]]
INFO:root:BENIGN
INFO:root:[[80, 2050, 1, 1, 6, 0, 6, 6, 6.0, 0.0, 0, 0, 0.0, 0.0, 2926.9392882065595, 975.6464294021865, 2049.9229431152344, 0.0, 2050, 2050, 0, 0.0, 0.0, 0, 0, 0, 0.0, 0.0, 0, 0, 0, 0, 0, 0, 20, 20, 487.82321470109326, 487.82321470109326, 0, 6, 3.0, 4.242640687119285, 18.0, 0, 1, 0, 0, 1, 0, 0, 0, 1, 23.0, 6.0, 0.0, 20, 1, 6, 2927, 0, 0, 0, 1, 6, 1, 0, 512, 0, 2, 20, 0.0, 0.0, 0, 0, 0.0, 0.0, 0, 0]]
INFO:root:BENIGN
INFO:root:[[80, 2348, 1, 1, 6, 0, 6, 6, 6.0, 0.0, 0, 0, 0.0, 0.0, 2555.1653975022846, 851.7217991674281, 2348.184585571289, 0.0, 2348, 2348, 0, 0.0, 0.0, 0, 0, 0, 0.0, 0.0, 0, 0, 0, 0, 0, 0, 20, 20, 425.86089958371406, 425.86089958371406, 0, 6, 3.0, 4.242640687119285, 18.0, 0, 1, 0, 0, 1, 0, 0, 0, 1, 23.0, 6.0, 0.0, 20, 1, 6, 2555, 0, 0, 0, 1, 6, 1, 0, 512, 0, 2, 20, 0.0, 0.0, 0, 0, 0.0, 0.0, 0, 0]]
INFO:root:BENIGN
INFO:root:[[80, 4352, 1, 1, 6, 0, 6, 6, 6.0, 0.0, 0, 0, 0.0, 0.0, 1378.6470910485373, 459.54903034951246, 4352.092742919922, 0.0, 4352, 4352, 0, 0.0, 0.0, 0, 0, 0, 0.0, 0.0, 0, 0, 0, 0, 0, 0, 20, 20, 229.77451517475623, 229.77451517475623, 0, 6, 3.0, 4.242640687119285, 18.0, 0, 1, 0, 0, 1, 0, 0, 0, 1, 23.0, 6.0, 0.0, 20, 1, 6, 1379, 0, 0, 0, 1, 6, 1, 0, 512, 0, 2, 20, 0.0, 0.0, 0, 0, 0.0, 0.0, 0, 0]]
INFO:root:BENIGN
CRITICAL:root:[91mALERT "Possible TCP SYN Flood detected. hping3 Attack"
[0mRule matched : alert tcp any any -> any 80 (msg: "Possible TCP SYN Flood detected. hping3 Attack"; flags: S; threshold: count 100, seconds 10; id:1001)

[IP]
	 Version: 4
	 IHL: 20 bytes
	 ToS: 0
	 Total Length: 40
	 Identification: 1949
	 Flags: 
	 Fragment Offset: 0
	 TTL: 64
	 Protocol: 6
	 Header Checksum: 10703
	 Source: 192.168.100.11
	 Destination: 192.168.100.8
[TCP]
	 Source Port: 1252
[91m	 Destination Port: 80[0m
	 Sequence Number: 1864290333
	 Acknowledgment Number: 1106831568
	 Data Offset: 5
	 Reserved: 0
[91m	 Flags:S[0m
	 Window Size: 512
	 Checksum: 62788
[TCP Payload]
	Padding


INFO:root:[[80, 1609, 1, 1, 6, 0, 6, 6, 6.0, 0.0, 0, 0, 0.0, 0.0, 3728.822640391169, 1242.9408801303896, 1609.0869903564453, 0.0, 1609, 1609, 0, 0.0, 0.0, 0, 0, 0, 0.0, 0.0, 0, 0, 0, 0, 0, 0, 20, 20, 621.4704400651948, 621.4704400651948, 0, 6, 3.0, 4.242640687119285, 18.0, 0, 1, 0, 0, 1, 0, 0, 0, 1, 23.0, 6.0, 0.0, 20, 1, 6, 3729, 0, 0, 0, 1, 6, 1, 0, 512, 0, 2, 20, 0.0, 0.0, 0, 0, 0.0, 0.0, 0, 0]]
INFO:root:BENIGN
INFO:root:[[80, 4529, 1, 1, 6, 0, 6, 6, 6.0, 0.0, 0, 0, 0.0, 0.0, 1324.795957043588, 441.5986523478627, 4528.999328613281, 0.0, 4529, 4529, 0, 0.0, 0.0, 0, 0, 0, 0.0, 0.0, 0, 0, 0, 0, 0, 0, 20, 20, 220.79932617393135, 220.79932617393135, 0, 6, 3.0, 4.242640687119285, 18.0, 0, 1, 0, 0, 1, 0, 0, 0, 1, 23.0, 6.0, 0.0, 20, 1, 6, 1325, 0, 0, 0, 1, 6, 1, 0, 512, 0, 2, 20, 0.0, 0.0, 0, 0, 0.0, 0.0, 0, 0]]
INFO:root:BENIGN
INFO:root:[[80, 7847, 1, 1, 6, 0, 6, 6, 6.0, 0.0, 0, 0, 0.0, 0.0, 764.6165345000455, 254.87217816668186, 7847.070693969727, 0.0, 7847, 7847, 0, 0.0, 0.0, 0, 0, 0, 0.0, 0.0, 0, 0, 0, 0, 0, 0, 20, 20, 127.43608908334093, 127.43608908334093, 0, 6, 3.0, 4.242640687119285, 18.0, 0, 1, 0, 0, 1, 0, 0, 0, 1, 23.0, 6.0, 0.0, 20, 1, 6, 765, 0, 0, 0, 1, 6, 1, 0, 512, 0, 2, 20, 0.0, 0.0, 0, 0, 0.0, 0.0, 0, 0]]
INFO:root:BENIGN
INFO:root:[[80, 6060, 1, 1, 6, 0, 6, 6, 6.0, 0.0, 0, 0, 0.0, 0.0, 990.1177951764568, 330.0392650588189, 6059.885025024414, 0.0, 6060, 6060, 0, 0.0, 0.0, 0, 0, 0, 0.0, 0.0, 0, 0, 0, 0, 0, 0, 20, 20, 165.01963252940945, 165.01963252940945, 0, 6, 3.0, 4.242640687119285, 18.0, 0, 1, 0, 0, 1, 0, 0, 0, 1, 23.0, 6.0, 0.0, 20, 1, 6, 990, 0, 0, 0, 1, 6, 1, 0, 512, 0, 2, 20, 0.0, 0.0, 0, 0, 0.0, 0.0, 0, 0]]
INFO:root:BENIGN
INFO:root:[[80, 7797, 1, 1, 6, 0, 6, 6, 6.0, 0.0, 0, 0, 0.0, 0.0, 769.5264654618842, 256.5088218206281, 7797.002792358398, 0.0, 7797, 7797, 0, 0.0, 0.0, 0, 0, 0, 0.0, 0.0, 0, 0, 0, 0, 0, 0, 20, 20, 128.25441091031405, 128.25441091031405, 0, 6, 3.0, 4.242640687119285, 18.0, 0, 1, 0, 0, 1, 0, 0, 0, 1, 23.0, 6.0, 0.0, 20, 1, 6, 770, 0, 0, 0, 1, 6, 1, 0, 512, 0, 2, 20, 0.0, 0.0, 0, 0, 0.0, 0.0, 0, 0]]
INFO:root:BENIGN
INFO:root:[[80, 4754, 1, 1, 6, 0, 6, 6, 6.0, 0.0, 0, 0, 0.0, 0.0, 1262.0774322968907, 420.69247743229687, 4754.066467285156, 0.0, 4754, 4754, 0, 0.0, 0.0, 0, 0, 0, 0.0, 0.0, 0, 0, 0, 0, 0, 0, 20, 20, 210.34623871614843, 210.34623871614843, 0, 6, 3.0, 4.242640687119285, 18.0, 0, 1, 0, 0, 1, 0, 0, 0, 1, 23.0, 6.0, 0.0, 20, 1, 6, 1262, 0, 0, 0, 1, 6, 1, 0, 512, 0, 2, 20, 0.0, 0.0, 0, 0, 0.0, 0.0, 0, 0]]
INFO:root:BENIGN
INFO:root:[[80, 3704, 1, 1, 6, 0, 6, 6, 6.0, 0.0, 0, 0, 0.0, 0.0, 1619.943611200515, 539.981203733505, 3703.8326263427734, 0.0, 3704, 3704, 0, 0.0, 0.0, 0, 0, 0, 0.0, 0.0, 0, 0, 0, 0, 0, 0, 20, 20, 269.9906018667525, 269.9906018667525, 0, 6, 3.0, 4.242640687119285, 18.0, 0, 1, 0, 0, 1, 0, 0, 0, 1, 23.0, 6.0, 0.0, 20, 1, 6, 1620, 0, 0, 0, 1, 6, 1, 0, 512, 0, 2, 20, 0.0, 0.0, 0, 0, 0.0, 0.0, 0, 0]]
INFO:root:BENIGN
INFO:root:[[80, 4314, 1, 1, 6, 0, 6, 6, 6.0, 0.0, 0, 0, 0.0, 0.0, 1390.761204752694, 463.587068250898, 4314.184188842773, 0.0, 4314, 4314, 0, 0.0, 0.0, 0, 0, 0, 0.0, 0.0, 0, 0, 0, 0, 0, 0, 20, 20, 231.793534125449, 231.793534125449, 0, 6, 3.0, 4.242640687119285, 18.0, 0, 1, 0, 0, 1, 0, 0, 0, 1, 23.0, 6.0, 0.0, 20, 1, 6, 1391, 0, 0, 0, 1, 6, 1, 0, 512, 0, 2, 20, 0.0, 0.0, 0, 0, 0.0, 0.0, 0, 0]]
INFO:root:BENIGN
INFO:root:[[80, 1922, 1, 1, 6, 0, 6, 6, 6.0, 0.0, 0, 0, 0.0, 0.0, 3121.5360952617216, 1040.5120317539072, 1922.1305847167969, 0.0, 1922, 1922, 0, 0.0, 0.0, 0, 0, 0, 0.0, 0.0, 0, 0, 0, 0, 0, 0, 20, 20, 520.2560158769536, 520.2560158769536, 0, 6, 3.0, 4.242640687119285, 18.0, 0, 1, 0, 0, 1, 0, 0, 0, 1, 23.0, 6.0, 0.0, 20, 1, 6, 3122, 0, 0, 0, 1, 6, 1, 0, 512, 0, 2, 20, 0.0, 0.0, 0, 0, 0.0, 0.0, 0, 0]]
INFO:root:BENIGN
INFO:root:[[80, 1647, 1, 1, 6, 0, 6, 6, 6.0, 0.0, 0, 0, 0.0, 0.0, 3642.997104806022, 1214.332368268674, 1646.9955444335938, 0.0, 1647, 1647, 0, 0.0, 0.0, 0, 0, 0, 0.0, 0.0, 0, 0, 0, 0, 0, 0, 20, 20, 607.166184134337, 607.166184134337, 0, 6, 3.0, 4.242640687119285, 18.0, 0, 1, 0, 0, 1, 0, 0, 0, 1, 23.0, 6.0, 0.0, 20, 1, 6, 3643, 0, 0, 0, 1, 6, 1, 0, 512, 0, 2, 20, 0.0, 0.0, 0, 0, 0.0, 0.0, 0, 0]]
INFO:root:BENIGN
INFO:root:[[80, 1505, 1, 1, 6, 0, 6, 6, 6.0, 0.0, 0, 0, 0.0, 0.0, 3986.980988593156, 1328.9936628643852, 1504.8980712890625, 0.0, 1505, 1505, 0, 0.0, 0.0, 0, 0, 0, 0.0, 0.0, 0, 0, 0, 0, 0, 0, 20, 20, 664.4968314321926, 664.4968314321926, 0, 6, 3.0, 4.242640687119285, 18.0, 0, 1, 0, 0, 1, 0, 0, 0, 1, 23.0, 6.0, 0.0, 20, 1, 6, 3987, 0, 0, 0, 1, 6, 1, 0, 512, 0, 2, 20, 0.0, 0.0, 0, 0, 0.0, 0.0, 0, 0]]
INFO:root:BENIGN
INFO:root:[[80, 2200, 1, 1, 6, 0, 6, 6, 6.0, 0.0, 0, 0, 0.0, 0.0, 2727.115734720416, 909.0385782401387, 2200.1266479492188, 0.0, 2200, 2200, 0, 0.0, 0.0, 0, 0, 0, 0.0, 0.0, 0, 0, 0, 0, 0, 0, 20, 20, 454.51928912006935, 454.51928912006935, 0, 6, 3.0, 4.242640687119285, 18.0, 0, 1, 0, 0, 1, 0, 0, 0, 1, 23.0, 6.0, 0.0, 20, 1, 6, 2727, 0, 0, 0, 1, 6, 1, 0, 512, 0, 2, 20, 0.0, 0.0, 0, 0, 0.0, 0.0, 0, 0]]
INFO:root:BENIGN
INFO:root:[[80, 1596, 1, 1, 6, 0, 6, 6, 6.0, 0.0, 0, 0, 0.0, 0.0, 3759.459814759486, 1253.1532715864953, 1595.9739685058594, 0.0, 1596, 1596, 0, 0.0, 0.0, 0, 0, 0, 0.0, 0.0, 0, 0, 0, 0, 0, 0, 20, 20, 626.5766357932476, 626.5766357932476, 0, 6, 3.0, 4.242640687119285, 18.0, 0, 1, 0, 0, 1, 0, 0, 0, 1, 23.0, 6.0, 0.0, 20, 1, 6, 3759, 0, 0, 0, 1, 6, 1, 0, 512, 0, 2, 20, 0.0, 0.0, 0, 0, 0.0, 0.0, 0, 0]]
INFO:root:BENIGN
INFO:root:[[443, 225236, 1, 1, 1, 0, 1, 1, 1.0, 0.0, 0, 0, 0.0, 0.0, 4.439788802465947, 8.879577604931894, 225235.9390258789, 0.0, 225236, 225236, 0, 0.0, 0.0, 0, 0, 0, 0.0, 0.0, 0, 0, 0, 0, 0, 0, 20, 32, 4.439788802465947, 4.439788802465947, 0, 1, 0.5, 0.7071067811865476, 0.5, 0, 0, 0, 0, 1, 0, 0, 0, 1, 26.5, 1.0, 0.0, 20, 1, 1, 4, 0, 0, 0, 1, 1, 1, 0, 509, 251, 2, 20, 0.0, 0.0, 0, 0, 0.0, 0.0, 0, 0]]
INFO:root:BENIGN
INFO:root:[[80, 2920, 1, 1, 6, 0, 6, 6, 6.0, 0.0, 0, 0, 0.0, 0.0, 2054.856209684004, 684.952069894668, 2919.912338256836, 0.0, 2920, 2920, 0, 0.0, 0.0, 0, 0, 0, 0.0, 0.0, 0, 0, 0, 0, 0, 0, 20, 20, 342.476034947334, 342.476034947334, 0, 6, 3.0, 4.242640687119285, 18.0, 0, 1, 0, 0, 1, 0, 0, 0, 1, 23.0, 6.0, 0.0, 20, 1, 6, 2055, 0, 0, 0, 1, 6, 1, 0, 512, 0, 2, 20, 0.0, 0.0, 0, 0, 0.0, 0.0, 0, 0]]
INFO:root:BENIGN
INFO:root:[[80, 2955, 1, 1, 6, 0, 6, 6, 6.0, 0.0, 0, 0, 0.0, 0.0, 2030.4844279490076, 676.8281426496692, 2954.9598693847656, 0.0, 2955, 2955, 0, 0.0, 0.0, 0, 0, 0, 0.0, 0.0, 0, 0, 0, 0, 0, 0, 20, 20, 338.4140713248346, 338.4140713248346, 0, 6, 3.0, 4.242640687119285, 18.0, 0, 1, 0, 0, 1, 0, 0, 0, 1, 23.0, 6.0, 0.0, 20, 1, 6, 2030, 0, 0, 0, 1, 6, 1, 0, 512, 0, 2, 20, 0.0, 0.0, 0, 0, 0.0, 0.0, 0, 0]]
INFO:root:BENIGN
