INFO:root:[[4070, 408, 2, 0, 1188, 740, 740, 740, 594.0, 206.47518010647187, 0, 448, 0.0, 0.0, 2912234.454704851, 4902.751607247224, 407.93418884277344, 0.0, 408, 408, 408, 407.93418884277344, 0.0, 408, 408, 0, 0.0, 0.0, 0, 0, 1, 1, 1, 0, 40, 0, 4902.751607247224, 0.0, 448, 740, 594.0, 206.47518010647187, 42632.0, 0, 0, 0, 1, 1, 0, 0, 0, 0, 614.0, 594.0, 0.0, 40, 0, 297, 1456117, 0, 0, 0, 2, 1188, 0, 740, 512, -1, 3, 20, 0.0, 0.0, 0, 0, 0.0, 0.0, 0, 0]]
INFO:root:BENIGN
INFO:root:[[443, 17170, 1, 1, 43, 0, 43, 43, 43.0, 0.0, 0, 0, 0.0, 0.0, 2504.3750277716063, 116.4825594312375, 17169.952392578125, 0.0, 17170, 17170, 0, 0.0, 0.0, 0, 0, 0, 0.0, 0.0, 0, 0, 1, 1, 0, 0, 20, 20, 58.24127971561875, 58.24127971561875, 0, 43, 21.5, 30.405591591021544, 924.5, 0, 0, 0, 1, 1, 0, 0, 0, 3, 41.5, 43.0, 0.0, 20, 1, 43, 2504, 0, 0, 0, 1, 43, 1, 0, 512, 1045, 2, 20, 0.0, 0.0, 0, 0, 0.0, 0.0, 0, 0]]
INFO:root:BENIGN
INFO:root:[[4070, 214531, 2, 1, 1188, 0, 740, 740, 594.0, 206.47518010647187, 0, 0, 0.0, 0.0, 5537.66264803158, 13.983996585938334, 107265.47241210938, 151119.37979714503, 214123, 408, 408, 407.93418884277344, 0.0, 408, 408, 0, 0.0, 0.0, 0, 0, 1, 1, 1, 0, 40, 20, 9.322664390625556, 4.661332195312778, 0, 740, 396.0, 372.73046561825345, 138928.0, 0, 0, 0, 1, 1, 0, 0, 0, 61, 416.0, 594.0, 0.0, 40, 0, 297, 2769, 0, 0, 0, 2, 1188, 1, 0, 512, 36, 5, 20, 0.0, 0.0, 0, 0, 0.0, 0.0, 0, 0]]
INFO:root:BENIGN
INFO:root:[[4070, 214531, 2, 2, 1188, 110, 740, 740, 594.0, 206.47518010647187, 110, 0, 55.0, 77.78174593052023, 6050.409189515985, 18.645328781251113, 71510.31494140625, 123506.38579604382, 214123, 0, 408, 407.93418884277344, 0.0, 408, 408, 0, 0.0, 0.0, 0, 0, 1, 1, 1, 1, 40, 40, 9.322664390625556, 9.322664390625556, 0, 740, 324.5, 336.25535931292853, 113067.66666666667, 0, 0, 0, 1, 1, 0, 0, 0, 8, 344.5, 594.0, 55.0, 40, 0, 297, 2769, 0, 28, 256, 2, 1188, 2, 110, 512, 36, 7, 20, 0.0, 0.0, 0, 0, 0.0, 0.0, 0, 0]]
INFO:root:BENIGN
INFO:root:[[443, 213849, 1, 2, 43, 40, 43, 43, 43.0, 0.0, 40, 0, 20.0, 28.284271247461902, 388.1242078693525, 14.028585826603104, 106924.53384399414, 126932.14637371317, 196679, 17170, 0, 0.0, 0.0, 0, 0, 196679, 196679.11529541016, 0.0, 196679, 196679, 1, 1, 0, 1, 20, 40, 4.676195275534368, 9.352390551068735, 0, 43, 27.666666666666668, 24.00694344004112, 576.3333333333334, 0, 0, 0, 1, 1, 0, 0, 0, 1, 47.666666666666664, 43.0, 20.0, 20, 1, 43, 201, 0, 10, 94, 1, 43, 2, 40, 512, 1045, 3, 20, 0.0, 0.0, 0, 0, 0.0, 0.0, 0, 0]]
INFO:root:BENIGN
INFO:root:[[443, 268050, 2, 2, 43, 40, 43, 43, 21.5, 30.405591591021544, 40, 0, 20.0, 28.284271247461902, 309.6437747435477, 14.922591553905912, 89349.98512268066, 94775.9419884199, 196679, 17170, 268050, 268049.955368042, 0.0, 268050, 268050, 196679, 196679.11529541016, 0.0, 196679, 196679, 1, 1, 1, 1, 40, 40, 7.461295776952956, 7.461295776952956, 0, 43, 20.75, 23.991317874042128, 575.5833333333334, 0, 0, 0, 1, 1, 0, 0, 0, 1, 40.75, 21.5, 20.0, 40, 0, 11, 80, 0, 10, 75, 2, 43, 2, 40, 512, 1045, 4, 20, 0.0, 0.0, 0, 0, 0.0, 0.0, 0, 0]]
INFO:root:BENIGN
INFO:root:[[4070, 273755, 3, 2, 1188, 110, 740, 740, 396.0, 372.73046561825345, 110, 0, 55.0, 77.78174593052023, 4741.46876488729, 18.264517584311594, 68438.70878219604, 101029.48717671492, 214123, 0, 273755, 136877.4175643921, 192996.99423975145, 273347, 408, 0, 0.0, 0.0, 0, 0, 1, 1, 1, 1, 60, 40, 10.958710550586957, 7.305807033724638, 0, 740, 259.6, 325.3625669925783, 105860.8, 0, 0, 0, 1, 1, 0, 0, 0, 8, 279.6, 396.0, 55.0, 60, 0, 132, 1447, 0, 28, 201, 3, 1188, 2, 110, 512, 36, 9, 20, 0.0, 0.0, 0, 0, 0.0, 0.0, 0, 0]]
INFO:root:BENIGN
INFO:root:[[52853, 459, 1, 1, 160, 36, 160, 160, 160.0, 0.0, 36, 36, 36.0, 0.0, 427056.4072727273, 4357.718441558442, 458.9557647705078, 0.0, 459, 459, 0, 0.0, 0.0, 0, 0, 0, 0.0, 0.0, 0, 0, 0, 0, 0, 0, 8, 8, 2178.859220779221, 2178.859220779221, 36, 160, 98.0, 87.68124086713189, 7688.0, 0, 0, 0, 0, 0, 0, 0, 0, 4, 106.0, 160.0, 36.0, 8, 1, 160, 348617, 1, 36, 78439, 1, 160, 1, 36, 0, 0, 2, 8, 0.0, 0.0, 0, 0, 0.0, 0.0, 0, 0]]
INFO:root:BENIGN
INFO:root:[[1900, 48632, 2, 0, 340, 170, 170, 170, 170.0, 0.0, 0, 170, 0.0, 0.0, 6991.260626145957, 41.125062506740925, 48632.144927978516, 0.0, 48632, 48632, 48632, 48632.144927978516, 0.0, 48632, 48632, 0, 0.0, 0.0, 0, 0, 0, 0, 0, 0, 16, 0, 41.125062506740925, 0.0, 170, 170, 170.0, 0.0, 0.0, 0, 0, 0, 0, 0, 0, 0, 0, 0, 178.0, 170.0, 0.0, 16, 0, 85, 3496, 0, 0, 0, 2, 340, 0, 170, 0, -1, 3, 8, 0.0, 0.0, 0, 0, 0.0, 0.0, 0, 0]]
INFO:root:BENIGN
INFO:root:[[443, 26225, 1, 1, 579, 33, 579, 579, 579.0, 0.0, 33, 33, 33.0, 0.0, 23336.643011045955, 76.26353925178417, 26224.851608276367, 0.0, 26225, 26225, 0, 0.0, 0.0, 0, 0, 0, 0.0, 0.0, 0, 0, 0, 0, 0, 0, 8, 8, 38.13176962589208, 38.13176962589208, 33, 579, 306.0, 386.08030252785494, 149058.0, 0, 0, 0, 0, 0, 0, 0, 0, 14, 314.0, 579.0, 33.0, 8, 1, 579, 22078, 1, 33, 1258, 1, 579, 1, 33, 0, 0, 2, 8, 0.0, 0.0, 0, 0, 0.0, 0.0, 0, 0]]
INFO:root:BENIGN
INFO:root:[[443, 30983, 2, 1, 612, 33, 579, 579, 306.0, 386.08030252785494, 33, 33, 33.0, 0.0, 20817.887219896576, 96.82738241812362, 15491.485595703125, 15179.271784895507, 26225, 4758, 30983, 30982.97119140625, 0.0, 30983, 30983, 0, 0.0, 0.0, 0, 0, 0, 0, 0, 0, 16, 8, 64.55158827874908, 32.27579413937454, 33, 579, 215.0, 315.23324697753566, 99372.0, 0, 0, 0, 0, 0, 0, 0, 0, 15, 223.0, 306.0, 33.0, 16, 0, 153, 9876, 1, 33, 1065, 2, 612, 1, 33, 0, 0, 4, 8, 0.0, 0.0, 0, 0, 0.0, 0.0, 0, 0]]
INFO:root:BENIGN
INFO:root:[32mBENIGN 
[0mpass udp any any -> 192.168.100.1 53 (msg: "Benign; id:1027)
Protocol.UDP 192.168.100.4 57860 -> 192.168.100.1 53

INFO:root:[32mBENIGN 
[0mpass udp any any -> 192.168.100.1 53 (msg: "Benign; id:1027)
Protocol.UDP 192.168.100.4 55983 -> 192.168.100.1 53

INFO:root:[[443, 432, 2, 0, 2500, 1250, 1250, 1250, 1250.0, 0.0, 0, 1250, 0.0, 0.0, 5786843.2671081675, 4629.474613686534, 432.01446533203125, 0.0, 432, 432, 432, 432.01446533203125, 0.0, 432, 432, 0, 0.0, 0.0, 0, 0, 0, 0, 0, 0, 16, 0, 4629.474613686534, 0.0, 1250, 1250, 1250.0, 0.0, 0.0, 0, 0, 0, 0, 0, 0, 0, 0, 0, 1258.0, 1250.0, 0.0, 16, 0, 625, 2893422, 0, 0, 0, 2, 2500, 0, 1250, 0, -1, 3, 8, 0.0, 0.0, 0, 0, 0.0, 0.0, 0, 0]]
INFO:root:BENIGN
INFO:root:[[443, 289, 2, 0, 2500, 1250, 1250, 1250, 1250.0, 0.0, 0, 1250, 0.0, 0.0, 8651617.161716172, 6921.293729372937, 288.96331787109375, 0.0, 289, 289, 289, 288.96331787109375, 0.0, 289, 289, 0, 0.0, 0.0, 0, 0, 0, 0, 0, 0, 16, 0, 6921.293729372937, 0.0, 1250, 1250, 1250.0, 0.0, 0.0, 0, 0, 0, 0, 0, 0, 0, 0, 0, 1258.0, 1250.0, 0.0, 16, 0, 625, 4325809, 0, 0, 0, 2, 2500, 0, 1250, 0, -1, 3, 8, 0.0, 0.0, 0, 0, 0.0, 0.0, 0, 0]]
INFO:root:BENIGN
INFO:root:[[443, 478, 3, 0, 3750, 1250, 1250, 1250, 1250.0, 0.0, 0, 1250, 0.0, 0.0, 7844708.229426434, 6275.766583541147, 239.0146255493164, 70.6381181042584, 289, 189, 478, 239.0146255493164, 70.6381181042584, 289, 189, 0, 0.0, 0.0, 0, 0, 0, 0, 0, 0, 24, 0, 6275.766583541147, 0.0, 1250, 1250, 1250.0, 0.0, 0.0, 0, 0, 0, 0, 0, 0, 0, 0, 0, 1258.0, 1250.0, 0.0, 24, 0, 417, 2614903, 0, 0, 0, 3, 3750, 0, 1250, 0, -1, 6, 8, 0.0, 0.0, 0, 0, 0.0, 0.0, 0, 0]]
INFO:root:BENIGN
INFO:root:[[443, 1231, 4, 0, 3830, 1250, 1250, 1250, 957.5, 585.0, 0, 80, 0.0, 0.0, 3111405.0590741816, 3249.5092000774744, 410.31837463378906, 300.8816963788982, 753, 189, 1231, 410.31837463378906, 300.8816963788982, 753, 189, 0, 0.0, 0.0, 0, 0, 0, 0, 0, 0, 32, 0, 3249.5092000774744, 0.0, 80, 1250, 957.5, 585.0, 342225.0, 0, 0, 0, 0, 0, 0, 0, 0, 0, 965.5, 957.5, 0.0, 32, 0, 239, 777851, 0, 0, 0, 4, 3830, 0, 1250, 0, -1, 10, 8, 0.0, 0.0, 0, 0, 0.0, 0.0, 0, 0]]
INFO:root:BENIGN
INFO:root:[[443, 2221, 5, 0, 4296, 1250, 1250, 1250, 859.2, 552.2528406445729, 0, 466, 0.0, 0.0, 1934377.8834138487, 2251.370907139023, 555.2172660827637, 379.91571668348917, 990, 189, 2221, 555.2172660827637, 379.91571668348917, 990, 189, 0, 0.0, 0.0, 0, 0, 0, 0, 0, 0, 40, 0, 2251.370907139023, 0.0, 80, 1250, 859.2, 552.2528406445729, 304983.2, 0, 0, 0, 0, 0, 0, 0, 0, 0, 867.2, 859.2, 0.0, 40, 0, 172, 386876, 0, 0, 0, 5, 4296, 0, 1250, 0, -1, 15, 8, 0.0, 0.0, 0, 0, 0.0, 0.0, 0, 0]]
INFO:root:BENIGN
INFO:root:[[443, 11572, 2, 1, 2500, 40, 1250, 1250, 1250.0, 0.0, 40, 40, 40.0, 0.0, 219497.53090489533, 259.2490522498764, 5785.942077636719, 7571.597041285091, 11140, 432, 432, 432.01446533203125, 0.0, 432, 432, 0, 0.0, 0.0, 0, 0, 0, 0, 0, 0, 16, 8, 172.8327014999176, 86.4163507499588, 40, 1250, 846.6666666666666, 698.5938257194472, 488033.3333333333, 0, 0, 0, 0, 0, 0, 0, 0, 52, 854.6666666666666, 1250.0, 40.0, 16, 0, 625, 108020, 1, 40, 3457, 2, 2500, 1, 40, 0, 0, 5, 8, 0.0, 0.0, 0, 0, 0.0, 0.0, 0, 0]]
INFO:root:BENIGN
INFO:root:[[443, 15494, 2, 2, 2500, 1290, 1250, 1250, 1250.0, 0.0, 1250, 40, 645.0, 855.5992052357225, 244609.1088987028, 258.1626479141982, 5164.702733357747, 5460.984878796046, 11140, 432, 432, 432.01446533203125, 0.0, 432, 432, 3922, 3922.2240447998047, 0.0, 3922, 3922, 0, 0, 0, 0, 16, 16, 129.0813239570991, 129.0813239570991, 40, 1250, 947.5, 605.0, 366025.0, 0, 0, 0, 0, 0, 0, 0, 0, 2, 955.5, 1250.0, 645.0, 16, 0, 625, 80676, 0, 322, 41629, 2, 2500, 2, 1290, 0, 0, 7, 8, 0.0, 0.0, 0, 0, 0.0, 0.0, 0, 0]]
INFO:root:BENIGN
INFO:root:[[443, 15494, 2, 3, 2500, 2540, 1250, 1250, 1250.0, 0.0, 1250, 40, 846.6666666666666, 698.5938257194472, 325284.9363718898, 322.70330989274777, 3873.5270500183105, 5152.679802324317, 11140, 0, 432, 432.01446533203125, 0.0, 432, 432, 3922, 1961.1120223999023, 2773.4312194108707, 3922, 0, 0, 0, 0, 0, 16, 24, 129.0813239570991, 193.62198593564867, 40, 1250, 1008.0, 541.1284505549492, 292820.0, 0, 0, 0, 0, 0, 0, 0, 0, 1, 1016.0, 1250.0, 846.6666666666666, 16, 0, 625, 80676, 0, 282, 54644, 2, 2500, 3, 2540, 0, 0, 9, 8, 0.0, 0.0, 0, 0, 0.0, 0.0, 0, 0]]
INFO:root:BENIGN
INFO:root:[[443, 17093, 2, 4, 2500, 3790, 1250, 1250, 1250.0, 0.0, 1250, 40, 947.5, 605.0, 367988.1182263261, 351.0220523621553, 3418.588638305664, 4576.835877679999, 11140, 0, 432, 432.01446533203125, 0.0, 432, 432, 5521, 1840.353012084961, 1972.2344130752224, 3922, 0, 0, 0, 0, 0, 16, 32, 117.0073507873851, 234.0147015747702, 40, 1250, 1048.3333333333333, 493.98043146127424, 244016.66666666666, 0, 0, 0, 0, 0, 0, 0, 0, 1, 1056.3333333333333, 1250.0, 947.5, 16, 0, 625, 73130, 0, 237, 55432, 2, 2500, 4, 3790, 0, 0, 11, 8, 0.0, 0.0, 0, 0, 0.0, 0.0, 0, 0]]
INFO:root:BENIGN
INFO:root:[[443, 13893, 5, 1, 4296, 40, 1250, 1250, 859.2, 552.2528406445729, 40, 40, 40.0, 0.0, 312102.11158209055, 431.8756156578744, 2778.5778045654297, 4982.460474930735, 11672, 189, 2221, 555.2172660827637, 379.91571668348917, 990, 189, 0, 0.0, 0.0, 0, 0, 0, 0, 0, 0, 40, 8, 359.896346381562, 71.97926927631241, 40, 1250, 722.6666666666666, 596.5187898689082, 355834.6666666667, 0, 0, 0, 0, 0, 0, 0, 0, 90, 730.6666666666666, 859.2, 40.0, 40, 0, 172, 61845, 1, 40, 2879, 5, 4296, 1, 40, 0, 0, 20, 8, 0.0, 0.0, 0, 0, 0.0, 0.0, 0, 0]]
INFO:root:BENIGN
INFO:root:[[443, 13893, 5, 2, 4296, 80, 1250, 1250, 859.2, 552.2528406445729, 40, 40, 40.0, 0.0, 314981.2823531431, 503.8548849341868, 2315.481503804525, 4598.5518383582685, 11672, 0, 2221, 555.2172660827637, 379.91571668348917, 990, 189, 0, 0.0, 0.0, 0, 0, 0, 0, 0, 0, 40, 16, 359.896346381562, 143.95853855262482, 40, 1250, 625.1428571428571, 602.5820631724304, 363105.14285714284, 0, 0, 0, 0, 0, 0, 0, 0, 45, 633.1428571428571, 859.2, 40.0, 40, 0, 172, 61845, 0, 20, 2879, 5, 4296, 2, 80, 0, 0, 25, 8, 0.0, 0.0, 0, 0, 0.0, 0.0, 0, 0]]
INFO:root:BENIGN
INFO:root:[[443, 14829, 5, 3, 4296, 1330, 1250, 1250, 859.2, 552.2528406445729, 1250, 40, 443.3333333333333, 698.5938257194472, 379393.76986028266, 539.4863417849735, 2118.417194911412, 4230.138638539736, 11672, 0, 2221, 555.2172660827637, 379.91571668348917, 990, 189, 936, 468.0156707763672, 661.8741090150799, 936, 0, 0, 0, 0, 0, 40, 24, 337.1789636156085, 202.30737816936508, 40, 1250, 703.25, 600.0323205580561, 360038.78571428574, 0, 0, 0, 0, 0, 0, 0, 0, 3, 711.25, 859.2, 443.3333333333333, 40, 0, 172, 57941, 0, 148, 29897, 5, 4296, 3, 1330, 0, 0, 30, 8, 0.0, 0.0, 0, 0, 0.0, 0.0, 0, 0]]
INFO:root:BENIGN
INFO:root:[[443, 14829, 5, 4, 4296, 2580, 1250, 1250, 859.2, 552.2528406445729, 1250, 40, 645.0, 698.5938257194472, 463688.51076418476, 606.9221345080953, 1853.6150455474854, 3987.3221839947237, 11672, 0, 2221, 555.2172660827637, 379.91571668348917, 990, 189, 936, 312.0104471842448, 540.4179470153977, 936, 0, 0, 0, 0, 0, 40, 32, 337.1789636156085, 269.7431708924868, 40, 1250, 764.0, 590.1262576771178, 348249.0, 0, 0, 0, 0, 0, 0, 0, 0, 2, 772.0, 859.2, 645.0, 40, 0, 172, 57941, 0, 161, 43496, 5, 4296, 4, 2580, 0, 0, 35, 8, 0.0, 0.0, 0, 0, 0.0, 0.0, 0, 0]]
INFO:root:BENIGN
INFO:root:[[443, 18113, 3, 4, 3750, 3790, 1250, 1250, 1250.0, 0.0, 1250, 1250, 947.5, 605.0, 416277.95027049794, 386.4649405694278, 3018.8163121541343, 4209.138723957041, 11140, 0, 18113, 9056.448936462402, 12196.792196870603, 17681, 432, 5521, 1840.353012084961, 1972.2344130752224, 3922, 0, 0, 0, 0, 0, 24, 32, 165.6278316726119, 220.8371088968159, 40, 1250, 1077.142857142857, 457.33701234116495, 209157.14285714287, 0, 0, 0, 0, 0, 0, 0, 0, 1, 1085.142857142857, 1250.0, 947.5, 24, 0, 417, 69012, 0, 237, 52311, 3, 3750, 4, 3790, 0, 0, 14, 8, 0.0, 0.0, 0, 0, 0.0, 0.0, 0, 0]]
INFO:root:BENIGN
INFO:root:[[443, 34948, 4, 4, 3787, 3790, 1250, 1250, 946.75, 606.5, 1250, 37, 947.5, 605.0, 216807.14276553216, 228.91080138897416, 4992.587225777762, 6483.397411917778, 16835, 0, 34948, 11649.370193481445, 9723.712865059593, 17681, 432, 5521, 1840.353012084961, 1972.2344130752224, 3922, 0, 0, 0, 0, 0, 32, 32, 114.45540069448708, 114.45540069448708, 37, 1250, 947.125, 560.8160985818537, 314514.6964285714, 0, 0, 0, 0, 0, 0, 0, 0, 1, 955.125, 946.75, 947.5, 32, 0, 237, 27090, 0, 237, 27112, 4, 3787, 4, 3790, 0, 0, 18, 8, 0.0, 0.0, 0, 0, 0.0, 0.0, 0, 0]]
INFO:root:BENIGN
INFO:root:[[443, 32174, 6, 4, 5546, 2580, 1250, 1250, 924.3333333333334, 519.0767444864648, 1250, 1250, 645.0, 698.5938257194472, 252565.18710308493, 310.8112073628906, 3574.8746660020615, 6369.929988090237, 17345, 0, 32174, 6434.774398803711, 13151.205737440434, 29953, 189, 936, 312.0104471842448, 540.4179470153977, 936, 0, 0, 0, 0, 0, 48, 32, 186.48672441773437, 124.32448294515625, 40, 1250, 812.6, 577.2124969772109, 333174.26666666666, 0, 0, 0, 0, 0, 0, 0, 0, 2, 820.6, 924.3333333333334, 645.0, 48, 0, 154, 28729, 0, 161, 20047, 6, 5546, 4, 2580, 0, 0, 41, 8, 0.0, 0.0, 0, 0, 0.0, 0.0, 0, 0]]
INFO:root:BENIGN
INFO:root:[[443, 15052, 1, 1, 0, 0, 0, 0, 0.0, 0.0, 0, 0, 0.0, 0.0, 0.0, 132.87200038014984, 15052.080154418945, 0.0, 15052, 15052, 0, 0.0, 0.0, 0, 0, 0, 0.0, 0.0, 0, 0, 0, 0, 0, 0, 32, 32, 66.43600019007492, 66.43600019007492, 0, 0, 0.0, 0.0, 0.0, 0, 1, 0, 0, 1, 0, 0, 0, 1, 32.0, 0.0, 0.0, 32, 0, 0, 0, 0, 0, 0, 1, 0, 1, 0, 64240, 65535, 1, 32, 0.0, 0.0, 0, 0, 0.0, 0.0, 0, 0]]
INFO:root:BENIGN
INFO:root:[[443, 15201, 2, 1, 0, 0, 0, 0, 0.0, 0.0, 0, 0, 0.0, 0.0, 0.0, 197.35424574171086, 7600.545883178711, 10538.060826875857, 15052, 149, 15201, 15201.091766357422, 0.0, 15201, 15201, 0, 0.0, 0.0, 0, 0, 0, 0, 0, 0, 52, 32, 131.56949716114056, 65.78474858057028, 0, 0, 0.0, 0.0, 0.0, 0, 1, 0, 0, 1, 0, 0, 0, 2, 28.0, 0.0, 0.0, 52, 0, 0, 0, 0, 0, 0, 2, 0, 1, 0, 64240, 65535, 1, 20, 0.0, 0.0, 0, 0, 0.0, 0.0, 0, 0]]
INFO:root:BENIGN
