INFO:root:[[56468, 91, 1, 1, 0, 0, 0, 0, 0.0, 0.0, 0, 0, 0.0, 0.0, 0.0, 22017.343832020997, 90.83747863769531, 0.0, 91, 91, 0, 0.0, 0.0, 0, 0, 0, 0.0, 0.0, 0, 0, 0, 0, 0, 0, 32, 32, 11008.671916010499, 11008.671916010499, 0, 0, 0.0, 0.0, 0.0, 1, 0, 0, 0, 1, 0, 0, 0, 1, 32.0, 0.0, 0.0, 32, 0, 0, 0, 0, 0, 0, 1, 0, 1, 0, 16384, 32, 1, 32, 0.0, 0.0, 0, 0, 0.0, 0.0, 0, 0]]
INFO:root:BENIGN
INFO:root:[[80, 55692, 1, 1, 1, 0, 1, 1, 1.0, 0.0, 0, 0, 0.0, 0.0, 17.955837150562953, 35.911674301125906, 55692.195892333984, 0.0, 55692, 55692, 0, 0.0, 0.0, 0, 0, 0, 0.0, 0.0, 0, 0, 0, 0, 0, 0, 20, 32, 17.955837150562953, 17.955837150562953, 0, 1, 0.5, 0.7071067811865476, 0.5, 0, 0, 0, 0, 1, 0, 0, 0, 1, 26.5, 1.0, 0.0, 20, 1, 1, 18, 0, 0, 0, 1, 1, 1, 0, 512, 131, 2, 20, 0.0, 0.0, 0, 0, 0.0, 0.0, 0, 0]]
INFO:root:BENIGN
INFO:root:[[80, 55692, 1, 1, 1, 0, 1, 1, 1.0, 0.0, 0, 0, 0.0, 0.0, 17.955837150562953, 35.911674301125906, 55692.195892333984, 0.0, 55692, 55692, 0, 0.0, 0.0, 0, 0, 0, 0.0, 0.0, 0, 0, 0, 0, 0, 0, 20, 32, 17.955837150562953, 17.955837150562953, 0, 1, 0.5, 0.7071067811865476, 0.5, 0, 0, 0, 0, 1, 0, 0, 0, 1, 26.5, 1.0, 0.0, 20, 1, 1, 18, 0, 0, 0, 1, 1, 1, 0, 512, 131, 2, 20, 0.0, 0.0, 0, 0, 0.0, 0.0, 0, 0]]
INFO:root:BENIGN
INFO:root:[[443, 8534, 1, 1, 1, 0, 1, 1, 1.0, 0.0, 0, 0, 0.0, 0.0, 117.17896854221378, 234.35793708442756, 8533.954620361328, 0.0, 8534, 8534, 0, 0.0, 0.0, 0, 0, 0, 0.0, 0.0, 0, 0, 0, 0, 0, 0, 20, 32, 117.17896854221378, 117.17896854221378, 0, 1, 0.5, 0.7071067811865476, 0.5, 0, 0, 0, 0, 1, 0, 0, 0, 1, 26.5, 1.0, 0.0, 20, 1, 1, 117, 0, 0, 0, 1, 1, 1, 0, 512, 1048, 2, 20, 0.0, 0.0, 0, 0, 0.0, 0.0, 0, 0]]
INFO:root:BENIGN
INFO:root:[[80, 55615, 1, 1, 1, 0, 1, 1, 1.0, 0.0, 0, 0, 0.0, 0.0, 17.98077731002375, 35.9615546200475, 55614.94827270508, 0.0, 55615, 55615, 0, 0.0, 0.0, 0, 0, 0, 0.0, 0.0, 0, 0, 0, 0, 0, 0, 20, 32, 17.98077731002375, 17.98077731002375, 0, 1, 0.5, 0.7071067811865476, 0.5, 0, 0, 0, 0, 1, 0, 0, 0, 1, 26.5, 1.0, 0.0, 20, 1, 1, 18, 0, 0, 0, 1, 1, 1, 0, 512, 131, 2, 20, 0.0, 0.0, 0, 0, 0.0, 0.0, 0, 0]]
INFO:root:BENIGN
INFO:root:[[80, 55058, 1, 1, 1, 0, 1, 1, 1.0, 0.0, 0, 0, 0.0, 0.0, 18.162664010739185, 36.32532802147837, 55058.00247192383, 0.0, 55058, 55058, 0, 0.0, 0.0, 0, 0, 0, 0.0, 0.0, 0, 0, 0, 0, 0, 0, 20, 32, 18.162664010739185, 18.162664010739185, 0, 1, 0.5, 0.7071067811865476, 0.5, 0, 0, 0, 0, 1, 0, 0, 0, 1, 26.5, 1.0, 0.0, 20, 1, 1, 18, 0, 0, 0, 1, 1, 1, 0, 512, 131, 2, 20, 0.0, 0.0, 0, 0, 0.0, 0.0, 0, 0]]
INFO:root:BENIGN
INFO:root:[[1900, 45149, 2, 0, 250, 125, 125, 125, 125.0, 0.0, 0, 125, 0.0, 0.0, 5537.210419868088, 44.2976833589447, 45149.08790588379, 0.0, 45149, 45149, 45149, 45149.08790588379, 0.0, 45149, 45149, 0, 0.0, 0.0, 0, 0, 0, 0, 0, 0, 16, 0, 44.2976833589447, 0.0, 125, 125, 125.0, 0.0, 0.0, 0, 0, 0, 0, 0, 0, 0, 0, 0, 133.0, 125.0, 0.0, 16, 0, 62, 2769, 0, 0, 0, 2, 250, 0, 125, 0, -1, 3, 8, 0.0, 0.0, 0, 0, 0.0, 0.0, 0, 0]]
INFO:root:BENIGN
INFO:root:[[8080, 2028, 1, 1, 0, 0, 0, 0, 0.0, 0.0, 0, 0, 0.0, 0.0, 0.0, 986.1989184105338, 2027.9884338378906, 0.0, 2028, 2028, 0, 0.0, 0.0, 0, 0, 0, 0.0, 0.0, 0, 0, 0, 0, 0, 0, 40, 20, 493.0994592052669, 493.0994592052669, 0, 0, 0.0, 0.0, 0.0, 0, 1, 0, 0, 1, 0, 0, 0, 2, 30.0, 0.0, 0.0, 40, 0, 0, 0, 0, 0, 0, 1, 0, 1, 0, 64240, 0, 1, 40, 0.0, 0.0, 0, 0, 0.0, 0.0, 0, 0]]
INFO:root:BENIGN
INFO:root:[[443, 58519, 1, 1, 0, 0, 0, 0, 0.0, 0.0, 0, 0, 0.0, 0.0, 0.0, 34.17700023630452, 58518.88656616211, 0.0, 58519, 58519, 0, 0.0, 0.0, 0, 0, 0, 0.0, 0.0, 0, 0, 0, 0, 0, 0, 20, 20, 17.08850011815226, 17.08850011815226, 0, 0, 0.0, 0.0, 0.0, 1, 0, 0, 0, 1, 0, 0, 0, 1, 20.0, 0.0, 0.0, 20, 0, 0, 0, 0, 0, 0, 1, 0, 1, 0, 511, 10, 1, 20, 0.0, 0.0, 0, 0, 0.0, 0.0, 0, 0]]
INFO:root:BENIGN
INFO:root:[32mBENIGN 
[0mpass udp any any -> 192.168.100.1 53 (msg: "Benign; id:1027)
Protocol.UDP 192.168.100.4 61139 -> 192.168.100.1 53

INFO:root:[32mBENIGN 
[0mpass udp any any -> 192.168.100.1 53 (msg: "Benign; id:1027)
Protocol.UDP 192.168.100.4 63384 -> 192.168.100.1 53

INFO:root:[[443, 360538, 1, 1, 0, 0, 0, 0, 0.0, 0.0, 0, 0, 0.0, 0.0, 0.0, 5.547265385800612, 360538.0058288574, 0.0, 360538, 360538, 0, 0.0, 0.0, 0, 0, 0, 0.0, 0.0, 0, 0, 0, 0, 0, 0, 32, 32, 2.773632692900306, 2.773632692900306, 0, 0, 0.0, 0.0, 0.0, 0, 1, 0, 0, 1, 0, 0, 0, 1, 32.0, 0.0, 0.0, 32, 0, 0, 0, 0, 0, 0, 1, 0, 1, 0, 64240, 26883, 1, 32, 0.0, 0.0, 0, 0, 0.0, 0.0, 0, 0]]
INFO:root:BENIGN
INFO:root:[[443, 360671, 2, 1, 0, 0, 0, 0, 0.0, 0.0, 0, 0, 0.0, 0.0, 0.0, 8.317828821944467, 180335.52169799805, 254844.79703118376, 360538, 133, 360671, 360671.0433959961, 0.0, 360671, 360671, 0, 0.0, 0.0, 0, 0, 0, 0, 0, 0, 52, 32, 5.545219214629645, 2.7726096073148225, 0, 0, 0.0, 0.0, 0.0, 0, 1, 0, 0, 1, 0, 0, 0, 2, 28.0, 0.0, 0.0, 52, 0, 0, 0, 0, 0, 0, 2, 0, 1, 0, 64240, 26883, 1, 20, 0.0, 0.0, 0, 0, 0.0, 0.0, 0, 0]]
INFO:root:BENIGN
INFO:root:[[443, 361940, 3, 1, 1412, 0, 1412, 0, 470.6666666666667, 815.2185800957516, 0, 0, 0.0, 0.0, 3901.2000953832653, 11.051558343861942, 120646.63569132487, 207752.79691278646, 360538, 133, 361940, 180969.9535369873, 254135.7184518365, 360671, 1269, 0, 0.0, 0.0, 0, 0, 0, 0, 0, 0, 72, 32, 8.288668757896456, 2.7628895859654854, 0, 1412, 353.0, 706.0, 498436.0, 0, 1, 0, 0, 1, 0, 0, 0, 46, 379.0, 470.6666666666667, 0.0, 72, 0, 157, 1300, 0, 0, 0, 3, 1412, 1, 0, 64240, 26883, 2, 20, 0.0, 0.0, 0, 0, 0.0, 0.0, 0, 0]]
INFO:root:BENIGN
INFO:root:[[443, 361940, 4, 1, 1913, 0, 1412, 0, 478.25, 665.7959522256049, 0, 0, 0.0, 0.0, 5285.407777951974, 13.814447929827427, 90484.97676849365, 180036.2530879984, 360538, 0, 361940, 120646.63569132487, 207868.20277339677, 360671, 0, 0, 0.0, 0.0, 0, 0, 1, 0, 1, 0, 92, 32, 11.051558343861942, 2.7628895859654854, 0, 1412, 382.6, 614.9860161011793, 378207.8, 0, 1, 0, 1, 1, 0, 0, 0, 63, 407.4, 478.25, 0.0, 92, 0, 120, 1321, 0, 0, 0, 4, 1913, 1, 0, 64240, 26883, 4, 20, 0.0, 0.0, 0, 0, 0.0, 0.0, 0, 0]]
INFO:root:BENIGN
INFO:root:[[443, 358188, 1, 1, 0, 0, 0, 0, 0.0, 0.0, 0, 0, 0.0, 0.0, 0.0, 5.583661319706673, 358187.9138946533, 0.0, 358188, 358188, 0, 0.0, 0.0, 0, 0, 0, 0.0, 0.0, 0, 0, 0, 0, 0, 0, 32, 32, 2.7918306598533364, 2.7918306598533364, 0, 0, 0.0, 0.0, 0.0, 0, 1, 0, 0, 1, 0, 0, 0, 1, 32.0, 0.0, 0.0, 32, 0, 0, 0, 0, 0, 0, 1, 0, 1, 0, 64240, 26883, 1, 32, 0.0, 0.0, 0, 0, 0.0, 0.0, 0, 0]]
INFO:root:BENIGN
INFO:root:[[443, 358300, 2, 1, 0, 0, 0, 0, 0.0, 0.0, 0, 0, 0.0, 0.0, 0.0, 8.372872581461905, 179149.98531341553, 253197.86677877206, 358188, 112, 358300, 358299.97062683105, 0.0, 358300, 358300, 0, 0.0, 0.0, 0, 0, 0, 0, 0, 0, 52, 32, 5.581915054307937, 2.7909575271539686, 0, 0, 0.0, 0.0, 0.0, 0, 1, 0, 0, 1, 0, 0, 0, 2, 28.0, 0.0, 0.0, 52, 0, 0, 0, 0, 0, 0, 2, 0, 1, 0, 64240, 26883, 1, 20, 0.0, 0.0, 0, 0, 0.0, 0.0, 0, 0]]
INFO:root:BENIGN
INFO:root:[[443, 358811, 3, 1, 1412, 0, 1412, 0, 470.6666666666667, 815.2185800957516, 0, 0, 0.0, 0.0, 3935.2204560646715, 11.147933303299352, 119603.63388061523, 206620.1436877249, 358188, 112, 358811, 179405.45082092285, 252995.05614373766, 358300, 511, 0, 0.0, 0.0, 0, 0, 0, 0, 0, 0, 72, 32, 8.360949977474514, 2.786983325824838, 0, 1412, 353.0, 706.0, 498436.0, 0, 1, 0, 0, 1, 0, 0, 0, 46, 379.0, 470.6666666666667, 0.0, 72, 0, 157, 1312, 0, 0, 0, 3, 1412, 1, 0, 64240, 26883, 2, 20, 0.0, 0.0, 0, 0, 0.0, 0.0, 0, 0]]
INFO:root:BENIGN
INFO:root:[[443, 358811, 4, 1, 1977, 0, 1412, 0, 494.25, 667.2922273387176, 0, 0, 0.0, 0.0, 5509.866035155705, 13.93491662912419, 89702.72541046143, 178990.25996140903, 358188, 0, 358811, 119603.63388061523, 206717.24926738132, 358300, 0, 0, 0.0, 0.0, 0, 0, 1, 0, 1, 0, 92, 32, 11.147933303299352, 2.786983325824838, 0, 1412, 395.4, 618.7211003351995, 382815.8, 0, 1, 0, 1, 1, 0, 0, 0, 65, 420.2, 494.25, 0.0, 92, 0, 124, 1377, 0, 0, 0, 4, 1977, 1, 0, 64240, 26883, 4, 20, 0.0, 0.0, 0, 0, 0.0, 0.0, 0, 0]]
INFO:root:BENIGN
