INFO:root:[[50718, 0, 2, 0, 74, 37, 37, 37, 37.0, 0.0, 0, 37, 0.0, 0.0, 0.0, 0.0, 0.0, 0.0, 0, 0, 0, 0.0, 0.0, 0, 0, 0, 0.0, 0.0, 0, 0, 0, 0, 0, 0, 16, 0, 0.0, 0.0, 37, 37, 37.0, 0.0, 0.0, 0, 0, 0, 0, 0, 0, 0, 0, 0, 45.0, 37.0, 0.0, 16, 0, 18, 0, 0, 0, 0, 2, 74, 0, 37, 0, -1, 3, 8, 0.0, 0.0, 0, 0, 0.0, 0.0, 0, 0]]
INFO:root:BENIGN
INFO:root:[[50718, 704, 2, 1, 74, 34, 37, 37, 37.0, 0.0, 34, 34, 34.0, 0.0, 153398.18218760582, 4261.060616322384, 352.02503204345703, 497.8385746106803, 704, 0, 0, 0.0, 0.0, 0, 0, 0, 0.0, 0.0, 0, 0, 0, 0, 0, 0, 16, 8, 2840.707077548256, 1420.353538774128, 34, 37, 36.0, 1.7320508075688772, 3.0, 0, 0, 0, 0, 0, 0, 0, 0, 2, 44.0, 37.0, 34.0, 16, 0, 18, 52553, 1, 34, 48292, 2, 74, 1, 34, 0, 0, 5, 8, 0.0, 0.0, 0, 0, 0.0, 0.0, 0, 0]]
INFO:root:BENIGN
INFO:root:[32mBENIGN 
[0mpass udp any any -> 192.168.100.1 53 (msg: "Benign; id:1027)
Protocol.UDP 192.168.100.4 63682 -> 192.168.100.1 53

INFO:root:[32mBENIGN 
[0mpass udp any any -> 192.168.100.1 53 (msg: "Benign; id:1027)
Protocol.UDP 192.168.100.4 52025 -> 192.168.100.1 53

INFO:root:[[443, 15544, 1, 1, 0, 24, 0, 0, 0.0, 0.0, 24, 24, 24.0, 0.0, 1543.986625151464, 128.66555209595535, 15544.17610168457, 0.0, 15544, 15544, 0, 0.0, 0.0, 0, 0, 0, 0.0, 0.0, 0, 0, 0, 0, 0, 0, 20, 20, 64.33277604797767, 64.33277604797767, 0, 24, 12.0, 16.97056274847714, 288.0, 1, 0, 0, 1, 1, 0, 0, 0, 0, 32.0, 0.0, 24.0, 20, 0, 0, 0, 1, 24, 1544, 1, 0, 1, 24, 511, 501, 1, 20, 0.0, 0.0, 0, 0, 0.0, 0.0, 0, 0]]
INFO:root:BENIGN
INFO:root:[[443, 15544, 1, 2, 0, 24, 0, 0, 0.0, 0.0, 24, 0, 12.0, 16.97056274847714, 1543.986625151464, 192.998328143933, 7772.088050842285, 10991.392329459033, 15544, 0, 0, 0.0, 0.0, 0, 0, 0, 0.0, 0.0, 0, 0, 0, 0, 0, 0, 20, 40, 64.33277604797767, 128.66555209595535, 0, 24, 8.0, 13.856406460551018, 192.0, 1, 0, 0, 1, 1, 0, 0, 0, 0, 28.0, 0.0, 12.0, 20, 0, 0, 0, 0, 6, 772, 1, 0, 2, 24, 511, 501, 1, 20, 0.0, 0.0, 0, 0, 0.0, 0.0, 0, 0]]
INFO:root:BENIGN
INFO:root:[[443, 333, 2, 0, 2500, 1250, 1250, 1250, 1250.0, 0.0, 0, 1250, 0.0, 0.0, 7505912.670007158, 6004.730136005726, 333.0707550048828, 0.0, 333, 333, 333, 333.0707550048828, 0.0, 333, 333, 0, 0.0, 0.0, 0, 0, 0, 0, 0, 0, 16, 0, 6004.730136005726, 0.0, 1250, 1250, 1250.0, 0.0, 0.0, 0, 0, 0, 0, 0, 0, 0, 0, 0, 1258.0, 1250.0, 0.0, 16, 0, 625, 3752956, 0, 0, 0, 2, 2500, 0, 1250, 0, -1, 3, 8, 0.0, 0.0, 0, 0, 0.0, 0.0, 0, 0]]
INFO:root:BENIGN
INFO:root:[[443, 11231, 2, 1, 2500, 40, 1250, 1250, 1250.0, 0.0, 40, 40, 40.0, 0.0, 226160.83216575382, 267.1190931091581, 5615.472793579102, 7470.444604858945, 10898, 333, 333, 333.0707550048828, 0.0, 333, 333, 0, 0.0, 0.0, 0, 0, 0, 0, 0, 0, 16, 8, 178.0793954061054, 89.0396977030527, 40, 1250, 846.6666666666666, 698.5938257194472, 488033.3333333333, 0, 0, 0, 0, 0, 0, 0, 0, 52, 854.6666666666666, 1250.0, 40.0, 16, 0, 625, 111300, 1, 40, 3562, 2, 2500, 1, 40, 0, 0, 5, 8, 0.0, 0.0, 0, 0, 0.0, 0.0, 0, 0]]
INFO:root:BENIGN
INFO:root:[[443, 13853, 2, 2, 2500, 1290, 1250, 1250, 1250.0, 0.0, 1250, 40, 645.0, 855.5992052357225, 273585.5046124191, 288.74459589701223, 4617.6910400390625, 5557.920166773301, 10898, 333, 333, 333.0707550048828, 0.0, 333, 333, 2622, 2622.1275329589844, 0.0, 2622, 2622, 0, 0, 0, 0, 16, 16, 144.37229794850612, 144.37229794850612, 40, 1250, 947.5, 605.0, 366025.0, 0, 0, 0, 0, 0, 0, 0, 0, 2, 955.5, 1250.0, 645.0, 16, 0, 625, 90233, 0, 322, 46560, 2, 2500, 2, 1290, 0, 0, 7, 8, 0.0, 0.0, 0, 0, 0.0, 0.0, 0, 0]]
INFO:root:BENIGN
INFO:root:[[443, 62478, 1, 1, 0, 0, 0, 0, 0.0, 0.0, 0, 0, 0.0, 0.0, 0.0, 32.01123441149085, 62478.065490722656, 0.0, 62478, 62478, 0, 0.0, 0.0, 0, 0, 0, 0.0, 0.0, 0, 0, 0, 0, 0, 0, 20, 20, 16.005617205745423, 16.005617205745423, 0, 0, 0.0, 0.0, 0.0, 1, 0, 0, 0, 1, 0, 0, 0, 1, 20.0, 0.0, 0.0, 20, 0, 0, 0, 0, 0, 0, 1, 0, 1, 0, 510, 16384, 1, 20, 0.0, 0.0, 0, 0, 0.0, 0.0, 0, 0]]
INFO:root:BENIGN
INFO:root:[[443, 61952, 1, 1, 0, 0, 0, 0, 0.0, 0.0, 0, 0, 0.0, 0.0, 0.0, 32.28299839135488, 61952.11410522461, 0.0, 61952, 61952, 0, 0.0, 0.0, 0, 0, 0, 0.0, 0.0, 0, 0, 0, 0, 0, 0, 20, 20, 16.14149919567744, 16.14149919567744, 0, 0, 0.0, 0.0, 0.0, 1, 0, 0, 0, 1, 0, 0, 0, 1, 20.0, 0.0, 0.0, 20, 0, 0, 0, 0, 0, 0, 1, 0, 1, 0, 510, 16384, 1, 20, 0.0, 0.0, 0, 0, 0.0, 0.0, 0, 0]]
INFO:root:BENIGN
INFO:root:[[443, 62811, 1, 1, 0, 0, 0, 0, 0.0, 0.0, 0, 0, 0.0, 0.0, 0.0, 31.841608211108074, 62810.89782714844, 0.0, 62811, 62811, 0, 0.0, 0.0, 0, 0, 0, 0.0, 0.0, 0, 0, 0, 0, 0, 0, 20, 20, 15.920804105554037, 15.920804105554037, 0, 0, 0.0, 0.0, 0.0, 1, 0, 0, 0, 1, 0, 0, 0, 1, 20.0, 0.0, 0.0, 20, 0, 0, 0, 0, 0, 0, 1, 0, 1, 0, 510, 16384, 1, 20, 0.0, 0.0, 0, 0, 0.0, 0.0, 0, 0]]
INFO:root:BENIGN
INFO:root:[[443, 62478, 1, 2, 0, 0, 0, 0, 0.0, 0.0, 0, 0, 0.0, 0.0, 0.0, 48.01685161723628, 31239.032745361328, 44178.663783907214, 62478, 0, 0, 0.0, 0.0, 0, 0, 0, 0.0, 0.0, 0, 0, 0, 0, 0, 0, 20, 40, 16.005617205745423, 32.01123441149085, 0, 0, 0.0, 0.0, 0.0, 1, 0, 0, 0, 1, 0, 0, 0, 0, 20.0, 0.0, 0.0, 20, 0, 0, 0, 0, 0, 0, 1, 0, 2, 0, 510, 16384, 1, 20, 0.0, 0.0, 0, 0, 0.0, 0.0, 0, 0]]
INFO:root:BENIGN
INFO:root:[[443, 61952, 1, 2, 0, 0, 0, 0, 0.0, 0.0, 0, 0, 0.0, 0.0, 0.0, 48.42449758703232, 30976.057052612305, 43806.75999264708, 61952, 0, 0, 0.0, 0.0, 0, 0, 0, 0.0, 0.0, 0, 0, 0, 0, 0, 0, 20, 40, 16.14149919567744, 32.28299839135488, 0, 0, 0.0, 0.0, 0.0, 1, 0, 0, 0, 1, 0, 0, 0, 0, 20.0, 0.0, 0.0, 20, 0, 0, 0, 0, 0, 0, 1, 0, 2, 0, 510, 16384, 1, 20, 0.0, 0.0, 0, 0, 0.0, 0.0, 0, 0]]
INFO:root:BENIGN
INFO:root:[[443, 62811, 1, 2, 0, 0, 0, 0, 0.0, 0.0, 0, 0, 0.0, 0.0, 0.0, 47.762412316662115, 31405.44891357422, 44414.01178599204, 62811, 0, 0, 0.0, 0.0, 0, 0, 0, 0.0, 0.0, 0, 0, 0, 0, 0, 0, 20, 40, 15.920804105554037, 31.841608211108074, 0, 0, 0.0, 0.0, 0.0, 1, 0, 0, 0, 1, 0, 0, 0, 0, 20.0, 0.0, 0.0, 20, 0, 0, 0, 0, 0, 0, 1, 0, 2, 0, 510, 16384, 1, 20, 0.0, 0.0, 0, 0, 0.0, 0.0, 0, 0]]
INFO:root:BENIGN
INFO:root:[[443, 62056, 1, 1, 0, 0, 0, 0, 0.0, 0.0, 0, 0, 0.0, 0.0, 0.0, 32.228920939596286, 62056.06460571289, 0.0, 62056, 62056, 0, 0.0, 0.0, 0, 0, 0, 0.0, 0.0, 0, 0, 0, 0, 0, 0, 20, 20, 16.114460469798143, 16.114460469798143, 0, 0, 0.0, 0.0, 0.0, 1, 0, 0, 0, 1, 0, 0, 0, 1, 20.0, 0.0, 0.0, 20, 0, 0, 0, 0, 0, 0, 1, 0, 1, 0, 512, 135, 1, 20, 0.0, 0.0, 0, 0, 0.0, 0.0, 0, 0]]
INFO:root:BENIGN
INFO:root:[[443, 61393, 1, 1, 0, 0, 0, 0, 0.0, 0.0, 0, 0, 0.0, 0.0, 0.0, 32.57699193401191, 61393.022537231445, 0.0, 61393, 61393, 0, 0.0, 0.0, 0, 0, 0, 0.0, 0.0, 0, 0, 0, 0, 0, 0, 20, 20, 16.288495967005954, 16.288495967005954, 0, 0, 0.0, 0.0, 0.0, 1, 0, 0, 0, 1, 0, 0, 0, 1, 20.0, 0.0, 0.0, 20, 0, 0, 0, 0, 0, 0, 1, 0, 1, 0, 509, 16382, 1, 20, 0.0, 0.0, 0, 0, 0.0, 0.0, 0, 0]]
INFO:root:BENIGN
INFO:root:[[443, 61393, 1, 2, 0, 0, 0, 0, 0.0, 0.0, 0, 0, 0.0, 0.0, 0.0, 48.86548790101786, 30696.511268615723, 43411.422553614895, 61393, 0, 0, 0.0, 0.0, 0, 0, 0, 0.0, 0.0, 0, 0, 0, 0, 0, 0, 20, 40, 16.288495967005954, 32.57699193401191, 0, 0, 0.0, 0.0, 0.0, 1, 0, 0, 0, 1, 0, 0, 0, 0, 20.0, 0.0, 0.0, 20, 0, 0, 0, 0, 0, 0, 1, 0, 2, 0, 509, 16382, 1, 20, 0.0, 0.0, 0, 0, 0.0, 0.0, 0, 0]]
INFO:root:BENIGN
INFO:root:[[443, 29393, 3, 2, 3750, 1290, 1250, 1250, 1250.0, 0.0, 1250, 1250, 645.0, 855.5992052357225, 171469.64431430123, 170.10877412133058, 7348.239421844482, 7100.509060271972, 15540, 333, 29393, 14696.478843688965, 20312.926520916444, 29060, 333, 2622, 2622.1275329589844, 0.0, 2622, 2622, 0, 0, 0, 0, 24, 16, 102.06526447279836, 68.04350964853224, 40, 1250, 1008.0, 541.1284505549492, 292820.0, 0, 0, 0, 0, 0, 0, 0, 0, 3, 1016.0, 1250.0, 645.0, 24, 0, 417, 42527, 0, 322, 21944, 3, 3750, 2, 1290, 0, 0, 10, 8, 0.0, 0.0, 0, 0, 0.0, 0.0, 0, 0]]
INFO:root:BENIGN
INFO:root:[[443, 38808, 3, 3, 3750, 2540, 1250, 1250, 1250.0, 0.0, 1250, 1250, 846.6666666666666, 698.5938257194472, 162079.5350580256, 154.60686968969054, 7761.621475219727, 6218.307269387461, 15540, 333, 29393, 14696.478843688965, 20312.926520916444, 29060, 333, 27577, 13788.580894470215, 15791.74978745582, 24955, 2622, 0, 0, 0, 0, 24, 24, 77.30343484484527, 77.30343484484527, 40, 1250, 1048.3333333333333, 493.98043146127424, 244016.66666666666, 0, 0, 0, 0, 0, 0, 0, 0, 1, 1056.3333333333333, 1250.0, 846.6666666666666, 24, 0, 417, 32210, 0, 282, 21817, 3, 3750, 3, 2540, 0, 0, 13, 8, 0.0, 0.0, 0, 0, 0.0, 0.0, 0, 0]]
INFO:root:BENIGN
INFO:root:[[443, 9257, 1, 1, 0, 0, 0, 0, 0.0, 0.0, 0, 0, 0.0, 0.0, 0.0, 216.05089242022305, 9257.078170776367, 0.0, 9257, 9257, 0, 0.0, 0.0, 0, 0, 0, 0.0, 0.0, 0, 0, 0, 0, 0, 0, 32, 32, 108.02544621011153, 108.02544621011153, 0, 0, 0.0, 0.0, 0.0, 0, 1, 0, 0, 1, 0, 0, 0, 1, 32.0, 0.0, 0.0, 32, 0, 0, 0, 0, 0, 0, 1, 0, 1, 0, 64240, 65535, 1, 32, 0.0, 0.0, 0, 0, 0.0, 0.0, 0, 0]]
INFO:root:BENIGN
INFO:root:[[443, 9354, 2, 1, 0, 0, 0, 0, 0.0, 0.0, 0, 0, 0.0, 0.0, 0.0, 320.71448233674874, 4677.057266235352, 6477.127679154195, 9257, 97, 9354, 9354.114532470703, 0.0, 9354, 9354, 0, 0.0, 0.0, 0, 0, 0, 0, 0, 0, 52, 32, 213.80965489116582, 106.90482744558291, 0, 0, 0.0, 0.0, 0.0, 0, 1, 0, 0, 1, 0, 0, 0, 2, 28.0, 0.0, 0.0, 52, 0, 0, 0, 0, 0, 0, 2, 0, 1, 0, 64240, 65535, 1, 20, 0.0, 0.0, 0, 0, 0.0, 0.0, 0, 0]]
INFO:root:BENIGN
INFO:root:[[443, 10775, 3, 1, 1412, 0, 1412, 0, 470.6666666666667, 815.2185800957516, 0, 0, 0.0, 0.0, 131042.99792007789, 371.2266230030535, 3591.6964213053384, 4950.819727798042, 9257, 97, 10775, 5387.544631958008, 5609.576949405952, 9354, 1421, 0, 0.0, 0.0, 0, 0, 0, 0, 0, 0, 72, 32, 278.4199672522901, 92.80665575076337, 0, 1412, 353.0, 706.0, 498436.0, 0, 1, 0, 0, 1, 0, 0, 0, 46, 379.0, 470.6666666666667, 0.0, 72, 0, 157, 43681, 0, 0, 0, 3, 1412, 1, 0, 64240, 65535, 2, 20, 0.0, 0.0, 0, 0, 0.0, 0.0, 0, 0]]
INFO:root:BENIGN
INFO:root:[[443, 10775, 4, 1, 2076, 0, 1412, 0, 519.0, 672.6058776628901, 0, 0, 0.0, 0.0, 192666.61733858477, 464.0332787538169, 2693.772315979004, 4423.288533109792, 9257, 0, 10775, 3591.6964213053384, 5040.723079357413, 9354, 0, 0, 0.0, 0.0, 0, 0, 1, 0, 1, 0, 92, 32, 371.2266230030535, 92.80665575076337, 0, 1412, 415.2, 627.0336514095555, 393171.2, 0, 1, 0, 1, 1, 0, 0, 0, 68, 440.0, 519.0, 0.0, 92, 0, 130, 48167, 0, 0, 0, 4, 2076, 1, 0, 64240, 65535, 4, 20, 0.0, 0.0, 0, 0, 0.0, 0.0, 0, 0]]
INFO:root:BENIGN
INFO:root:[[443, 24751, 4, 2, 2076, 0, 1412, 0, 519.0, 672.6058776628901, 0, 0, 0.0, 0.0, 83875.57535183454, 242.4149576642617, 4950.189590454102, 6334.919547090048, 13976, 0, 10775, 3591.6964213053384, 5040.723079357413, 9354, 0, 15494, 15493.86978149414, 0.0, 15494, 15494, 1, 0, 1, 0, 92, 64, 161.60997177617446, 80.80498588808723, 0, 1412, 346.0, 585.8914575243439, 343268.8, 0, 1, 0, 1, 1, 0, 0, 0, 34, 372.0, 519.0, 0.0, 92, 0, 130, 20969, 0, 0, 0, 4, 2076, 2, 0, 64240, 65535, 6, 20, 0.0, 0.0, 0, 0, 0.0, 0.0, 0, 0]]
INFO:root:BENIGN
INFO:root:[[443, 24751, 4, 3, 2076, 0, 1412, 0, 519.0, 672.6058776628901, 0, 0, 0.0, 0.0, 83875.57535183454, 282.8174506083053, 4125.157992045085, 6015.731656641849, 13976, 0, 10775, 3591.6964213053384, 5040.723079357413, 9354, 0, 15494, 7746.93489074707, 10955.820389315839, 15494, 0, 1, 0, 1, 0, 92, 84, 161.60997177617446, 121.20747883213085, 0, 1412, 296.57142857142856, 550.5993271405433, 303159.61904761905, 0, 1, 0, 1, 1, 0, 0, 0, 26, 321.7142857142857, 519.0, 0.0, 92, 0, 130, 20969, 0, 0, 0, 4, 2076, 3, 0, 64240, 65535, 8, 20, 0.0, 0.0, 0, 0, 0.0, 0.0, 0, 0]]
INFO:root:BENIGN
INFO:root:[[443, 61637, 4, 3, 5000, 2540, 1250, 1250, 1250.0, 0.0, 1250, 1250, 846.6666666666666, 698.5938257194472, 122329.26985502313, 113.56828766381457, 10272.820790608725, 8292.804606818767, 22829, 333, 61637, 20545.64158121745, 17576.848583075134, 32244, 333, 27577, 13788.580894470215, 15791.74978745582, 24955, 2622, 0, 0, 0, 0, 32, 24, 64.89616437932261, 48.67212328449196, 40, 1250, 1077.142857142857, 457.33701234116495, 209157.14285714287, 0, 0, 0, 0, 0, 0, 0, 0, 2, 1085.142857142857, 1250.0, 846.6666666666666, 32, 0, 312, 20280, 0, 282, 13736, 4, 5000, 3, 2540, 0, 0, 17, 8, 0.0, 0.0, 0, 0, 0.0, 0.0, 0, 0]]
INFO:root:BENIGN
INFO:root:[[443, 72661, 4, 4, 5000, 3790, 1250, 1250, 1250.0, 0.0, 1250, 1250, 947.5, 605.0, 120972.86459597982, 110.10044559361076, 10380.13185773577, 7575.582476722462, 22829, 333, 61637, 20545.64158121745, 17576.848583075134, 32244, 333, 61430, 20476.659138997395, 16089.77478057287, 33853, 2622, 0, 0, 0, 0, 32, 32, 55.05022279680538, 55.05022279680538, 40, 1250, 1098.75, 427.79960261786124, 183012.5, 0, 0, 0, 0, 0, 0, 0, 0, 1, 1106.75, 1250.0, 947.5, 32, 0, 312, 17203, 0, 237, 13040, 4, 5000, 4, 3790, 0, 0, 21, 8, 0.0, 0.0, 0, 0, 0.0, 0.0, 0, 0]]
INFO:root:BENIGN
INFO:root:[[443, 93507, 5, 4, 6250, 3790, 1250, 1250, 1250.0, 0.0, 1250, 1250, 947.5, 605.0, 107371.58152663075, 96.24942567128254, 11688.381433486938, 7929.886042300634, 22829, 333, 93507, 23376.762866973877, 15428.050050051243, 32244, 333, 61430, 20476.659138997395, 16089.77478057287, 33853, 2622, 0, 0, 0, 0, 40, 32, 53.47190315071253, 42.77752252057002, 40, 1250, 1115.5555555555557, 403.3333333333333, 162677.77777777778, 0, 0, 0, 0, 0, 0, 0, 0, 2, 1123.5555555555557, 1250.0, 947.5, 40, 0, 250, 13368, 0, 237, 10133, 5, 6250, 4, 3790, 0, 0, 26, 8, 0.0, 0.0, 0, 0, 0.0, 0.0, 0, 0]]
INFO:root:BENIGN
INFO:root:[[443, 104014, 5, 5, 6250, 5040, 1250, 1250, 1250.0, 0.0, 1250, 1250, 1008.0, 541.1284505549492, 108543.1643997011, 96.14097821054128, 11557.10220336914, 7428.177043510272, 22829, 333, 93507, 23376.762866973877, 15428.050050051243, 32244, 333, 92783, 23195.743560791016, 14218.330259365977, 33853, 2622, 0, 0, 0, 0, 40, 40, 48.07048910527064, 48.07048910527064, 40, 1250, 1129.0, 382.6355968803739, 146410.0, 0, 0, 0, 0, 0, 0, 0, 0, 1, 1137.0, 1250.0, 1008.0, 40, 0, 250, 12018, 0, 202, 9691, 5, 6250, 5, 5040, 0, 0, 31, 8, 0.0, 0.0, 0, 0, 0.0, 0.0, 0, 0]]
INFO:root:BENIGN
INFO:root:[[443, 125159, 6, 5, 7500, 5040, 1250, 1250, 1250.0, 0.0, 1250, 1250, 1008.0, 541.1284505549492, 100192.53490299168, 87.88818851139621, 12515.902519226074, 7631.50878944019, 22829, 333, 125159, 25031.80503845215, 13864.139685066008, 32244, 333, 92783, 23195.743560791016, 14218.330259365977, 33853, 2622, 0, 0, 0, 0, 48, 40, 47.93901191530703, 39.94917659608919, 40, 1250, 1140.0, 364.828726939094, 133100.0, 0, 0, 0, 0, 0, 0, 0, 0, 1, 1148.0, 1250.0, 1008.0, 48, 0, 208, 9987, 0, 202, 8054, 6, 7500, 5, 5040, 0, 0, 37, 8, 0.0, 0.0, 0, 0, 0.0, 0.0, 0, 0]]
INFO:root:BENIGN
INFO:root:[[443, 135240, 6, 6, 7500, 6290, 1250, 1250, 1250.0, 0.0, 1250, 1250, 1048.3333333333333, 493.98043146127424, 101966.81491719525, 88.73109347399152, 12294.552542946556, 7277.010903864373, 22829, 333, 125159, 25031.80503845215, 13864.139685066008, 32244, 333, 124009, 24801.82647705078, 12826.464758179043, 33853, 2622, 0, 0, 0, 0, 48, 48, 44.36554673699576, 44.36554673699576, 40, 1250, 1149.1666666666667, 349.2969128597236, 122008.33333333333, 0, 0, 0, 0, 0, 0, 0, 0, 1, 1157.1666666666667, 1250.0, 1048.3333333333333, 48, 0, 208, 9243, 0, 175, 7752, 6, 7500, 6, 6290, 0, 0, 43, 8, 0.0, 0.0, 0, 0, 0.0, 0.0, 0, 0]]
INFO:root:BENIGN
INFO:root:[[443, 135240, 6, 7, 7500, 7540, 1250, 1250, 1250.0, 0.0, 1250, 1250, 1077.142857142857, 457.33701234116495, 111209.63715406937, 96.12535126349081, 11270.00649770101, 7793.403760960839, 22829, 0, 125159, 25031.80503845215, 13864.139685066008, 32244, 333, 124009, 20668.188730875652, 15301.51380268861, 33853, 0, 0, 0, 0, 0, 48, 56, 44.36554673699576, 51.75980452649505, 40, 1250, 1156.923076923077, 335.5936187162636, 112623.07692307692, 0, 0, 0, 0, 0, 0, 0, 0, 1, 1164.923076923077, 1250.0, 1077.142857142857, 48, 0, 208, 9243, 0, 154, 7965, 6, 7500, 7, 7540, 0, 0, 49, 8, 0.0, 0.0, 0, 0, 0.0, 0.0, 0, 0]]
INFO:root:BENIGN
INFO:root:[[443, 136521, 7, 7, 7669, 7540, 1250, 1250, 1095.5714285714287, 408.5795953229746, 1250, 169, 1077.142857142857, 457.33701234116495, 111404.02391152109, 102.54825003361793, 10501.623153686523, 7959.339306117739, 22829, 0, 136521, 22753.51683298747, 13598.348364730718, 32244, 333, 124009, 20668.188730875652, 15301.51380268861, 33853, 0, 0, 0, 0, 0, 56, 56, 51.274125016808966, 51.274125016808966, 40, 1250, 1086.357142857143, 416.74150023963057, 173673.47802197802, 0, 0, 0, 0, 0, 0, 0, 0, 1, 1094.357142857143, 1095.5714285714287, 1077.142857142857, 56, 0, 157, 8025, 0, 154, 7890, 7, 7669, 7, 7540, 0, 0, 56, 8, 0.0, 0.0, 0, 0, 0.0, 0.0, 0, 0]]
INFO:root:BENIGN
INFO:root:[[443, 136994, 8, 7, 7840, 7540, 1250, 1250, 980.0, 499.9431396240405, 1250, 171, 1077.142857142857, 457.33701234116495, 112267.78476628715, 109.49393832862856, 9785.277502877372, 8103.211542439254, 22829, 0, 136994, 19570.555005754744, 15000.487341944048, 32244, 333, 124009, 20668.188730875652, 15301.51380268861, 33853, 0, 0, 0, 0, 0, 64, 56, 58.3967671086019, 51.09717122002666, 40, 1250, 1025.3333333333333, 465.9686786939757, 217126.80952380953, 0, 0, 0, 0, 0, 0, 0, 0, 1, 1033.3333333333333, 980.0, 1077.142857142857, 64, 0, 122, 7154, 0, 154, 7863, 8, 7840, 7, 7540, 0, 0, 64, 8, 0.0, 0.0, 0, 0, 0.0, 0.0, 0, 0]]
INFO:root:BENIGN
INFO:root:[[443, 137710, 9, 7, 8234, 7540, 1250, 1250, 914.8888888888889, 506.8089986485156, 1250, 394, 1077.142857142857, 457.33701234116495, 114544.97989258966, 116.18610867766162, 9180.672963460287, 8151.999234313001, 22829, 0, 137710, 17213.761806488037, 15404.722268953255, 32244, 333, 124009, 20668.188730875652, 15301.51380268861, 33853, 0, 0, 0, 0, 0, 72, 56, 65.35468613118466, 50.831422546476965, 40, 1250, 985.875, 477.03569048866774, 227563.05, 0, 0, 0, 0, 0, 0, 0, 0, 1, 993.875, 914.8888888888889, 1077.142857142857, 72, 0, 102, 6644, 0, 154, 7822, 9, 8234, 7, 7540, 0, 0, 73, 8, 0.0, 0.0, 0, 0, 0.0, 0.0, 0, 0]]
INFO:root:BENIGN
INFO:root:[[443, 145494, 9, 8, 8234, 8058, 1250, 1250, 914.8888888888889, 506.8089986485156, 1250, 394, 1007.25, 467.2875376651328, 111977.13834748609, 116.84331892384382, 9093.374013900757, 7883.3171817028215, 22829, 0, 137710, 17213.761806488037, 15404.722268953255, 32244, 333, 134263, 19180.434090750558, 14512.322383502968, 33853, 0, 0, 0, 0, 0, 72, 64, 61.85822766556438, 54.985091258279446, 40, 1250, 958.3529411764706, 475.6230047496219, 226217.24264705883, 0, 0, 0, 0, 0, 0, 0, 0, 1, 966.3529411764706, 914.8888888888889, 1007.25, 72, 0, 102, 6288, 0, 126, 6923, 9, 8234, 8, 8058, 0, 0, 82, 8, 0.0, 0.0, 0, 0, 0.0, 0.0, 0, 0]]
INFO:root:BENIGN
INFO:root:[[443, 145494, 9, 9, 8234, 8179, 1250, 1250, 914.8888888888889, 506.8089986485156, 1250, 121, 908.7777777777778, 527.5736388831842, 112808.78785276758, 123.71645533112876, 8558.46966014189, 7945.225423234762, 22829, 0, 137710, 17213.761806488037, 15404.722268953255, 32244, 333, 134263, 16782.87982940674, 15050.144404609784, 33853, 0, 0, 0, 0, 0, 72, 72, 61.85822766556438, 61.85822766556438, 40, 1250, 911.8333333333334, 501.86021606677315, 251863.67647058822, 0, 0, 0, 0, 0, 0, 0, 0, 1, 919.8333333333334, 914.8888888888889, 908.7777777777778, 72, 0, 102, 6288, 0, 101, 6246, 9, 8234, 9, 8179, 0, 0, 91, 8, 0.0, 0.0, 0, 0, 0.0, 0.0, 0, 0]]
INFO:root:BENIGN
INFO:root:[[443, 145494, 9, 10, 8234, 8204, 1250, 1250, 914.8888888888889, 506.8089986485156, 1250, 25, 820.4, 570.538575967188, 112980.6162629497, 130.5895917384137, 8082.99912346734, 7967.595456809837, 22829, 0, 137710, 17213.761806488037, 15404.722268953255, 32244, 333, 134263, 14918.115403917102, 15148.914417799106, 33853, 0, 0, 0, 0, 0, 72, 80, 61.85822766556438, 68.73136407284932, 25, 1250, 865.1578947368421, 528.4549032749356, 279264.5847953216, 0, 0, 0, 0, 0, 0, 0, 0, 1, 873.1578947368421, 914.8888888888889, 820.4, 72, 0, 102, 6288, 0, 82, 5639, 9, 8234, 10, 8204, 0, 0, 100, 8, 0.0, 0.0, 0, 0, 0.0, 0.0, 0, 0]]
INFO:root:BENIGN
INFO:root:[[443, 146058, 10, 10, 8267, 8204, 1250, 1250, 826.7, 553.2528154268877, 1250, 33, 820.4, 570.538575967188, 112770.20558526441, 136.93182634359104, 7687.267504240337, 7932.9209175763435, 22829, 0, 146058, 16228.675842285156, 14709.719027651818, 32244, 333, 134263, 14918.115403917102, 15148.914417799106, 33853, 0, 0, 0, 0, 0, 80, 80, 68.46591317179552, 68.46591317179552, 25, 1250, 823.55, 546.983351521877, 299190.78684210527, 0, 0, 0, 0, 0, 0, 0, 0, 1, 831.55, 826.7, 820.4, 80, 0, 83, 5660, 0, 82, 5617, 10, 8267, 10, 8204, 0, 0, 110, 8, 0.0, 0.0, 0, 0, 0.0, 0.0, 0, 0]]
INFO:root:BENIGN
INFO:root:[[443, 146220, 11, 10, 8300, 8204, 1250, 1250, 754.5454545454545, 576.8438893905983, 1250, 33, 820.4, 570.538575967188, 112871.04036419906, 143.6192345884743, 7310.998439788818, 7902.5712420884665, 22829, 0, 146220, 14621.996879577637, 14769.842499003455, 32244, 162, 134263, 14918.115403917102, 15148.914417799106, 33853, 0, 0, 0, 0, 0, 88, 80, 75.22912287967702, 68.39011170879729, 25, 1250, 785.9047619047619, 560.3496145052574, 313991.6904761905, 0, 0, 0, 0, 0, 0, 0, 0, 1, 793.9047619047619, 754.5454545454545, 820.4, 88, 0, 69, 5160, 0, 82, 5611, 11, 8300, 10, 8204, 0, 0, 121, 8, 0.0, 0.0, 0, 0, 0.0, 0.0, 0, 0]]
INFO:root:BENIGN
INFO:root:[[443, 147932, 11, 11, 8300, 8233, 1250, 1250, 754.5454545454545, 576.8438893905983, 1250, 29, 748.4545454545455, 591.5238564312285, 111760.76927242486, 148.71692517954074, 7044.383457728794, 7798.772669228516, 22829, 0, 146220, 14621.996879577637, 14769.842499003455, 32244, 162, 136701, 13670.110702514648, 14817.756916871538, 33853, 0, 0, 0, 0, 0, 88, 88, 74.35846258977037, 74.35846258977037, 25, 1250, 751.5, 570.1586036650972, 325080.8333333333, 0, 0, 0, 0, 0, 0, 0, 0, 1, 759.5, 754.5454545454545, 748.4545454545455, 88, 0, 69, 5101, 0, 68, 5059, 11, 8300, 11, 8233, 0, 0, 132, 8, 0.0, 0.0, 0, 0, 0.0, 0.0, 0, 0]]
INFO:root:BENIGN
INFO:root:[[443, 203922, 1, 1, 0, 0, 0, 0, 0.0, 0.0, 0, 0, 0.0, 0.0, 0.0, 9.80766995864662, 203922.03330993652, 0.0, 203922, 203922, 0, 0.0, 0.0, 0, 0, 0, 0.0, 0.0, 0, 0, 0, 0, 0, 0, 20, 20, 4.90383497932331, 4.90383497932331, 0, 0, 0.0, 0.0, 0.0, 1, 0, 0, 0, 1, 0, 0, 0, 1, 20.0, 0.0, 0.0, 20, 0, 0, 0, 0, 0, 0, 1, 0, 1, 0, 512, 0, 1, 20, 0.0, 0.0, 0, 0, 0.0, 0.0, 0, 0]]
INFO:root:BENIGN
INFO:root:[[443, 144343, 4, 4, 2076, 212, 1412, 0, 519.0, 672.6058776628901, 212, 0, 53.0, 106.0, 15851.117246072554, 55.42348687437956, 20620.44824872698, 43986.585766222284, 119592, 0, 10775, 3591.6964213053384, 5040.723079357413, 9354, 0, 135086, 45028.6865234375, 65036.92808402255, 119592, 0, 1, 1, 1, 1, 92, 104, 27.71174343718978, 27.71174343718978, 0, 1412, 286.0, 510.6321012795248, 260745.14285714287, 0, 1, 0, 1, 1, 0, 0, 0, 7, 310.5, 519.0, 53.0, 92, 0, 130, 3596, 0, 13, 367, 4, 2076, 4, 212, 64240, 65535, 10, 20, 0.0, 0.0, 0, 0, 0.0, 0.0, 0, 0]]
INFO:root:BENIGN
INFO:root:[[443, 145317, 5, 4, 2140, 212, 1412, 0, 428.0, 617.0121554718351, 212, 0, 53.0, 106.0, 16185.296582138919, 61.933532839817296, 18164.634704589844, 41311.803040803774, 119592, 0, 145317, 36329.26940917969, 65604.37485402513, 134542, 0, 135086, 45028.6865234375, 65036.92808402255, 119592, 0, 1, 1, 1, 1, 112, 104, 34.40751824434294, 27.526014595474354, 0, 1412, 261.3333333333333, 483.3508042819418, 233628.0, 0, 1, 0, 1, 1, 0, 0, 0, 7, 285.3333333333333, 428.0, 53.0, 112, 0, 86, 2945, 0, 13, 365, 5, 2140, 4, 212, 64240, 65535, 13, 20, 0.0, 0.0, 0, 0, 0.0, 0.0, 0, 0]]
INFO:root:BENIGN
INFO:root:[[443, 175721, 12, 11, 8332, 8233, 1250, 1250, 694.3333333333334, 588.2218711480981, 1250, 32, 748.4545454545455, 591.5238564312285, 94268.7930835641, 130.8893595485647, 7987.31500452215, 8802.571317035778, 27789, 0, 175721, 15974.6300090443, 14712.552562797197, 32244, 162, 136701, 13670.110702514648, 14817.756916871538, 33853, 0, 0, 0, 0, 0, 96, 88, 68.29010063403376, 62.59925891453095, 25, 1250, 720.2173913043479, 576.8988375570742, 332812.26877470355, 0, 0, 0, 0, 0, 0, 0, 0, 1, 728.2173913043479, 694.3333333333334, 748.4545454545455, 96, 0, 58, 3951, 0, 68, 4259, 12, 8332, 11, 8233, 0, 0, 144, 8, 0.0, 0.0, 0, 0, 0.0, 0.0, 0, 0]]
INFO:root:BENIGN
INFO:root:[[443, 154093, 5, 5, 2140, 212, 1412, 0, 428.0, 617.0121554718351, 212, 0, 42.4, 94.80928224599108, 15263.507012856, 64.89586314989796, 17121.447457207574, 38770.170148837395, 119592, 0, 145317, 36329.26940917969, 65604.37485402513, 134542, 0, 144836, 36208.98723602295, 55955.485806301695, 119592, 0, 1, 1, 1, 1, 112, 124, 32.44793157494898, 32.44793157494898, 0, 1412, 235.2, 463.1401995556469, 214498.84444444443, 0, 1, 0, 1, 1, 0, 0, 0, 7, 258.8, 428.0, 42.4, 112, 0, 86, 2778, 0, 8, 275, 5, 2140, 5, 212, 64240, 65535, 16, 20, 0.0, 0.0, 0, 0, 0.0, 0.0, 0, 0]]
INFO:root:BENIGN
INFO:root:[[443, 154093, 5, 6, 2140, 798, 1412, 0, 428.0, 617.0121554718351, 586, 0, 133.0, 237.57356755329494, 19066.40459344002, 71.38544946488776, 15409.302711486816, 36951.67762495191, 119592, 0, 145317, 36329.26940917969, 65604.37485402513, 134542, 0, 144836, 28967.18978881836, 51092.861000301375, 119592, 0, 1, 1, 1, 1, 112, 144, 32.44793157494898, 38.937517889938775, 0, 1412, 267.09090909090907, 451.9250943564552, 204236.29090909092, 0, 1, 0, 1, 1, 0, 0, 0, 2, 290.3636363636364, 428.0, 133.0, 112, 0, 86, 2778, 0, 22, 863, 5, 2140, 6, 798, 64240, 65535, 19, 20, 0.0, 0.0, 0, 0, 0.0, 0.0, 0, 0]]
INFO:root:BENIGN
INFO:root:[[443, 225352, 1, 1, 0, 0, 0, 0, 0.0, 0.0, 0, 0, 0.0, 0.0, 0.0, 8.875002512709017, 225352.04887390137, 0.0, 225352, 225352, 0, 0.0, 0.0, 0, 0, 0, 0.0, 0.0, 0, 0, 0, 0, 0, 0, 20, 20, 4.437501256354508, 4.437501256354508, 0, 0, 0.0, 0.0, 0.0, 1, 0, 0, 0, 1, 0, 0, 0, 1, 20.0, 0.0, 0.0, 20, 0, 0, 0, 0, 0, 0, 1, 0, 1, 0, 512, 1021, 1, 20, 0.0, 0.0, 0, 0, 0.0, 0.0, 0, 0]]
INFO:root:BENIGN
INFO:root:[[443, 206396, 6, 6, 2140, 798, 1412, 0, 356.6666666666667, 578.8729279096291, 586, 0, 133.0, 237.57356755329494, 14234.764894511649, 58.140632652872625, 18763.282082297585, 36778.0475988952, 119592, 0, 206396, 41279.22058105469, 57883.163208400394, 134542, 0, 144836, 28967.18978881836, 51092.861000301375, 119592, 0, 1, 1, 1, 1, 132, 144, 29.070316326436313, 29.070316326436313, 0, 1412, 244.83333333333334, 437.73753724709456, 191614.15151515152, 0, 1, 0, 1, 1, 0, 0, 0, 2, 267.8333333333333, 356.6666666666667, 133.0, 132, 0, 59, 1728, 0, 22, 644, 6, 2140, 6, 798, 64240, 65535, 22, 20, 0.0, 0.0, 0, 0, 0.0, 0.0, 0, 0]]
INFO:root:BENIGN
INFO:root:[[443, 325624, 1, 1, 0, 0, 0, 0, 0.0, 0.0, 0, 0, 0.0, 0.0, 0.0, 6.142053616798193, 325623.9891052246, 0.0, 325624, 325624, 0, 0.0, 0.0, 0, 0, 0, 0.0, 0.0, 0, 0, 0, 0, 0, 0, 20, 20, 3.0710268083990964, 3.0710268083990964, 0, 0, 0.0, 0.0, 0.0, 1, 0, 0, 0, 1, 0, 0, 0, 1, 20.0, 0.0, 0.0, 20, 0, 0, 0, 0, 0, 0, 1, 0, 1, 0, 511, 16386, 1, 20, 0.0, 0.0, 0, 0, 0.0, 0.0, 0, 0]]
INFO:root:BENIGN
INFO:root:[[443, 338360, 1, 1, 0, 0, 0, 0, 0.0, 0.0, 0, 0, 0.0, 0.0, 0.0, 5.910862924847712, 338360.071182251, 0.0, 338360, 338360, 0, 0.0, 0.0, 0, 0, 0, 0.0, 0.0, 0, 0, 0, 0, 0, 0, 20, 20, 2.955431462423856, 2.955431462423856, 0, 0, 0.0, 0.0, 0.0, 1, 0, 0, 0, 1, 0, 0, 0, 1, 20.0, 0.0, 0.0, 20, 0, 0, 0, 0, 0, 0, 1, 0, 1, 0, 512, 0, 1, 20, 0.0, 0.0, 0, 0, 0.0, 0.0, 0, 0]]
INFO:root:BENIGN
INFO:root:[[443, 353492, 13, 11, 8361, 8233, 1250, 1250, 643.1538461538462, 592.6403977334325, 1250, 29, 748.4545454545455, 591.5238564312285, 46943.06798421478, 67.8940358937661, 15369.218328724737, 36432.000058443475, 177771, 0, 353492, 29457.66846338908, 48767.70452967227, 177771, 162, 136701, 13670.110702514648, 14817.756916871538, 33853, 0, 0, 0, 0, 0, 104, 88, 36.77593610912331, 31.118099784642798, 25, 1250, 691.4166666666666, 581.592410442277, 338249.731884058, 0, 0, 0, 0, 0, 0, 0, 0, 1, 699.4166666666666, 643.1538461538462, 748.4545454545455, 104, 0, 49, 1819, 0, 68, 2117, 13, 8361, 11, 8233, 0, 0, 157, 8, 0.0, 0.0, 0, 0, 0.0, 0.0, 0, 0]]
INFO:root:BENIGN
INFO:root:[[443, 366843, 13, 12, 8361, 8382, 1250, 1250, 643.1538461538462, 592.6403977334325, 1250, 29, 698.5, 589.9464536564468, 45640.78005473626, 68.14904744480717, 15285.12438138326, 35633.58055375272, 177771, 0, 353492, 29457.66846338908, 48767.70452967227, 177771, 162, 355612, 32328.367233276367, 63459.004345227324, 218911, 0, 0, 0, 0, 0, 104, 96, 35.43750467129973, 32.71154277350744, 25, 1250, 669.72, 579.5900505242189, 335924.62666666665, 0, 0, 0, 0, 0, 0, 0, 0, 1, 677.72, 643.1538461538462, 698.5, 104, 0, 49, 1753, 0, 58, 1904, 13, 8361, 12, 8382, 0, 0, 170, 8, 0.0, 0.0, 0, 0, 0.0, 0.0, 0, 0]]
INFO:root:BENIGN
INFO:root:[[443, 368292, 14, 12, 8408, 8382, 1250, 1250, 600.5714285714286, 591.2623671545373, 1250, 47, 698.5, 589.9464536564468, 45588.814711188825, 70.59613951702855, 14731.683731079102, 34992.90129375259, 177771, 0, 368292, 28330.161021305965, 46868.1640784483, 177771, 162, 355612, 32328.367233276367, 63459.004345227324, 218911, 0, 0, 0, 0, 0, 112, 96, 38.013305893784604, 32.58283362324395, 25, 1250, 645.7692307692307, 580.863378614442, 337402.2646153846, 0, 0, 0, 0, 0, 0, 0, 0, 1, 653.7692307692307, 600.5714285714286, 698.5, 112, 0, 43, 1631, 0, 58, 1897, 14, 8408, 12, 8382, 0, 0, 184, 8, 0.0, 0.0, 0, 0, 0.0, 0.0, 0, 0]]
INFO:root:BENIGN
INFO:root:[[443, 368613, 14, 13, 8408, 8403, 1250, 1250, 600.5714285714286, 591.2623671545373, 1250, 21, 646.3846153846154, 595.2662623372192, 45606.09578707372, 73.2475513801077, 14177.423257094164, 34402.185058724266, 177771, 0, 368292, 28330.161021305965, 46868.1640784483, 177771, 162, 357382, 29781.838258107502, 61145.465320077834, 218911, 0, 0, 0, 0, 0, 112, 104, 37.98021182672251, 35.267339553385185, 21, 1250, 622.6296296296297, 582.13586493375, 338882.16524216527, 0, 0, 0, 0, 0, 0, 0, 0, 1, 630.6296296296297, 600.5714285714286, 646.3846153846154, 112, 0, 43, 1629, 0, 50, 1754, 14, 8408, 13, 8403, 0, 0, 198, 8, 0.0, 0.0, 0, 0, 0.0, 0.0, 0, 0]]
INFO:root:BENIGN
INFO:root:[[443, 377851, 14, 14, 8408, 8431, 1250, 1250, 600.5714285714286, 591.2623671545373, 1250, 21, 602.2142857142857, 595.3142904345606, 44565.184642817934, 74.10328226135175, 13994.481828477648, 33747.50854160791, 177771, 0, 368292, 28330.161021305965, 46868.1640784483, 177771, 162, 366620, 28201.543367826023, 58818.95315569082, 218911, 0, 0, 0, 0, 0, 112, 112, 37.051641130675876, 37.051641130675876, 21, 1250, 601.3928571428571, 582.2018448057668, 338958.9880952381, 0, 0, 0, 0, 0, 0, 0, 0, 1, 609.3928571428571, 600.5714285714286, 602.2142857142857, 112, 0, 43, 1589, 0, 43, 1594, 14, 8408, 14, 8431, 0, 0, 212, 8, 0.0, 0.0, 0, 0, 0.0, 0.0, 0, 0]]
INFO:root:BENIGN
INFO:root:[[443, 378306, 15, 14, 8439, 8431, 1250, 1250, 562.6, 588.4282696909017, 1250, 31, 602.2142857142857, 595.3142904345606, 44593.54047632553, 76.65753845959931, 13510.925429207939, 33215.36107492538, 177771, 0, 378306, 27021.850858415877, 45294.780295980396, 177771, 162, 366620, 28201.543367826023, 58818.95315569082, 218911, 0, 0, 0, 0, 0, 120, 112, 39.65045092737895, 37.00708753222035, 21, 1250, 581.7241379310345, 581.4397706526031, 338072.2068965517, 0, 0, 0, 0, 0, 0, 0, 0, 1, 589.7241379310345, 562.6, 602.2142857142857, 120, 0, 38, 1487, 0, 43, 1592, 15, 8439, 14, 8431, 0, 0, 227, 8, 0.0, 0.0, 0, 0, 0.0, 0.0, 0, 0]]
INFO:root:BENIGN
INFO:root:[[443, 222650, 1, 1, 1, 0, 1, 1, 1.0, 0.0, 0, 0, 0.0, 0.0, 4.491353112130057, 8.982706224260115, 222650.05111694336, 0.0, 222650, 222650, 0, 0.0, 0.0, 0, 0, 0, 0.0, 0.0, 0, 0, 0, 0, 0, 0, 20, 32, 4.491353112130057, 4.491353112130057, 0, 1, 0.5, 0.7071067811865476, 0.5, 0, 0, 0, 0, 1, 0, 0, 0, 1, 26.5, 1.0, 0.0, 20, 1, 1, 4, 0, 0, 0, 1, 1, 1, 0, 512, 251, 2, 20, 0.0, 0.0, 0, 0, 0.0, 0.0, 0, 0]]
INFO:root:BENIGN
INFO:root:[[1900, 204726, 2, 0, 252, 126, 126, 126, 126.0, 0.0, 0, 126, 0.0, 0.0, 1230.913629360311, 9.769155788573897, 204725.980758667, 0.0, 204726, 204726, 204726, 204725.980758667, 0.0, 204726, 204726, 0, 0.0, 0.0, 0, 0, 0, 0, 0, 0, 16, 0, 9.769155788573897, 0.0, 126, 126, 126.0, 0.0, 0.0, 0, 0, 0, 0, 0, 0, 0, 0, 0, 134.0, 126.0, 0.0, 16, 0, 63, 615, 0, 0, 0, 2, 252, 0, 126, 0, -1, 3, 8, 0.0, 0.0, 0, 0, 0.0, 0.0, 0, 0]]
INFO:root:BENIGN
INFO:root:[[1900, 205344, 2, 0, 252, 126, 126, 126, 126.0, 0.0, 0, 126, 0.0, 0.0, 1227.2092049577661, 9.739755594902906, 205343.96171569824, 0.0, 205344, 205344, 205344, 205343.96171569824, 0.0, 205344, 205344, 0, 0.0, 0.0, 0, 0, 0, 0, 0, 0, 16, 0, 9.739755594902906, 0.0, 126, 126, 126.0, 0.0, 0.0, 0, 0, 0, 0, 0, 0, 0, 0, 0, 134.0, 126.0, 0.0, 16, 0, 63, 614, 0, 0, 0, 2, 252, 0, 126, 0, -1, 3, 8, 0.0, 0.0, 0, 0, 0.0, 0.0, 0, 0]]
INFO:root:BENIGN
INFO:root:[[1900, 206767, 2, 0, 264, 132, 132, 132, 132.0, 0.0, 0, 132, 0.0, 0.0, 1276.8004538520345, 9.672730711000261, 206766.84379577637, 0.0, 206767, 206767, 206767, 206766.84379577637, 0.0, 206767, 206767, 0, 0.0, 0.0, 0, 0, 0, 0, 0, 0, 16, 0, 9.672730711000261, 0.0, 132, 132, 132.0, 0.0, 0.0, 0, 0, 0, 0, 0, 0, 0, 0, 0, 140.0, 132.0, 0.0, 16, 0, 66, 638, 0, 0, 0, 2, 264, 0, 132, 0, -1, 3, 8, 0.0, 0.0, 0, 0, 0.0, 0.0, 0, 0]]
INFO:root:BENIGN
INFO:root:[[1900, 1535349, 3, 0, 379, 126, 127, 126, 126.33333333333333, 0.5773502691896257, 0, 126, 0.0, 0.0, 246.84943072059033, 1.9539532774716912, 767674.446105957, 796129.3546112579, 1330623, 204726, 1535349, 767674.446105957, 796129.3546112579, 1330623, 204726, 0, 0.0, 0.0, 0, 0, 0, 0, 0, 0, 24, 0, 1.9539532774716912, 0.0, 126, 127, 126.33333333333333, 0.5773502691896257, 0.3333333333333333, 0, 0, 0, 0, 0, 0, 0, 0, 0, 134.33333333333334, 126.33333333333333, 0.0, 24, 0, 42, 82, 0, 0, 0, 3, 379, 0, 126, 0, -1, 6, 8, 0.0, 0.0, 0, 0, 0.0, 0.0, 0, 0]]
INFO:root:BENIGN
INFO:root:[[1900, 1843197, 4, 0, 506, 126, 127, 126, 126.5, 0.5773502691896257, 0, 126, 0.0, 0.0, 274.52303578561333, 2.1701425753803423, 614398.9562988281, 622407.5047456569, 1330623, 204726, 1843197, 614398.9562988281, 622407.5047456569, 1330623, 204726, 0, 0.0, 0.0, 0, 0, 0, 0, 0, 0, 32, 0, 2.1701425753803423, 0.0, 126, 127, 126.5, 0.5773502691896257, 0.3333333333333333, 0, 0, 0, 0, 0, 0, 0, 0, 0, 134.5, 126.5, 0.0, 32, 0, 32, 69, 0, 0, 0, 4, 506, 0, 126, 0, -1, 10, 8, 0.0, 0.0, 0, 0, 0.0, 0.0, 0, 0]]
INFO:root:BENIGN
INFO:root:[[1900, 1537644, 3, 0, 379, 126, 127, 126, 126.33333333333333, 0.5773502691896257, 0, 126, 0.0, 0.0, 246.48099450703995, 1.9510368958340891, 768821.9547271729, 796878.2198155995, 1332300, 205344, 1537644, 768821.9547271729, 796878.2198155995, 1332300, 205344, 0, 0.0, 0.0, 0, 0, 0, 0, 0, 0, 24, 0, 1.9510368958340891, 0.0, 126, 127, 126.33333333333333, 0.5773502691896257, 0.3333333333333333, 0, 0, 0, 0, 0, 0, 0, 0, 0, 134.33333333333334, 126.33333333333333, 0.0, 24, 0, 42, 82, 0, 0, 0, 3, 379, 0, 126, 0, -1, 6, 8, 0.0, 0.0, 0, 0, 0.0, 0.0, 0, 0]]
INFO:root:BENIGN
INFO:root:[[1900, 1844426, 4, 0, 506, 126, 127, 126, 126.5, 0.5773502691896257, 0, 126, 0.0, 0.0, 274.34010519277, 2.1686964837373126, 614808.6388905843, 623432.2360715572, 1332300, 205344, 1844426, 614808.6388905843, 623432.2360715572, 1332300, 205344, 0, 0.0, 0.0, 0, 0, 0, 0, 0, 0, 32, 0, 2.1686964837373126, 0.0, 126, 127, 126.5, 0.5773502691896257, 0.3333333333333333, 0, 0, 0, 0, 0, 0, 0, 0, 0, 134.5, 126.5, 0.0, 32, 0, 32, 69, 0, 0, 0, 4, 506, 0, 126, 0, -1, 10, 8, 0.0, 0.0, 0, 0, 0.0, 0.0, 0, 0]]
INFO:root:BENIGN
INFO:root:[[1900, 1537428, 3, 0, 397, 132, 133, 132, 132.33333333333334, 0.5773502691896257, 0, 132, 0.0, 0.0, 258.2234909528506, 1.9513110147570576, 768713.9511108398, 794713.2205012918, 1330661, 206767, 1537428, 768713.9511108398, 794713.2205012918, 1330661, 206767, 0, 0.0, 0.0, 0, 0, 0, 0, 0, 0, 24, 0, 1.9513110147570576, 0.0, 132, 133, 132.33333333333334, 0.5773502691896257, 0.3333333333333333, 0, 0, 0, 0, 0, 0, 0, 0, 0, 140.33333333333334, 132.33333333333334, 0.0, 24, 0, 44, 86, 0, 0, 0, 3, 397, 0, 132, 0, -1, 6, 8, 0.0, 0.0, 0, 0, 0.0, 0.0, 0, 0]]
INFO:root:BENIGN
INFO:root:[[1900, 1844654, 4, 0, 530, 132, 133, 132, 132.5, 0.5773502691896257, 0, 132, 0.0, 0.0, 287.3167784213056, 2.168428516387212, 614884.614944458, 621912.329364788, 1330661, 206767, 1844654, 614884.614944458, 621912.329364788, 1330661, 206767, 0, 0.0, 0.0, 0, 0, 0, 0, 0, 0, 32, 0, 2.168428516387212, 0.0, 132, 133, 132.5, 0.5773502691896257, 0.3333333333333333, 0, 0, 0, 0, 0, 0, 0, 0, 0, 140.5, 132.5, 0.0, 32, 0, 33, 72, 0, 0, 0, 4, 530, 0, 132, 0, -1, 10, 8, 0.0, 0.0, 0, 0, 0.0, 0.0, 0, 0]]
INFO:root:BENIGN
INFO:root:[32mBENIGN 
[0mpass udp any any -> 192.168.100.1 53 (msg: "Benign; id:1027)
Protocol.UDP 192.168.100.4 64569 -> 192.168.100.1 53

